{"level":"info","message":"âŒ› Validating Clases/testeoClase1.wtest","timeElapsed":101,"timestamp":"2024-09-16T16:40:06.613Z"}
{"level":"error","message":"âœ˜ Completions for node failed: Error: [Send]{f64f8b} at Clases/testeoClase1.wtest:24 exhausted all cases without a match [Send]{f64f8b} at Clases/testeoClase1.wtest:24 exhausted all cases without a match","stack":"Error: [Send]{f64f8b} at Clases/testeoClase1.wtest:24 exhausted all cases without a match\n    at c:\\Users\\Jose\\.vscode\\extensions\\uqbar.wollok-lsp-ide-0.3.4\\node_modules\\wollok-ts\\dist\\extensions.js:85:11\n    at completionsForNode (c:\\Users\\Jose\\.vscode\\extensions\\uqbar.wollok-lsp-ide-0.3.4\\server\\out\\functionalities\\autocomplete\\node-completion.js:10:44)\n    at completeForParent (c:\\Users\\Jose\\.vscode\\extensions\\uqbar.wollok-lsp-ide-0.3.4\\server\\out\\functionalities\\autocomplete\\node-completion.js:56:43)\n    at completeReference (c:\\Users\\Jose\\.vscode\\extensions\\uqbar.wollok-lsp-ide-0.3.4\\server\\out\\functionalities\\autocomplete\\node-completion.js:64:135)\n    at c:\\Users\\Jose\\.vscode\\extensions\\uqbar.wollok-lsp-ide-0.3.4\\node_modules\\wollok-ts\\dist\\extensions.js:84:20\n    at completionsForNode (c:\\Users\\Jose\\.vscode\\extensions\\uqbar.wollok-lsp-ide-0.3.4\\server\\out\\functionalities\\autocomplete\\node-completion.js:10:44)\n    at c:\\Users\\Jose\\.vscode\\extensions\\uqbar.wollok-lsp-ide-0.3.4\\server\\out\\functionalities\\autocomplete\\autocomplete.js:26:154\n    at c:\\Users\\Jose\\.vscode\\extensions\\uqbar.wollok-lsp-ide-0.3.4\\server\\out\\server.js:198:20\n    at c:\\Users\\Jose\\.vscode\\extensions\\uqbar.wollok-lsp-ide-0.3.4\\server\\node_modules\\vscode-languageserver\\lib\\common\\server.js:593:20\n    at handleRequest (c:\\Users\\Jose\\.vscode\\extensions\\uqbar.wollok-lsp-ide-0.3.4\\server\\node_modules\\vscode-jsonrpc\\lib\\common\\connection.js:493:41)","timestamp":"2024-09-16T16:40:06.706Z"}
{"level":"error","message":"âœ˜ Completions for node failed: Error: [Send]{afdff8} at Clases/testeoClase1.wtest:24 exhausted all cases without a match [Send]{afdff8} at Clases/testeoClase1.wtest:24 exhausted all cases without a match","stack":"Error: [Send]{afdff8} at Clases/testeoClase1.wtest:24 exhausted all cases without a match\n    at c:\\Users\\Jose\\.vscode\\extensions\\uqbar.wollok-lsp-ide-0.3.4\\node_modules\\wollok-ts\\dist\\extensions.js:85:11\n    at completionsForNode (c:\\Users\\Jose\\.vscode\\extensions\\uqbar.wollok-lsp-ide-0.3.4\\server\\out\\functionalities\\autocomplete\\node-completion.js:10:44)\n    at completeForParent (c:\\Users\\Jose\\.vscode\\extensions\\uqbar.wollok-lsp-ide-0.3.4\\server\\out\\functionalities\\autocomplete\\node-completion.js:56:43)\n    at completeReference (c:\\Users\\Jose\\.vscode\\extensions\\uqbar.wollok-lsp-ide-0.3.4\\server\\out\\functionalities\\autocomplete\\node-completion.js:64:135)\n    at c:\\Users\\Jose\\.vscode\\extensions\\uqbar.wollok-lsp-ide-0.3.4\\node_modules\\wollok-ts\\dist\\extensions.js:84:20\n    at completionsForNode (c:\\Users\\Jose\\.vscode\\extensions\\uqbar.wollok-lsp-ide-0.3.4\\server\\out\\functionalities\\autocomplete\\node-completion.js:10:44)\n    at c:\\Users\\Jose\\.vscode\\extensions\\uqbar.wollok-lsp-ide-0.3.4\\server\\out\\functionalities\\autocomplete\\autocomplete.js:26:154\n    at c:\\Users\\Jose\\.vscode\\extensions\\uqbar.wollok-lsp-ide-0.3.4\\server\\out\\server.js:198:20\n    at c:\\Users\\Jose\\.vscode\\extensions\\uqbar.wollok-lsp-ide-0.3.4\\server\\node_modules\\vscode-languageserver\\lib\\common\\server.js:593:20\n    at handleRequest (c:\\Users\\Jose\\.vscode\\extensions\\uqbar.wollok-lsp-ide-0.3.4\\server\\node_modules\\vscode-jsonrpc\\lib\\common\\connection.js:493:41)","timestamp":"2024-09-16T16:40:07.171Z"}
{"level":"error","message":"âœ˜ Completions for node failed: Error: [Send]{17e590} at Clases/testeoClase1.wtest:24 exhausted all cases without a match [Send]{17e590} at Clases/testeoClase1.wtest:24 exhausted all cases without a match","stack":"Error: [Send]{17e590} at Clases/testeoClase1.wtest:24 exhausted all cases without a match\n    at c:\\Users\\Jose\\.vscode\\extensions\\uqbar.wollok-lsp-ide-0.3.4\\node_modules\\wollok-ts\\dist\\extensions.js:85:11\n    at completionsForNode (c:\\Users\\Jose\\.vscode\\extensions\\uqbar.wollok-lsp-ide-0.3.4\\server\\out\\functionalities\\autocomplete\\node-completion.js:10:44)\n    at completeForParent (c:\\Users\\Jose\\.vscode\\extensions\\uqbar.wollok-lsp-ide-0.3.4\\server\\out\\functionalities\\autocomplete\\node-completion.js:56:43)\n    at completeReference (c:\\Users\\Jose\\.vscode\\extensions\\uqbar.wollok-lsp-ide-0.3.4\\server\\out\\functionalities\\autocomplete\\node-completion.js:64:135)\n    at c:\\Users\\Jose\\.vscode\\extensions\\uqbar.wollok-lsp-ide-0.3.4\\node_modules\\wollok-ts\\dist\\extensions.js:84:20\n    at completionsForNode (c:\\Users\\Jose\\.vscode\\extensions\\uqbar.wollok-lsp-ide-0.3.4\\server\\out\\functionalities\\autocomplete\\node-completion.js:10:44)\n    at c:\\Users\\Jose\\.vscode\\extensions\\uqbar.wollok-lsp-ide-0.3.4\\server\\out\\functionalities\\autocomplete\\autocomplete.js:26:154\n    at c:\\Users\\Jose\\.vscode\\extensions\\uqbar.wollok-lsp-ide-0.3.4\\server\\out\\server.js:198:20\n    at c:\\Users\\Jose\\.vscode\\extensions\\uqbar.wollok-lsp-ide-0.3.4\\server\\node_modules\\vscode-languageserver\\lib\\common\\server.js:593:20\n    at handleRequest (c:\\Users\\Jose\\.vscode\\extensions\\uqbar.wollok-lsp-ide-0.3.4\\server\\node_modules\\vscode-jsonrpc\\lib\\common\\connection.js:493:41)","timestamp":"2024-09-16T16:40:07.385Z"}
{"level":"error","message":"âœ˜ Completions for node failed: Error: [Send]{d1f0b9} at Clases/testeoClase1.wtest:24 exhausted all cases without a match [Send]{d1f0b9} at Clases/testeoClase1.wtest:24 exhausted all cases without a match","stack":"Error: [Send]{d1f0b9} at Clases/testeoClase1.wtest:24 exhausted all cases without a match\n    at c:\\Users\\Jose\\.vscode\\extensions\\uqbar.wollok-lsp-ide-0.3.4\\node_modules\\wollok-ts\\dist\\extensions.js:85:11\n    at completionsForNode (c:\\Users\\Jose\\.vscode\\extensions\\uqbar.wollok-lsp-ide-0.3.4\\server\\out\\functionalities\\autocomplete\\node-completion.js:10:44)\n    at completeForParent (c:\\Users\\Jose\\.vscode\\extensions\\uqbar.wollok-lsp-ide-0.3.4\\server\\out\\functionalities\\autocomplete\\node-completion.js:56:43)\n    at completeReference (c:\\Users\\Jose\\.vscode\\extensions\\uqbar.wollok-lsp-ide-0.3.4\\server\\out\\functionalities\\autocomplete\\node-completion.js:64:135)\n    at c:\\Users\\Jose\\.vscode\\extensions\\uqbar.wollok-lsp-ide-0.3.4\\node_modules\\wollok-ts\\dist\\extensions.js:84:20\n    at completionsForNode (c:\\Users\\Jose\\.vscode\\extensions\\uqbar.wollok-lsp-ide-0.3.4\\server\\out\\functionalities\\autocomplete\\node-completion.js:10:44)\n    at c:\\Users\\Jose\\.vscode\\extensions\\uqbar.wollok-lsp-ide-0.3.4\\server\\out\\functionalities\\autocomplete\\autocomplete.js:26:154\n    at c:\\Users\\Jose\\.vscode\\extensions\\uqbar.wollok-lsp-ide-0.3.4\\server\\out\\server.js:198:20\n    at c:\\Users\\Jose\\.vscode\\extensions\\uqbar.wollok-lsp-ide-0.3.4\\server\\node_modules\\vscode-languageserver\\lib\\common\\server.js:593:20\n    at handleRequest (c:\\Users\\Jose\\.vscode\\extensions\\uqbar.wollok-lsp-ide-0.3.4\\server\\node_modules\\vscode-jsonrpc\\lib\\common\\connection.js:493:41)","timestamp":"2024-09-16T16:40:07.596Z"}
{"level":"info","message":"âŒ› Validating Clases/testeoClase1.wtest","timeElapsed":103,"timestamp":"2024-09-16T16:40:07.702Z"}
{"level":"info","message":"âŒ› Building environment","timeElapsed":117,"timestamp":"2024-09-16T16:40:08.587Z"}
{"level":"info","message":"âŒ› Building environment","timeElapsed":121,"timestamp":"2024-09-16T16:40:12.838Z"}
{"level":"error","message":"âœ˜ Completions for node failed: Error: [Send]{b18852} at Clases/testeoClase1.wtest:24 exhausted all cases without a match [Send]{b18852} at Clases/testeoClase1.wtest:24 exhausted all cases without a match","stack":"Error: [Send]{b18852} at Clases/testeoClase1.wtest:24 exhausted all cases without a match\n    at c:\\Users\\Jose\\.vscode\\extensions\\uqbar.wollok-lsp-ide-0.3.4\\node_modules\\wollok-ts\\dist\\extensions.js:85:11\n    at completionsForNode (c:\\Users\\Jose\\.vscode\\extensions\\uqbar.wollok-lsp-ide-0.3.4\\server\\out\\functionalities\\autocomplete\\node-completion.js:10:44)\n    at completeForParent (c:\\Users\\Jose\\.vscode\\extensions\\uqbar.wollok-lsp-ide-0.3.4\\server\\out\\functionalities\\autocomplete\\node-completion.js:56:43)\n    at completeReference (c:\\Users\\Jose\\.vscode\\extensions\\uqbar.wollok-lsp-ide-0.3.4\\server\\out\\functionalities\\autocomplete\\node-completion.js:64:135)\n    at c:\\Users\\Jose\\.vscode\\extensions\\uqbar.wollok-lsp-ide-0.3.4\\node_modules\\wollok-ts\\dist\\extensions.js:84:20\n    at completionsForNode (c:\\Users\\Jose\\.vscode\\extensions\\uqbar.wollok-lsp-ide-0.3.4\\server\\out\\functionalities\\autocomplete\\node-completion.js:10:44)\n    at c:\\Users\\Jose\\.vscode\\extensions\\uqbar.wollok-lsp-ide-0.3.4\\server\\out\\functionalities\\autocomplete\\autocomplete.js:26:154\n    at c:\\Users\\Jose\\.vscode\\extensions\\uqbar.wollok-lsp-ide-0.3.4\\server\\out\\server.js:198:20\n    at c:\\Users\\Jose\\.vscode\\extensions\\uqbar.wollok-lsp-ide-0.3.4\\server\\node_modules\\vscode-languageserver\\lib\\common\\server.js:593:20\n    at handleRequest (c:\\Users\\Jose\\.vscode\\extensions\\uqbar.wollok-lsp-ide-0.3.4\\server\\node_modules\\vscode-jsonrpc\\lib\\common\\connection.js:493:41)","timestamp":"2024-09-16T16:40:12.858Z"}
{"level":"error","message":"âœ˜ Completions for node failed: Error: [Send]{b48a10} at Clases/testeoClase1.wtest:24 exhausted all cases without a match [Send]{b48a10} at Clases/testeoClase1.wtest:24 exhausted all cases without a match","stack":"Error: [Send]{b48a10} at Clases/testeoClase1.wtest:24 exhausted all cases without a match\n    at c:\\Users\\Jose\\.vscode\\extensions\\uqbar.wollok-lsp-ide-0.3.4\\node_modules\\wollok-ts\\dist\\extensions.js:85:11\n    at completionsForNode (c:\\Users\\Jose\\.vscode\\extensions\\uqbar.wollok-lsp-ide-0.3.4\\server\\out\\functionalities\\autocomplete\\node-completion.js:10:44)\n    at completeForParent (c:\\Users\\Jose\\.vscode\\extensions\\uqbar.wollok-lsp-ide-0.3.4\\server\\out\\functionalities\\autocomplete\\node-completion.js:56:43)\n    at completionsForNode (c:\\Users\\Jose\\.vscode\\extensions\\uqbar.wollok-lsp-ide-0.3.4\\server\\out\\functionalities\\autocomplete\\node-completion.js:14:46)\n    at completeForParent (c:\\Users\\Jose\\.vscode\\extensions\\uqbar.wollok-lsp-ide-0.3.4\\server\\out\\functionalities\\autocomplete\\node-completion.js:56:43)\n    at completeReference (c:\\Users\\Jose\\.vscode\\extensions\\uqbar.wollok-lsp-ide-0.3.4\\server\\out\\functionalities\\autocomplete\\node-completion.js:64:135)\n    at c:\\Users\\Jose\\.vscode\\extensions\\uqbar.wollok-lsp-ide-0.3.4\\node_modules\\wollok-ts\\dist\\extensions.js:84:20\n    at completionsForNode (c:\\Users\\Jose\\.vscode\\extensions\\uqbar.wollok-lsp-ide-0.3.4\\server\\out\\functionalities\\autocomplete\\node-completion.js:10:44)\n    at c:\\Users\\Jose\\.vscode\\extensions\\uqbar.wollok-lsp-ide-0.3.4\\server\\out\\functionalities\\autocomplete\\autocomplete.js:26:154\n    at c:\\Users\\Jose\\.vscode\\extensions\\uqbar.wollok-lsp-ide-0.3.4\\server\\out\\server.js:198:20","timestamp":"2024-09-16T16:40:12.858Z"}
{"level":"info","message":"âŒ› Validating Clases/testeoClase1.wtest","timeElapsed":101,"timestamp":"2024-09-16T16:40:12.962Z"}
{"level":"info","message":"onRequest - completionItem/resolve","timestamp":"2024-09-16T16:40:12.962Z"}
{"level":"info","message":"âŒ› Validating Clases/testeoClase1.wtest","timeElapsed":102,"timestamp":"2024-09-16T16:40:13.186Z"}
{"level":"info","message":"âŒ› Validating Clases/testeoClase1.wtest","timeElapsed":107,"timestamp":"2024-09-16T16:40:13.378Z"}
{"level":"info","message":"âŒ› Building environment","timeElapsed":121,"timestamp":"2024-09-16T16:40:13.576Z"}
{"level":"info","message":"âŒ› Validating Clases/testeoClase1.wtest","timeElapsed":105,"timestamp":"2024-09-16T16:40:13.682Z"}
{"failures":[],"level":"info","message":"ðŸ§ª Test runner executed on e:\\UTN17\\Paradigmas\\OBJETOS\\Clases-Paradigmas-Objetos-","result":{"failed":0,"ok":1},"timeElapsed":352,"timestamp":"2024-09-16T16:40:19.381Z"}
{"level":"info","message":"âŒ› Validating Clases/testeoClase1.wtest","timeElapsed":124,"timestamp":"2024-09-16T16:40:51.470Z"}
{"level":"info","message":"âŒ› Validating Clases/testeoClase1.wtest","timeElapsed":105,"timestamp":"2024-09-16T16:40:51.679Z"}
{"level":"info","message":"âŒ› Validating Clases/testeoClase1.wtest","timeElapsed":104,"timestamp":"2024-09-16T16:40:52.064Z"}
{"level":"info","message":"onRequest - completionItem/resolve","timestamp":"2024-09-16T16:40:52.068Z"}
{"level":"info","message":"âŒ› Building environment","timeElapsed":112,"timestamp":"2024-09-16T16:40:52.198Z"}
{"level":"info","message":"âŒ› Validating Clases/testeoClase1.wtest","timeElapsed":120,"timestamp":"2024-09-16T16:40:52.318Z"}
{"level":"info","message":"âŒ› Validating Clases/testeoClase1.wtest","timeElapsed":101,"timestamp":"2024-09-16T16:40:52.760Z"}
{"level":"info","message":"âŒ› Building environment","timeElapsed":115,"timestamp":"2024-09-16T16:40:52.971Z"}
{"level":"error","message":"âœ˜ Failed to rebuild document Failed to parse Clases/testeoClase1.wtest: \n-- PARSING FAILED --------------------------------------------------\n\nGot the end of the input\n\nExpected one of the following: \n\nstring literal, whitespace\n","stack":"Error: Failed to parse Clases/testeoClase1.wtest: \n-- PARSING FAILED --------------------------------------------------\n\nGot the end of the input\n\nExpected one of the following: \n\nstring literal, whitespace\n\n    at c:\\Users\\Jose\\.vscode\\extensions\\uqbar.wollok-lsp-ide-0.3.4\\node_modules\\wollok-ts\\dist\\index.js:54:19\n    at Array.map (<anonymous>)\n    at buildEnvironment (c:\\Users\\Jose\\.vscode\\extensions\\uqbar.wollok-lsp-ide-0.3.4\\node_modules\\wollok-ts\\dist\\index.js:49:40)\n    at EnvironmentProvider.buildEnvironmentFrom (c:\\Users\\Jose\\.vscode\\extensions\\uqbar.wollok-lsp-ide-0.3.4\\server\\out\\utils\\vm\\environment.js:29:66)\n    at EnvironmentProvider.updateEnvironmentWith (c:\\Users\\Jose\\.vscode\\extensions\\uqbar.wollok-lsp-ide-0.3.4\\server\\out\\utils\\vm\\environment.js:19:37)\n    at rebuildTextDocument (c:\\Users\\Jose\\.vscode\\extensions\\uqbar.wollok-lsp-ide-0.3.4\\server\\out\\server.js:102:29)\n    at CallbackList.invoke (c:\\Users\\Jose\\.vscode\\extensions\\uqbar.wollok-lsp-ide-0.3.4\\server\\node_modules\\vscode-jsonrpc\\lib\\common\\events.js:55:39)\n    at Emitter.fire (c:\\Users\\Jose\\.vscode\\extensions\\uqbar.wollok-lsp-ide-0.3.4\\server\\node_modules\\vscode-jsonrpc\\lib\\common\\events.js:117:36)\n    at c:\\Users\\Jose\\.vscode\\extensions\\uqbar.wollok-lsp-ide-0.3.4\\server\\node_modules\\vscode-languageserver\\lib\\common\\textDocuments.js:138:42\n    at handleNotification (c:\\Users\\Jose\\.vscode\\extensions\\uqbar.wollok-lsp-ide-0.3.4\\server\\node_modules\\vscode-jsonrpc\\lib\\common\\connection.js:640:25)","timestamp":"2024-09-16T16:40:53.054Z"}
{"level":"error","message":"âœ˜ Failed to rebuild document Failed to parse Clases/testeoClase1.wtest: \n-- PARSING FAILED --------------------------------------------------\n\nGot the end of the input\n\nExpected one of the following: \n\nstring literal, whitespace\n","stack":"Error: Failed to parse Clases/testeoClase1.wtest: \n-- PARSING FAILED --------------------------------------------------\n\nGot the end of the input\n\nExpected one of the following: \n\nstring literal, whitespace\n\n    at c:\\Users\\Jose\\.vscode\\extensions\\uqbar.wollok-lsp-ide-0.3.4\\node_modules\\wollok-ts\\dist\\index.js:54:19\n    at Array.map (<anonymous>)\n    at buildEnvironment (c:\\Users\\Jose\\.vscode\\extensions\\uqbar.wollok-lsp-ide-0.3.4\\node_modules\\wollok-ts\\dist\\index.js:49:40)\n    at EnvironmentProvider.buildEnvironmentFrom (c:\\Users\\Jose\\.vscode\\extensions\\uqbar.wollok-lsp-ide-0.3.4\\server\\out\\utils\\vm\\environment.js:29:66)\n    at EnvironmentProvider.updateEnvironmentWith (c:\\Users\\Jose\\.vscode\\extensions\\uqbar.wollok-lsp-ide-0.3.4\\server\\out\\utils\\vm\\environment.js:19:37)\n    at rebuildTextDocument (c:\\Users\\Jose\\.vscode\\extensions\\uqbar.wollok-lsp-ide-0.3.4\\server\\out\\server.js:102:29)\n    at CallbackList.invoke (c:\\Users\\Jose\\.vscode\\extensions\\uqbar.wollok-lsp-ide-0.3.4\\server\\node_modules\\vscode-jsonrpc\\lib\\common\\events.js:55:39)\n    at Emitter.fire (c:\\Users\\Jose\\.vscode\\extensions\\uqbar.wollok-lsp-ide-0.3.4\\server\\node_modules\\vscode-jsonrpc\\lib\\common\\events.js:117:36)\n    at c:\\Users\\Jose\\.vscode\\extensions\\uqbar.wollok-lsp-ide-0.3.4\\server\\node_modules\\vscode-languageserver\\lib\\common\\textDocuments.js:138:42\n    at handleNotification (c:\\Users\\Jose\\.vscode\\extensions\\uqbar.wollok-lsp-ide-0.3.4\\server\\node_modules\\vscode-jsonrpc\\lib\\common\\connection.js:640:25)","timestamp":"2024-09-16T16:40:53.845Z"}
{"level":"error","message":"âœ˜ Failed to rebuild document Failed to parse Clases/testeoClase1.wtest: \n-- PARSING FAILED --------------------------------------------------\n\nGot the end of the input\n\nExpected one of the following: \n\n'{', whitespace\n","stack":"Error: Failed to parse Clases/testeoClase1.wtest: \n-- PARSING FAILED --------------------------------------------------\n\nGot the end of the input\n\nExpected one of the following: \n\n'{', whitespace\n\n    at c:\\Users\\Jose\\.vscode\\extensions\\uqbar.wollok-lsp-ide-0.3.4\\node_modules\\wollok-ts\\dist\\index.js:54:19\n    at Array.map (<anonymous>)\n    at buildEnvironment (c:\\Users\\Jose\\.vscode\\extensions\\uqbar.wollok-lsp-ide-0.3.4\\node_modules\\wollok-ts\\dist\\index.js:49:40)\n    at EnvironmentProvider.buildEnvironmentFrom (c:\\Users\\Jose\\.vscode\\extensions\\uqbar.wollok-lsp-ide-0.3.4\\server\\out\\utils\\vm\\environment.js:29:66)\n    at EnvironmentProvider.updateEnvironmentWith (c:\\Users\\Jose\\.vscode\\extensions\\uqbar.wollok-lsp-ide-0.3.4\\server\\out\\utils\\vm\\environment.js:19:37)\n    at rebuildTextDocument (c:\\Users\\Jose\\.vscode\\extensions\\uqbar.wollok-lsp-ide-0.3.4\\server\\out\\server.js:102:29)\n    at CallbackList.invoke (c:\\Users\\Jose\\.vscode\\extensions\\uqbar.wollok-lsp-ide-0.3.4\\server\\node_modules\\vscode-jsonrpc\\lib\\common\\events.js:55:39)\n    at Emitter.fire (c:\\Users\\Jose\\.vscode\\extensions\\uqbar.wollok-lsp-ide-0.3.4\\server\\node_modules\\vscode-jsonrpc\\lib\\common\\events.js:117:36)\n    at c:\\Users\\Jose\\.vscode\\extensions\\uqbar.wollok-lsp-ide-0.3.4\\server\\node_modules\\vscode-languageserver\\lib\\common\\textDocuments.js:138:42\n    at handleNotification (c:\\Users\\Jose\\.vscode\\extensions\\uqbar.wollok-lsp-ide-0.3.4\\server\\node_modules\\vscode-jsonrpc\\lib\\common\\connection.js:640:25)","timestamp":"2024-09-16T16:40:54.098Z"}
{"level":"error","message":"âœ˜ Failed to rebuild document Failed to parse Clases/testeoClase1.wtest: \n-- PARSING FAILED --------------------------------------------------\n\nGot the end of the input\n\nExpected one of the following: \n\n'{', whitespace\n","stack":"Error: Failed to parse Clases/testeoClase1.wtest: \n-- PARSING FAILED --------------------------------------------------\n\nGot the end of the input\n\nExpected one of the following: \n\n'{', whitespace\n\n    at c:\\Users\\Jose\\.vscode\\extensions\\uqbar.wollok-lsp-ide-0.3.4\\node_modules\\wollok-ts\\dist\\index.js:54:19\n    at Array.map (<anonymous>)\n    at buildEnvironment (c:\\Users\\Jose\\.vscode\\extensions\\uqbar.wollok-lsp-ide-0.3.4\\node_modules\\wollok-ts\\dist\\index.js:49:40)\n    at EnvironmentProvider.buildEnvironmentFrom (c:\\Users\\Jose\\.vscode\\extensions\\uqbar.wollok-lsp-ide-0.3.4\\server\\out\\utils\\vm\\environment.js:29:66)\n    at EnvironmentProvider.updateEnvironmentWith (c:\\Users\\Jose\\.vscode\\extensions\\uqbar.wollok-lsp-ide-0.3.4\\server\\out\\utils\\vm\\environment.js:19:37)\n    at rebuildTextDocument (c:\\Users\\Jose\\.vscode\\extensions\\uqbar.wollok-lsp-ide-0.3.4\\server\\out\\server.js:102:29)\n    at CallbackList.invoke (c:\\Users\\Jose\\.vscode\\extensions\\uqbar.wollok-lsp-ide-0.3.4\\server\\node_modules\\vscode-jsonrpc\\lib\\common\\events.js:55:39)\n    at Emitter.fire (c:\\Users\\Jose\\.vscode\\extensions\\uqbar.wollok-lsp-ide-0.3.4\\server\\node_modules\\vscode-jsonrpc\\lib\\common\\events.js:117:36)\n    at c:\\Users\\Jose\\.vscode\\extensions\\uqbar.wollok-lsp-ide-0.3.4\\server\\node_modules\\vscode-languageserver\\lib\\common\\textDocuments.js:138:42\n    at handleNotification (c:\\Users\\Jose\\.vscode\\extensions\\uqbar.wollok-lsp-ide-0.3.4\\server\\node_modules\\vscode-jsonrpc\\lib\\common\\connection.js:640:25)","timestamp":"2024-09-16T16:40:54.669Z"}
{"level":"error","message":"âœ˜ Failed to rebuild document Failed to parse Clases/testeoClase1.wtest: \n-- PARSING FAILED --------------------------------------------------\n\nGot the end of the input\n\nExpected one of the following: \n\n'{', whitespace\n","stack":"Error: Failed to parse Clases/testeoClase1.wtest: \n-- PARSING FAILED --------------------------------------------------\n\nGot the end of the input\n\nExpected one of the following: \n\n'{', whitespace\n\n    at c:\\Users\\Jose\\.vscode\\extensions\\uqbar.wollok-lsp-ide-0.3.4\\node_modules\\wollok-ts\\dist\\index.js:54:19\n    at Array.map (<anonymous>)\n    at buildEnvironment (c:\\Users\\Jose\\.vscode\\extensions\\uqbar.wollok-lsp-ide-0.3.4\\node_modules\\wollok-ts\\dist\\index.js:49:40)\n    at EnvironmentProvider.buildEnvironmentFrom (c:\\Users\\Jose\\.vscode\\extensions\\uqbar.wollok-lsp-ide-0.3.4\\server\\out\\utils\\vm\\environment.js:29:66)\n    at EnvironmentProvider.updateEnvironmentWith (c:\\Users\\Jose\\.vscode\\extensions\\uqbar.wollok-lsp-ide-0.3.4\\server\\out\\utils\\vm\\environment.js:19:37)\n    at rebuildTextDocument (c:\\Users\\Jose\\.vscode\\extensions\\uqbar.wollok-lsp-ide-0.3.4\\server\\out\\server.js:102:29)\n    at CallbackList.invoke (c:\\Users\\Jose\\.vscode\\extensions\\uqbar.wollok-lsp-ide-0.3.4\\server\\node_modules\\vscode-jsonrpc\\lib\\common\\events.js:55:39)\n    at Emitter.fire (c:\\Users\\Jose\\.vscode\\extensions\\uqbar.wollok-lsp-ide-0.3.4\\server\\node_modules\\vscode-jsonrpc\\lib\\common\\events.js:117:36)\n    at c:\\Users\\Jose\\.vscode\\extensions\\uqbar.wollok-lsp-ide-0.3.4\\server\\node_modules\\vscode-languageserver\\lib\\common\\textDocuments.js:138:42\n    at handleNotification (c:\\Users\\Jose\\.vscode\\extensions\\uqbar.wollok-lsp-ide-0.3.4\\server\\node_modules\\vscode-jsonrpc\\lib\\common\\connection.js:640:25)","timestamp":"2024-09-16T16:40:54.765Z"}
{"level":"error","message":"âœ˜ Failed to rebuild document Failed to parse Clases/testeoClase1.wtest: \n-- PARSING FAILED --------------------------------------------------\n\nGot the end of the input\n\nExpected one of the following: \n\n'{', whitespace\n","stack":"Error: Failed to parse Clases/testeoClase1.wtest: \n-- PARSING FAILED --------------------------------------------------\n\nGot the end of the input\n\nExpected one of the following: \n\n'{', whitespace\n\n    at c:\\Users\\Jose\\.vscode\\extensions\\uqbar.wollok-lsp-ide-0.3.4\\node_modules\\wollok-ts\\dist\\index.js:54:19\n    at Array.map (<anonymous>)\n    at buildEnvironment (c:\\Users\\Jose\\.vscode\\extensions\\uqbar.wollok-lsp-ide-0.3.4\\node_modules\\wollok-ts\\dist\\index.js:49:40)\n    at EnvironmentProvider.buildEnvironmentFrom (c:\\Users\\Jose\\.vscode\\extensions\\uqbar.wollok-lsp-ide-0.3.4\\server\\out\\utils\\vm\\environment.js:29:66)\n    at EnvironmentProvider.updateEnvironmentWith (c:\\Users\\Jose\\.vscode\\extensions\\uqbar.wollok-lsp-ide-0.3.4\\server\\out\\utils\\vm\\environment.js:19:37)\n    at rebuildTextDocument (c:\\Users\\Jose\\.vscode\\extensions\\uqbar.wollok-lsp-ide-0.3.4\\server\\out\\server.js:102:29)\n    at CallbackList.invoke (c:\\Users\\Jose\\.vscode\\extensions\\uqbar.wollok-lsp-ide-0.3.4\\server\\node_modules\\vscode-jsonrpc\\lib\\common\\events.js:55:39)\n    at Emitter.fire (c:\\Users\\Jose\\.vscode\\extensions\\uqbar.wollok-lsp-ide-0.3.4\\server\\node_modules\\vscode-jsonrpc\\lib\\common\\events.js:117:36)\n    at c:\\Users\\Jose\\.vscode\\extensions\\uqbar.wollok-lsp-ide-0.3.4\\server\\node_modules\\vscode-languageserver\\lib\\common\\textDocuments.js:138:42\n    at handleNotification (c:\\Users\\Jose\\.vscode\\extensions\\uqbar.wollok-lsp-ide-0.3.4\\server\\node_modules\\vscode-jsonrpc\\lib\\common\\connection.js:640:25)","timestamp":"2024-09-16T16:40:54.942Z"}
{"level":"error","message":"âœ˜ Failed to rebuild document Failed to parse Clases/testeoClase1.wtest: \n-- PARSING FAILED --------------------------------------------------\n\nGot the end of the input\n\nExpected one of the following: \n\n'{', whitespace\n","stack":"Error: Failed to parse Clases/testeoClase1.wtest: \n-- PARSING FAILED --------------------------------------------------\n\nGot the end of the input\n\nExpected one of the following: \n\n'{', whitespace\n\n    at c:\\Users\\Jose\\.vscode\\extensions\\uqbar.wollok-lsp-ide-0.3.4\\node_modules\\wollok-ts\\dist\\index.js:54:19\n    at Array.map (<anonymous>)\n    at buildEnvironment (c:\\Users\\Jose\\.vscode\\extensions\\uqbar.wollok-lsp-ide-0.3.4\\node_modules\\wollok-ts\\dist\\index.js:49:40)\n    at EnvironmentProvider.buildEnvironmentFrom (c:\\Users\\Jose\\.vscode\\extensions\\uqbar.wollok-lsp-ide-0.3.4\\server\\out\\utils\\vm\\environment.js:29:66)\n    at EnvironmentProvider.updateEnvironmentWith (c:\\Users\\Jose\\.vscode\\extensions\\uqbar.wollok-lsp-ide-0.3.4\\server\\out\\utils\\vm\\environment.js:19:37)\n    at rebuildTextDocument (c:\\Users\\Jose\\.vscode\\extensions\\uqbar.wollok-lsp-ide-0.3.4\\server\\out\\server.js:102:29)\n    at CallbackList.invoke (c:\\Users\\Jose\\.vscode\\extensions\\uqbar.wollok-lsp-ide-0.3.4\\server\\node_modules\\vscode-jsonrpc\\lib\\common\\events.js:55:39)\n    at Emitter.fire (c:\\Users\\Jose\\.vscode\\extensions\\uqbar.wollok-lsp-ide-0.3.4\\server\\node_modules\\vscode-jsonrpc\\lib\\common\\events.js:117:36)\n    at c:\\Users\\Jose\\.vscode\\extensions\\uqbar.wollok-lsp-ide-0.3.4\\server\\node_modules\\vscode-languageserver\\lib\\common\\textDocuments.js:138:42\n    at handleNotification (c:\\Users\\Jose\\.vscode\\extensions\\uqbar.wollok-lsp-ide-0.3.4\\server\\node_modules\\vscode-jsonrpc\\lib\\common\\connection.js:640:25)","timestamp":"2024-09-16T16:40:55.064Z"}
{"level":"error","message":"âœ˜ Failed to rebuild document Failed to parse Clases/testeoClase1.wtest: \n-- PARSING FAILED --------------------------------------------------\n\nGot the end of the input\n\nExpected one of the following: \n\n'{', whitespace\n","stack":"Error: Failed to parse Clases/testeoClase1.wtest: \n-- PARSING FAILED --------------------------------------------------\n\nGot the end of the input\n\nExpected one of the following: \n\n'{', whitespace\n\n    at c:\\Users\\Jose\\.vscode\\extensions\\uqbar.wollok-lsp-ide-0.3.4\\node_modules\\wollok-ts\\dist\\index.js:54:19\n    at Array.map (<anonymous>)\n    at buildEnvironment (c:\\Users\\Jose\\.vscode\\extensions\\uqbar.wollok-lsp-ide-0.3.4\\node_modules\\wollok-ts\\dist\\index.js:49:40)\n    at EnvironmentProvider.buildEnvironmentFrom (c:\\Users\\Jose\\.vscode\\extensions\\uqbar.wollok-lsp-ide-0.3.4\\server\\out\\utils\\vm\\environment.js:29:66)\n    at EnvironmentProvider.updateEnvironmentWith (c:\\Users\\Jose\\.vscode\\extensions\\uqbar.wollok-lsp-ide-0.3.4\\server\\out\\utils\\vm\\environment.js:19:37)\n    at rebuildTextDocument (c:\\Users\\Jose\\.vscode\\extensions\\uqbar.wollok-lsp-ide-0.3.4\\server\\out\\server.js:102:29)\n    at CallbackList.invoke (c:\\Users\\Jose\\.vscode\\extensions\\uqbar.wollok-lsp-ide-0.3.4\\server\\node_modules\\vscode-jsonrpc\\lib\\common\\events.js:55:39)\n    at Emitter.fire (c:\\Users\\Jose\\.vscode\\extensions\\uqbar.wollok-lsp-ide-0.3.4\\server\\node_modules\\vscode-jsonrpc\\lib\\common\\events.js:117:36)\n    at c:\\Users\\Jose\\.vscode\\extensions\\uqbar.wollok-lsp-ide-0.3.4\\server\\node_modules\\vscode-languageserver\\lib\\common\\textDocuments.js:138:42\n    at handleNotification (c:\\Users\\Jose\\.vscode\\extensions\\uqbar.wollok-lsp-ide-0.3.4\\server\\node_modules\\vscode-jsonrpc\\lib\\common\\connection.js:640:25)","timestamp":"2024-09-16T16:40:55.304Z"}
{"level":"error","message":"âœ˜ Failed to rebuild document Failed to parse Clases/testeoClase1.wtest: \n-- PARSING FAILED --------------------------------------------------\n\nGot the end of the input\n\nExpected one of the following: \n\n'{', whitespace\n","stack":"Error: Failed to parse Clases/testeoClase1.wtest: \n-- PARSING FAILED --------------------------------------------------\n\nGot the end of the input\n\nExpected one of the following: \n\n'{', whitespace\n\n    at c:\\Users\\Jose\\.vscode\\extensions\\uqbar.wollok-lsp-ide-0.3.4\\node_modules\\wollok-ts\\dist\\index.js:54:19\n    at Array.map (<anonymous>)\n    at buildEnvironment (c:\\Users\\Jose\\.vscode\\extensions\\uqbar.wollok-lsp-ide-0.3.4\\node_modules\\wollok-ts\\dist\\index.js:49:40)\n    at EnvironmentProvider.buildEnvironmentFrom (c:\\Users\\Jose\\.vscode\\extensions\\uqbar.wollok-lsp-ide-0.3.4\\server\\out\\utils\\vm\\environment.js:29:66)\n    at EnvironmentProvider.updateEnvironmentWith (c:\\Users\\Jose\\.vscode\\extensions\\uqbar.wollok-lsp-ide-0.3.4\\server\\out\\utils\\vm\\environment.js:19:37)\n    at rebuildTextDocument (c:\\Users\\Jose\\.vscode\\extensions\\uqbar.wollok-lsp-ide-0.3.4\\server\\out\\server.js:102:29)\n    at CallbackList.invoke (c:\\Users\\Jose\\.vscode\\extensions\\uqbar.wollok-lsp-ide-0.3.4\\server\\node_modules\\vscode-jsonrpc\\lib\\common\\events.js:55:39)\n    at Emitter.fire (c:\\Users\\Jose\\.vscode\\extensions\\uqbar.wollok-lsp-ide-0.3.4\\server\\node_modules\\vscode-jsonrpc\\lib\\common\\events.js:117:36)\n    at c:\\Users\\Jose\\.vscode\\extensions\\uqbar.wollok-lsp-ide-0.3.4\\server\\node_modules\\vscode-languageserver\\lib\\common\\textDocuments.js:138:42\n    at handleNotification (c:\\Users\\Jose\\.vscode\\extensions\\uqbar.wollok-lsp-ide-0.3.4\\server\\node_modules\\vscode-jsonrpc\\lib\\common\\connection.js:640:25)","timestamp":"2024-09-16T16:40:55.438Z"}
{"level":"error","message":"âœ˜ Failed to rebuild document Failed to parse Clases/testeoClase1.wtest: \n-- PARSING FAILED --------------------------------------------------\n\nGot the end of the input\n\nExpected one of the following: \n\n'{', whitespace\n","stack":"Error: Failed to parse Clases/testeoClase1.wtest: \n-- PARSING FAILED --------------------------------------------------\n\nGot the end of the input\n\nExpected one of the following: \n\n'{', whitespace\n\n    at c:\\Users\\Jose\\.vscode\\extensions\\uqbar.wollok-lsp-ide-0.3.4\\node_modules\\wollok-ts\\dist\\index.js:54:19\n    at Array.map (<anonymous>)\n    at buildEnvironment (c:\\Users\\Jose\\.vscode\\extensions\\uqbar.wollok-lsp-ide-0.3.4\\node_modules\\wollok-ts\\dist\\index.js:49:40)\n    at EnvironmentProvider.buildEnvironmentFrom (c:\\Users\\Jose\\.vscode\\extensions\\uqbar.wollok-lsp-ide-0.3.4\\server\\out\\utils\\vm\\environment.js:29:66)\n    at EnvironmentProvider.updateEnvironmentWith (c:\\Users\\Jose\\.vscode\\extensions\\uqbar.wollok-lsp-ide-0.3.4\\server\\out\\utils\\vm\\environment.js:19:37)\n    at rebuildTextDocument (c:\\Users\\Jose\\.vscode\\extensions\\uqbar.wollok-lsp-ide-0.3.4\\server\\out\\server.js:102:29)\n    at CallbackList.invoke (c:\\Users\\Jose\\.vscode\\extensions\\uqbar.wollok-lsp-ide-0.3.4\\server\\node_modules\\vscode-jsonrpc\\lib\\common\\events.js:55:39)\n    at Emitter.fire (c:\\Users\\Jose\\.vscode\\extensions\\uqbar.wollok-lsp-ide-0.3.4\\server\\node_modules\\vscode-jsonrpc\\lib\\common\\events.js:117:36)\n    at c:\\Users\\Jose\\.vscode\\extensions\\uqbar.wollok-lsp-ide-0.3.4\\server\\node_modules\\vscode-languageserver\\lib\\common\\textDocuments.js:138:42\n    at handleNotification (c:\\Users\\Jose\\.vscode\\extensions\\uqbar.wollok-lsp-ide-0.3.4\\server\\node_modules\\vscode-jsonrpc\\lib\\common\\connection.js:640:25)","timestamp":"2024-09-16T16:40:55.934Z"}
{"level":"error","message":"âœ˜ Failed to rebuild document Failed to parse Clases/testeoClase1.wtest: \n-- PARSING FAILED --------------------------------------------------\n\nGot the end of the input\n\nExpected one of the following: \n\n'{', whitespace\n","stack":"Error: Failed to parse Clases/testeoClase1.wtest: \n-- PARSING FAILED --------------------------------------------------\n\nGot the end of the input\n\nExpected one of the following: \n\n'{', whitespace\n\n    at c:\\Users\\Jose\\.vscode\\extensions\\uqbar.wollok-lsp-ide-0.3.4\\node_modules\\wollok-ts\\dist\\index.js:54:19\n    at Array.map (<anonymous>)\n    at buildEnvironment (c:\\Users\\Jose\\.vscode\\extensions\\uqbar.wollok-lsp-ide-0.3.4\\node_modules\\wollok-ts\\dist\\index.js:49:40)\n    at EnvironmentProvider.buildEnvironmentFrom (c:\\Users\\Jose\\.vscode\\extensions\\uqbar.wollok-lsp-ide-0.3.4\\server\\out\\utils\\vm\\environment.js:29:66)\n    at EnvironmentProvider.updateEnvironmentWith (c:\\Users\\Jose\\.vscode\\extensions\\uqbar.wollok-lsp-ide-0.3.4\\server\\out\\utils\\vm\\environment.js:19:37)\n    at rebuildTextDocument (c:\\Users\\Jose\\.vscode\\extensions\\uqbar.wollok-lsp-ide-0.3.4\\server\\out\\server.js:102:29)\n    at CallbackList.invoke (c:\\Users\\Jose\\.vscode\\extensions\\uqbar.wollok-lsp-ide-0.3.4\\server\\node_modules\\vscode-jsonrpc\\lib\\common\\events.js:55:39)\n    at Emitter.fire (c:\\Users\\Jose\\.vscode\\extensions\\uqbar.wollok-lsp-ide-0.3.4\\server\\node_modules\\vscode-jsonrpc\\lib\\common\\events.js:117:36)\n    at c:\\Users\\Jose\\.vscode\\extensions\\uqbar.wollok-lsp-ide-0.3.4\\server\\node_modules\\vscode-languageserver\\lib\\common\\textDocuments.js:138:42\n    at handleNotification (c:\\Users\\Jose\\.vscode\\extensions\\uqbar.wollok-lsp-ide-0.3.4\\server\\node_modules\\vscode-jsonrpc\\lib\\common\\connection.js:640:25)","timestamp":"2024-09-16T16:40:56.201Z"}
{"level":"error","message":"âœ˜ Failed to rebuild document Failed to parse Clases/testeoClase1.wtest: \n-- PARSING FAILED --------------------------------------------------\n\nGot the end of the input\n\nExpected one of the following: \n\n'{', whitespace\n","stack":"Error: Failed to parse Clases/testeoClase1.wtest: \n-- PARSING FAILED --------------------------------------------------\n\nGot the end of the input\n\nExpected one of the following: \n\n'{', whitespace\n\n    at c:\\Users\\Jose\\.vscode\\extensions\\uqbar.wollok-lsp-ide-0.3.4\\node_modules\\wollok-ts\\dist\\index.js:54:19\n    at Array.map (<anonymous>)\n    at buildEnvironment (c:\\Users\\Jose\\.vscode\\extensions\\uqbar.wollok-lsp-ide-0.3.4\\node_modules\\wollok-ts\\dist\\index.js:49:40)\n    at EnvironmentProvider.buildEnvironmentFrom (c:\\Users\\Jose\\.vscode\\extensions\\uqbar.wollok-lsp-ide-0.3.4\\server\\out\\utils\\vm\\environment.js:29:66)\n    at EnvironmentProvider.updateEnvironmentWith (c:\\Users\\Jose\\.vscode\\extensions\\uqbar.wollok-lsp-ide-0.3.4\\server\\out\\utils\\vm\\environment.js:19:37)\n    at rebuildTextDocument (c:\\Users\\Jose\\.vscode\\extensions\\uqbar.wollok-lsp-ide-0.3.4\\server\\out\\server.js:102:29)\n    at CallbackList.invoke (c:\\Users\\Jose\\.vscode\\extensions\\uqbar.wollok-lsp-ide-0.3.4\\server\\node_modules\\vscode-jsonrpc\\lib\\common\\events.js:55:39)\n    at Emitter.fire (c:\\Users\\Jose\\.vscode\\extensions\\uqbar.wollok-lsp-ide-0.3.4\\server\\node_modules\\vscode-jsonrpc\\lib\\common\\events.js:117:36)\n    at c:\\Users\\Jose\\.vscode\\extensions\\uqbar.wollok-lsp-ide-0.3.4\\server\\node_modules\\vscode-languageserver\\lib\\common\\textDocuments.js:138:42\n    at handleNotification (c:\\Users\\Jose\\.vscode\\extensions\\uqbar.wollok-lsp-ide-0.3.4\\server\\node_modules\\vscode-jsonrpc\\lib\\common\\connection.js:640:25)","timestamp":"2024-09-16T16:40:56.427Z"}
{"level":"error","message":"âœ˜ Failed to rebuild document Failed to parse Clases/testeoClase1.wtest: \n-- PARSING FAILED --------------------------------------------------\n\nGot the end of the input\n\nExpected one of the following: \n\n'{', whitespace\n","stack":"Error: Failed to parse Clases/testeoClase1.wtest: \n-- PARSING FAILED --------------------------------------------------\n\nGot the end of the input\n\nExpected one of the following: \n\n'{', whitespace\n\n    at c:\\Users\\Jose\\.vscode\\extensions\\uqbar.wollok-lsp-ide-0.3.4\\node_modules\\wollok-ts\\dist\\index.js:54:19\n    at Array.map (<anonymous>)\n    at buildEnvironment (c:\\Users\\Jose\\.vscode\\extensions\\uqbar.wollok-lsp-ide-0.3.4\\node_modules\\wollok-ts\\dist\\index.js:49:40)\n    at EnvironmentProvider.buildEnvironmentFrom (c:\\Users\\Jose\\.vscode\\extensions\\uqbar.wollok-lsp-ide-0.3.4\\server\\out\\utils\\vm\\environment.js:29:66)\n    at EnvironmentProvider.updateEnvironmentWith (c:\\Users\\Jose\\.vscode\\extensions\\uqbar.wollok-lsp-ide-0.3.4\\server\\out\\utils\\vm\\environment.js:19:37)\n    at rebuildTextDocument (c:\\Users\\Jose\\.vscode\\extensions\\uqbar.wollok-lsp-ide-0.3.4\\server\\out\\server.js:102:29)\n    at CallbackList.invoke (c:\\Users\\Jose\\.vscode\\extensions\\uqbar.wollok-lsp-ide-0.3.4\\server\\node_modules\\vscode-jsonrpc\\lib\\common\\events.js:55:39)\n    at Emitter.fire (c:\\Users\\Jose\\.vscode\\extensions\\uqbar.wollok-lsp-ide-0.3.4\\server\\node_modules\\vscode-jsonrpc\\lib\\common\\events.js:117:36)\n    at c:\\Users\\Jose\\.vscode\\extensions\\uqbar.wollok-lsp-ide-0.3.4\\server\\node_modules\\vscode-languageserver\\lib\\common\\textDocuments.js:138:42\n    at handleNotification (c:\\Users\\Jose\\.vscode\\extensions\\uqbar.wollok-lsp-ide-0.3.4\\server\\node_modules\\vscode-jsonrpc\\lib\\common\\connection.js:640:25)","timestamp":"2024-09-16T16:40:56.527Z"}
{"level":"error","message":"âœ˜ Failed to rebuild document Failed to parse Clases/testeoClase1.wtest: \n-- PARSING FAILED --------------------------------------------------\n\nGot the end of the input\n\nExpected one of the following: \n\n'{', whitespace\n","stack":"Error: Failed to parse Clases/testeoClase1.wtest: \n-- PARSING FAILED --------------------------------------------------\n\nGot the end of the input\n\nExpected one of the following: \n\n'{', whitespace\n\n    at c:\\Users\\Jose\\.vscode\\extensions\\uqbar.wollok-lsp-ide-0.3.4\\node_modules\\wollok-ts\\dist\\index.js:54:19\n    at Array.map (<anonymous>)\n    at buildEnvironment (c:\\Users\\Jose\\.vscode\\extensions\\uqbar.wollok-lsp-ide-0.3.4\\node_modules\\wollok-ts\\dist\\index.js:49:40)\n    at EnvironmentProvider.buildEnvironmentFrom (c:\\Users\\Jose\\.vscode\\extensions\\uqbar.wollok-lsp-ide-0.3.4\\server\\out\\utils\\vm\\environment.js:29:66)\n    at EnvironmentProvider.updateEnvironmentWith (c:\\Users\\Jose\\.vscode\\extensions\\uqbar.wollok-lsp-ide-0.3.4\\server\\out\\utils\\vm\\environment.js:19:37)\n    at rebuildTextDocument (c:\\Users\\Jose\\.vscode\\extensions\\uqbar.wollok-lsp-ide-0.3.4\\server\\out\\server.js:102:29)\n    at CallbackList.invoke (c:\\Users\\Jose\\.vscode\\extensions\\uqbar.wollok-lsp-ide-0.3.4\\server\\node_modules\\vscode-jsonrpc\\lib\\common\\events.js:55:39)\n    at Emitter.fire (c:\\Users\\Jose\\.vscode\\extensions\\uqbar.wollok-lsp-ide-0.3.4\\server\\node_modules\\vscode-jsonrpc\\lib\\common\\events.js:117:36)\n    at c:\\Users\\Jose\\.vscode\\extensions\\uqbar.wollok-lsp-ide-0.3.4\\server\\node_modules\\vscode-languageserver\\lib\\common\\textDocuments.js:138:42\n    at handleNotification (c:\\Users\\Jose\\.vscode\\extensions\\uqbar.wollok-lsp-ide-0.3.4\\server\\node_modules\\vscode-jsonrpc\\lib\\common\\connection.js:640:25)","timestamp":"2024-09-16T16:40:56.649Z"}
{"level":"error","message":"âœ˜ Failed to rebuild document Failed to parse Clases/testeoClase1.wtest: \n-- PARSING FAILED --------------------------------------------------\n\nGot the end of the input\n\nExpected one of the following: \n\n'{', whitespace\n","stack":"Error: Failed to parse Clases/testeoClase1.wtest: \n-- PARSING FAILED --------------------------------------------------\n\nGot the end of the input\n\nExpected one of the following: \n\n'{', whitespace\n\n    at c:\\Users\\Jose\\.vscode\\extensions\\uqbar.wollok-lsp-ide-0.3.4\\node_modules\\wollok-ts\\dist\\index.js:54:19\n    at Array.map (<anonymous>)\n    at buildEnvironment (c:\\Users\\Jose\\.vscode\\extensions\\uqbar.wollok-lsp-ide-0.3.4\\node_modules\\wollok-ts\\dist\\index.js:49:40)\n    at EnvironmentProvider.buildEnvironmentFrom (c:\\Users\\Jose\\.vscode\\extensions\\uqbar.wollok-lsp-ide-0.3.4\\server\\out\\utils\\vm\\environment.js:29:66)\n    at EnvironmentProvider.updateEnvironmentWith (c:\\Users\\Jose\\.vscode\\extensions\\uqbar.wollok-lsp-ide-0.3.4\\server\\out\\utils\\vm\\environment.js:19:37)\n    at rebuildTextDocument (c:\\Users\\Jose\\.vscode\\extensions\\uqbar.wollok-lsp-ide-0.3.4\\server\\out\\server.js:102:29)\n    at CallbackList.invoke (c:\\Users\\Jose\\.vscode\\extensions\\uqbar.wollok-lsp-ide-0.3.4\\server\\node_modules\\vscode-jsonrpc\\lib\\common\\events.js:55:39)\n    at Emitter.fire (c:\\Users\\Jose\\.vscode\\extensions\\uqbar.wollok-lsp-ide-0.3.4\\server\\node_modules\\vscode-jsonrpc\\lib\\common\\events.js:117:36)\n    at c:\\Users\\Jose\\.vscode\\extensions\\uqbar.wollok-lsp-ide-0.3.4\\server\\node_modules\\vscode-languageserver\\lib\\common\\textDocuments.js:138:42\n    at handleNotification (c:\\Users\\Jose\\.vscode\\extensions\\uqbar.wollok-lsp-ide-0.3.4\\server\\node_modules\\vscode-jsonrpc\\lib\\common\\connection.js:640:25)","timestamp":"2024-09-16T16:40:56.740Z"}
{"level":"info","message":"âŒ› Validating Clases/testeoClase1.wtest","timeElapsed":106,"timestamp":"2024-09-16T16:40:58.146Z"}
{"level":"info","message":"âŒ› Validating Clases/testeoClase1.wtest","timeElapsed":104,"timestamp":"2024-09-16T16:40:58.377Z"}
{"level":"info","message":"onRequest - completionItem/resolve","timestamp":"2024-09-16T16:41:02.066Z"}
{"level":"error","message":"âœ˜ Failed to rebuild document Failed to parse Clases/testeoClase1.wtest: \n-- PARSING FAILED --------------------------------------------------\n\n  42 | describe \"testeo lucas\"{\n  43 |     test\n> 44 | }\n     | ^\n\nExpected one of the following: \n\nstring literal, whitespace\n","stack":"Error: Failed to parse Clases/testeoClase1.wtest: \n-- PARSING FAILED --------------------------------------------------\n\n  42 | describe \"testeo lucas\"{\n  43 |     test\n> 44 | }\n     | ^\n\nExpected one of the following: \n\nstring literal, whitespace\n\n    at c:\\Users\\Jose\\.vscode\\extensions\\uqbar.wollok-lsp-ide-0.3.4\\node_modules\\wollok-ts\\dist\\index.js:54:19\n    at Array.map (<anonymous>)\n    at buildEnvironment (c:\\Users\\Jose\\.vscode\\extensions\\uqbar.wollok-lsp-ide-0.3.4\\node_modules\\wollok-ts\\dist\\index.js:49:40)\n    at EnvironmentProvider.buildEnvironmentFrom (c:\\Users\\Jose\\.vscode\\extensions\\uqbar.wollok-lsp-ide-0.3.4\\server\\out\\utils\\vm\\environment.js:29:66)\n    at EnvironmentProvider.updateEnvironmentWith (c:\\Users\\Jose\\.vscode\\extensions\\uqbar.wollok-lsp-ide-0.3.4\\server\\out\\utils\\vm\\environment.js:19:37)\n    at rebuildTextDocument (c:\\Users\\Jose\\.vscode\\extensions\\uqbar.wollok-lsp-ide-0.3.4\\server\\out\\server.js:102:29)\n    at CallbackList.invoke (c:\\Users\\Jose\\.vscode\\extensions\\uqbar.wollok-lsp-ide-0.3.4\\server\\node_modules\\vscode-jsonrpc\\lib\\common\\events.js:55:39)\n    at Emitter.fire (c:\\Users\\Jose\\.vscode\\extensions\\uqbar.wollok-lsp-ide-0.3.4\\server\\node_modules\\vscode-jsonrpc\\lib\\common\\events.js:117:36)\n    at c:\\Users\\Jose\\.vscode\\extensions\\uqbar.wollok-lsp-ide-0.3.4\\server\\node_modules\\vscode-languageserver\\lib\\common\\textDocuments.js:138:42\n    at handleNotification (c:\\Users\\Jose\\.vscode\\extensions\\uqbar.wollok-lsp-ide-0.3.4\\server\\node_modules\\vscode-jsonrpc\\lib\\common\\connection.js:640:25)","timestamp":"2024-09-16T16:41:02.474Z"}
{"level":"error","message":"âœ˜ Failed to rebuild document Failed to parse Clases/testeoClase1.wtest: \n-- PARSING FAILED --------------------------------------------------\n\n  42 | describe \"testeo lucas\"{\n  43 |     test\n> 44 | }\n     | ^\n\nExpected one of the following: \n\nstring literal, whitespace\n","stack":"Error: Failed to parse Clases/testeoClase1.wtest: \n-- PARSING FAILED --------------------------------------------------\n\n  42 | describe \"testeo lucas\"{\n  43 |     test\n> 44 | }\n     | ^\n\nExpected one of the following: \n\nstring literal, whitespace\n\n    at c:\\Users\\Jose\\.vscode\\extensions\\uqbar.wollok-lsp-ide-0.3.4\\node_modules\\wollok-ts\\dist\\index.js:54:19\n    at Array.map (<anonymous>)\n    at buildEnvironment (c:\\Users\\Jose\\.vscode\\extensions\\uqbar.wollok-lsp-ide-0.3.4\\node_modules\\wollok-ts\\dist\\index.js:49:40)\n    at EnvironmentProvider.buildEnvironmentFrom (c:\\Users\\Jose\\.vscode\\extensions\\uqbar.wollok-lsp-ide-0.3.4\\server\\out\\utils\\vm\\environment.js:29:66)\n    at EnvironmentProvider.updateEnvironmentWith (c:\\Users\\Jose\\.vscode\\extensions\\uqbar.wollok-lsp-ide-0.3.4\\server\\out\\utils\\vm\\environment.js:19:37)\n    at rebuildTextDocument (c:\\Users\\Jose\\.vscode\\extensions\\uqbar.wollok-lsp-ide-0.3.4\\server\\out\\server.js:102:29)\n    at CallbackList.invoke (c:\\Users\\Jose\\.vscode\\extensions\\uqbar.wollok-lsp-ide-0.3.4\\server\\node_modules\\vscode-jsonrpc\\lib\\common\\events.js:55:39)\n    at Emitter.fire (c:\\Users\\Jose\\.vscode\\extensions\\uqbar.wollok-lsp-ide-0.3.4\\server\\node_modules\\vscode-jsonrpc\\lib\\common\\events.js:117:36)\n    at c:\\Users\\Jose\\.vscode\\extensions\\uqbar.wollok-lsp-ide-0.3.4\\server\\node_modules\\vscode-languageserver\\lib\\common\\textDocuments.js:138:42\n    at handleNotification (c:\\Users\\Jose\\.vscode\\extensions\\uqbar.wollok-lsp-ide-0.3.4\\server\\node_modules\\vscode-jsonrpc\\lib\\common\\connection.js:640:25)","timestamp":"2024-09-16T16:41:03.201Z"}
{"level":"error","message":"âœ˜ Failed to rebuild document Failed to parse Clases/testeoClase1.wtest: \n-- PARSING FAILED --------------------------------------------------\n\n  42 | describe \"testeo lucas\"{\n  43 |     test \n> 44 | }\n     | ^\n\nExpected one of the following: \n\nstring literal, whitespace\n","stack":"Error: Failed to parse Clases/testeoClase1.wtest: \n-- PARSING FAILED --------------------------------------------------\n\n  42 | describe \"testeo lucas\"{\n  43 |     test \n> 44 | }\n     | ^\n\nExpected one of the following: \n\nstring literal, whitespace\n\n    at c:\\Users\\Jose\\.vscode\\extensions\\uqbar.wollok-lsp-ide-0.3.4\\node_modules\\wollok-ts\\dist\\index.js:54:19\n    at Array.map (<anonymous>)\n    at buildEnvironment (c:\\Users\\Jose\\.vscode\\extensions\\uqbar.wollok-lsp-ide-0.3.4\\node_modules\\wollok-ts\\dist\\index.js:49:40)\n    at EnvironmentProvider.buildEnvironmentFrom (c:\\Users\\Jose\\.vscode\\extensions\\uqbar.wollok-lsp-ide-0.3.4\\server\\out\\utils\\vm\\environment.js:29:66)\n    at EnvironmentProvider.updateEnvironmentWith (c:\\Users\\Jose\\.vscode\\extensions\\uqbar.wollok-lsp-ide-0.3.4\\server\\out\\utils\\vm\\environment.js:19:37)\n    at rebuildTextDocument (c:\\Users\\Jose\\.vscode\\extensions\\uqbar.wollok-lsp-ide-0.3.4\\server\\out\\server.js:102:29)\n    at CallbackList.invoke (c:\\Users\\Jose\\.vscode\\extensions\\uqbar.wollok-lsp-ide-0.3.4\\server\\node_modules\\vscode-jsonrpc\\lib\\common\\events.js:55:39)\n    at Emitter.fire (c:\\Users\\Jose\\.vscode\\extensions\\uqbar.wollok-lsp-ide-0.3.4\\server\\node_modules\\vscode-jsonrpc\\lib\\common\\events.js:117:36)\n    at c:\\Users\\Jose\\.vscode\\extensions\\uqbar.wollok-lsp-ide-0.3.4\\server\\node_modules\\vscode-languageserver\\lib\\common\\textDocuments.js:138:42\n    at handleNotification (c:\\Users\\Jose\\.vscode\\extensions\\uqbar.wollok-lsp-ide-0.3.4\\server\\node_modules\\vscode-jsonrpc\\lib\\common\\connection.js:640:25)","timestamp":"2024-09-16T16:41:03.933Z"}
{"level":"error","message":"âœ˜ Failed to rebuild document Failed to parse Clases/testeoClase1.wtest: \n-- PARSING FAILED --------------------------------------------------\n\n  42 | describe \"testeo lucas\"{\n  43 |     test \"\"\n> 44 | }\n     | ^\n\nExpected one of the following: \n\n'@', '{', comment, whitespace\n","stack":"Error: Failed to parse Clases/testeoClase1.wtest: \n-- PARSING FAILED --------------------------------------------------\n\n  42 | describe \"testeo lucas\"{\n  43 |     test \"\"\n> 44 | }\n     | ^\n\nExpected one of the following: \n\n'@', '{', comment, whitespace\n\n    at c:\\Users\\Jose\\.vscode\\extensions\\uqbar.wollok-lsp-ide-0.3.4\\node_modules\\wollok-ts\\dist\\index.js:54:19\n    at Array.map (<anonymous>)\n    at buildEnvironment (c:\\Users\\Jose\\.vscode\\extensions\\uqbar.wollok-lsp-ide-0.3.4\\node_modules\\wollok-ts\\dist\\index.js:49:40)\n    at EnvironmentProvider.buildEnvironmentFrom (c:\\Users\\Jose\\.vscode\\extensions\\uqbar.wollok-lsp-ide-0.3.4\\server\\out\\utils\\vm\\environment.js:29:66)\n    at EnvironmentProvider.updateEnvironmentWith (c:\\Users\\Jose\\.vscode\\extensions\\uqbar.wollok-lsp-ide-0.3.4\\server\\out\\utils\\vm\\environment.js:19:37)\n    at rebuildTextDocument (c:\\Users\\Jose\\.vscode\\extensions\\uqbar.wollok-lsp-ide-0.3.4\\server\\out\\server.js:102:29)\n    at CallbackList.invoke (c:\\Users\\Jose\\.vscode\\extensions\\uqbar.wollok-lsp-ide-0.3.4\\server\\node_modules\\vscode-jsonrpc\\lib\\common\\events.js:55:39)\n    at Emitter.fire (c:\\Users\\Jose\\.vscode\\extensions\\uqbar.wollok-lsp-ide-0.3.4\\server\\node_modules\\vscode-jsonrpc\\lib\\common\\events.js:117:36)\n    at c:\\Users\\Jose\\.vscode\\extensions\\uqbar.wollok-lsp-ide-0.3.4\\server\\node_modules\\vscode-languageserver\\lib\\common\\textDocuments.js:138:42\n    at handleNotification (c:\\Users\\Jose\\.vscode\\extensions\\uqbar.wollok-lsp-ide-0.3.4\\server\\node_modules\\vscode-jsonrpc\\lib\\common\\connection.js:640:25)","timestamp":"2024-09-16T16:41:04.283Z"}
{"level":"error","message":"âœ˜ Failed to rebuild document Failed to parse Clases/testeoClase1.wtest: \n-- PARSING FAILED --------------------------------------------------\n\n  42 | describe \"testeo lucas\"{\n  43 |     test \"l\"\n> 44 | }\n     | ^\n\nExpected one of the following: \n\n'@', '{', comment, whitespace\n","stack":"Error: Failed to parse Clases/testeoClase1.wtest: \n-- PARSING FAILED --------------------------------------------------\n\n  42 | describe \"testeo lucas\"{\n  43 |     test \"l\"\n> 44 | }\n     | ^\n\nExpected one of the following: \n\n'@', '{', comment, whitespace\n\n    at c:\\Users\\Jose\\.vscode\\extensions\\uqbar.wollok-lsp-ide-0.3.4\\node_modules\\wollok-ts\\dist\\index.js:54:19\n    at Array.map (<anonymous>)\n    at buildEnvironment (c:\\Users\\Jose\\.vscode\\extensions\\uqbar.wollok-lsp-ide-0.3.4\\node_modules\\wollok-ts\\dist\\index.js:49:40)\n    at EnvironmentProvider.buildEnvironmentFrom (c:\\Users\\Jose\\.vscode\\extensions\\uqbar.wollok-lsp-ide-0.3.4\\server\\out\\utils\\vm\\environment.js:29:66)\n    at EnvironmentProvider.updateEnvironmentWith (c:\\Users\\Jose\\.vscode\\extensions\\uqbar.wollok-lsp-ide-0.3.4\\server\\out\\utils\\vm\\environment.js:19:37)\n    at rebuildTextDocument (c:\\Users\\Jose\\.vscode\\extensions\\uqbar.wollok-lsp-ide-0.3.4\\server\\out\\server.js:102:29)\n    at CallbackList.invoke (c:\\Users\\Jose\\.vscode\\extensions\\uqbar.wollok-lsp-ide-0.3.4\\server\\node_modules\\vscode-jsonrpc\\lib\\common\\events.js:55:39)\n    at Emitter.fire (c:\\Users\\Jose\\.vscode\\extensions\\uqbar.wollok-lsp-ide-0.3.4\\server\\node_modules\\vscode-jsonrpc\\lib\\common\\events.js:117:36)\n    at c:\\Users\\Jose\\.vscode\\extensions\\uqbar.wollok-lsp-ide-0.3.4\\server\\node_modules\\vscode-languageserver\\lib\\common\\textDocuments.js:138:42\n    at handleNotification (c:\\Users\\Jose\\.vscode\\extensions\\uqbar.wollok-lsp-ide-0.3.4\\server\\node_modules\\vscode-jsonrpc\\lib\\common\\connection.js:640:25)","timestamp":"2024-09-16T16:42:30.283Z"}
{"level":"error","message":"âœ˜ Failed to rebuild document Failed to parse Clases/testeoClase1.wtest: \n-- PARSING FAILED --------------------------------------------------\n\n  42 | describe \"testeo lucas\"{\n  43 |     test \"lu\"\n> 44 | }\n     | ^\n\nExpected one of the following: \n\n'@', '{', comment, whitespace\n","stack":"Error: Failed to parse Clases/testeoClase1.wtest: \n-- PARSING FAILED --------------------------------------------------\n\n  42 | describe \"testeo lucas\"{\n  43 |     test \"lu\"\n> 44 | }\n     | ^\n\nExpected one of the following: \n\n'@', '{', comment, whitespace\n\n    at c:\\Users\\Jose\\.vscode\\extensions\\uqbar.wollok-lsp-ide-0.3.4\\node_modules\\wollok-ts\\dist\\index.js:54:19\n    at Array.map (<anonymous>)\n    at buildEnvironment (c:\\Users\\Jose\\.vscode\\extensions\\uqbar.wollok-lsp-ide-0.3.4\\node_modules\\wollok-ts\\dist\\index.js:49:40)\n    at EnvironmentProvider.buildEnvironmentFrom (c:\\Users\\Jose\\.vscode\\extensions\\uqbar.wollok-lsp-ide-0.3.4\\server\\out\\utils\\vm\\environment.js:29:66)\n    at EnvironmentProvider.updateEnvironmentWith (c:\\Users\\Jose\\.vscode\\extensions\\uqbar.wollok-lsp-ide-0.3.4\\server\\out\\utils\\vm\\environment.js:19:37)\n    at rebuildTextDocument (c:\\Users\\Jose\\.vscode\\extensions\\uqbar.wollok-lsp-ide-0.3.4\\server\\out\\server.js:102:29)\n    at CallbackList.invoke (c:\\Users\\Jose\\.vscode\\extensions\\uqbar.wollok-lsp-ide-0.3.4\\server\\node_modules\\vscode-jsonrpc\\lib\\common\\events.js:55:39)\n    at Emitter.fire (c:\\Users\\Jose\\.vscode\\extensions\\uqbar.wollok-lsp-ide-0.3.4\\server\\node_modules\\vscode-jsonrpc\\lib\\common\\events.js:117:36)\n    at c:\\Users\\Jose\\.vscode\\extensions\\uqbar.wollok-lsp-ide-0.3.4\\server\\node_modules\\vscode-languageserver\\lib\\common\\textDocuments.js:138:42\n    at handleNotification (c:\\Users\\Jose\\.vscode\\extensions\\uqbar.wollok-lsp-ide-0.3.4\\server\\node_modules\\vscode-jsonrpc\\lib\\common\\connection.js:640:25)","timestamp":"2024-09-16T16:42:30.567Z"}
{"level":"error","message":"âœ˜ Failed to rebuild document Failed to parse Clases/testeoClase1.wtest: \n-- PARSING FAILED --------------------------------------------------\n\n  42 | describe \"testeo lucas\"{\n  43 |     test \"luc\"\n> 44 | }\n     | ^\n\nExpected one of the following: \n\n'@', '{', comment, whitespace\n","stack":"Error: Failed to parse Clases/testeoClase1.wtest: \n-- PARSING FAILED --------------------------------------------------\n\n  42 | describe \"testeo lucas\"{\n  43 |     test \"luc\"\n> 44 | }\n     | ^\n\nExpected one of the following: \n\n'@', '{', comment, whitespace\n\n    at c:\\Users\\Jose\\.vscode\\extensions\\uqbar.wollok-lsp-ide-0.3.4\\node_modules\\wollok-ts\\dist\\index.js:54:19\n    at Array.map (<anonymous>)\n    at buildEnvironment (c:\\Users\\Jose\\.vscode\\extensions\\uqbar.wollok-lsp-ide-0.3.4\\node_modules\\wollok-ts\\dist\\index.js:49:40)\n    at EnvironmentProvider.buildEnvironmentFrom (c:\\Users\\Jose\\.vscode\\extensions\\uqbar.wollok-lsp-ide-0.3.4\\server\\out\\utils\\vm\\environment.js:29:66)\n    at EnvironmentProvider.updateEnvironmentWith (c:\\Users\\Jose\\.vscode\\extensions\\uqbar.wollok-lsp-ide-0.3.4\\server\\out\\utils\\vm\\environment.js:19:37)\n    at rebuildTextDocument (c:\\Users\\Jose\\.vscode\\extensions\\uqbar.wollok-lsp-ide-0.3.4\\server\\out\\server.js:102:29)\n    at CallbackList.invoke (c:\\Users\\Jose\\.vscode\\extensions\\uqbar.wollok-lsp-ide-0.3.4\\server\\node_modules\\vscode-jsonrpc\\lib\\common\\events.js:55:39)\n    at Emitter.fire (c:\\Users\\Jose\\.vscode\\extensions\\uqbar.wollok-lsp-ide-0.3.4\\server\\node_modules\\vscode-jsonrpc\\lib\\common\\events.js:117:36)\n    at c:\\Users\\Jose\\.vscode\\extensions\\uqbar.wollok-lsp-ide-0.3.4\\server\\node_modules\\vscode-languageserver\\lib\\common\\textDocuments.js:138:42\n    at handleNotification (c:\\Users\\Jose\\.vscode\\extensions\\uqbar.wollok-lsp-ide-0.3.4\\server\\node_modules\\vscode-jsonrpc\\lib\\common\\connection.js:640:25)","timestamp":"2024-09-16T16:42:30.694Z"}
{"level":"error","message":"âœ˜ Failed to rebuild document Failed to parse Clases/testeoClase1.wtest: \n-- PARSING FAILED --------------------------------------------------\n\n  42 | describe \"testeo lucas\"{\n  43 |     test \"luca\"\n> 44 | }\n     | ^\n\nExpected one of the following: \n\n'@', '{', comment, whitespace\n","stack":"Error: Failed to parse Clases/testeoClase1.wtest: \n-- PARSING FAILED --------------------------------------------------\n\n  42 | describe \"testeo lucas\"{\n  43 |     test \"luca\"\n> 44 | }\n     | ^\n\nExpected one of the following: \n\n'@', '{', comment, whitespace\n\n    at c:\\Users\\Jose\\.vscode\\extensions\\uqbar.wollok-lsp-ide-0.3.4\\node_modules\\wollok-ts\\dist\\index.js:54:19\n    at Array.map (<anonymous>)\n    at buildEnvironment (c:\\Users\\Jose\\.vscode\\extensions\\uqbar.wollok-lsp-ide-0.3.4\\node_modules\\wollok-ts\\dist\\index.js:49:40)\n    at EnvironmentProvider.buildEnvironmentFrom (c:\\Users\\Jose\\.vscode\\extensions\\uqbar.wollok-lsp-ide-0.3.4\\server\\out\\utils\\vm\\environment.js:29:66)\n    at EnvironmentProvider.updateEnvironmentWith (c:\\Users\\Jose\\.vscode\\extensions\\uqbar.wollok-lsp-ide-0.3.4\\server\\out\\utils\\vm\\environment.js:19:37)\n    at rebuildTextDocument (c:\\Users\\Jose\\.vscode\\extensions\\uqbar.wollok-lsp-ide-0.3.4\\server\\out\\server.js:102:29)\n    at CallbackList.invoke (c:\\Users\\Jose\\.vscode\\extensions\\uqbar.wollok-lsp-ide-0.3.4\\server\\node_modules\\vscode-jsonrpc\\lib\\common\\events.js:55:39)\n    at Emitter.fire (c:\\Users\\Jose\\.vscode\\extensions\\uqbar.wollok-lsp-ide-0.3.4\\server\\node_modules\\vscode-jsonrpc\\lib\\common\\events.js:117:36)\n    at c:\\Users\\Jose\\.vscode\\extensions\\uqbar.wollok-lsp-ide-0.3.4\\server\\node_modules\\vscode-languageserver\\lib\\common\\textDocuments.js:138:42\n    at handleNotification (c:\\Users\\Jose\\.vscode\\extensions\\uqbar.wollok-lsp-ide-0.3.4\\server\\node_modules\\vscode-jsonrpc\\lib\\common\\connection.js:640:25)","timestamp":"2024-09-16T16:42:30.869Z"}
{"level":"error","message":"âœ˜ Failed to rebuild document Failed to parse Clases/testeoClase1.wtest: \n-- PARSING FAILED --------------------------------------------------\n\n  42 | describe \"testeo lucas\"{\n  43 |     test \"luc\"\n> 44 | }\n     | ^\n\nExpected one of the following: \n\n'@', '{', comment, whitespace\n","stack":"Error: Failed to parse Clases/testeoClase1.wtest: \n-- PARSING FAILED --------------------------------------------------\n\n  42 | describe \"testeo lucas\"{\n  43 |     test \"luc\"\n> 44 | }\n     | ^\n\nExpected one of the following: \n\n'@', '{', comment, whitespace\n\n    at c:\\Users\\Jose\\.vscode\\extensions\\uqbar.wollok-lsp-ide-0.3.4\\node_modules\\wollok-ts\\dist\\index.js:54:19\n    at Array.map (<anonymous>)\n    at buildEnvironment (c:\\Users\\Jose\\.vscode\\extensions\\uqbar.wollok-lsp-ide-0.3.4\\node_modules\\wollok-ts\\dist\\index.js:49:40)\n    at EnvironmentProvider.buildEnvironmentFrom (c:\\Users\\Jose\\.vscode\\extensions\\uqbar.wollok-lsp-ide-0.3.4\\server\\out\\utils\\vm\\environment.js:29:66)\n    at EnvironmentProvider.updateEnvironmentWith (c:\\Users\\Jose\\.vscode\\extensions\\uqbar.wollok-lsp-ide-0.3.4\\server\\out\\utils\\vm\\environment.js:19:37)\n    at rebuildTextDocument (c:\\Users\\Jose\\.vscode\\extensions\\uqbar.wollok-lsp-ide-0.3.4\\server\\out\\server.js:102:29)\n    at CallbackList.invoke (c:\\Users\\Jose\\.vscode\\extensions\\uqbar.wollok-lsp-ide-0.3.4\\server\\node_modules\\vscode-jsonrpc\\lib\\common\\events.js:55:39)\n    at Emitter.fire (c:\\Users\\Jose\\.vscode\\extensions\\uqbar.wollok-lsp-ide-0.3.4\\server\\node_modules\\vscode-jsonrpc\\lib\\common\\events.js:117:36)\n    at c:\\Users\\Jose\\.vscode\\extensions\\uqbar.wollok-lsp-ide-0.3.4\\server\\node_modules\\vscode-languageserver\\lib\\common\\textDocuments.js:138:42\n    at handleNotification (c:\\Users\\Jose\\.vscode\\extensions\\uqbar.wollok-lsp-ide-0.3.4\\server\\node_modules\\vscode-jsonrpc\\lib\\common\\connection.js:640:25)","timestamp":"2024-09-16T16:42:31.299Z"}
{"level":"error","message":"âœ˜ Failed to rebuild document Failed to parse Clases/testeoClase1.wtest: \n-- PARSING FAILED --------------------------------------------------\n\n  42 | describe \"testeo lucas\"{\n  43 |     test \"lu\"\n> 44 | }\n     | ^\n\nExpected one of the following: \n\n'@', '{', comment, whitespace\n","stack":"Error: Failed to parse Clases/testeoClase1.wtest: \n-- PARSING FAILED --------------------------------------------------\n\n  42 | describe \"testeo lucas\"{\n  43 |     test \"lu\"\n> 44 | }\n     | ^\n\nExpected one of the following: \n\n'@', '{', comment, whitespace\n\n    at c:\\Users\\Jose\\.vscode\\extensions\\uqbar.wollok-lsp-ide-0.3.4\\node_modules\\wollok-ts\\dist\\index.js:54:19\n    at Array.map (<anonymous>)\n    at buildEnvironment (c:\\Users\\Jose\\.vscode\\extensions\\uqbar.wollok-lsp-ide-0.3.4\\node_modules\\wollok-ts\\dist\\index.js:49:40)\n    at EnvironmentProvider.buildEnvironmentFrom (c:\\Users\\Jose\\.vscode\\extensions\\uqbar.wollok-lsp-ide-0.3.4\\server\\out\\utils\\vm\\environment.js:29:66)\n    at EnvironmentProvider.updateEnvironmentWith (c:\\Users\\Jose\\.vscode\\extensions\\uqbar.wollok-lsp-ide-0.3.4\\server\\out\\utils\\vm\\environment.js:19:37)\n    at rebuildTextDocument (c:\\Users\\Jose\\.vscode\\extensions\\uqbar.wollok-lsp-ide-0.3.4\\server\\out\\server.js:102:29)\n    at CallbackList.invoke (c:\\Users\\Jose\\.vscode\\extensions\\uqbar.wollok-lsp-ide-0.3.4\\server\\node_modules\\vscode-jsonrpc\\lib\\common\\events.js:55:39)\n    at Emitter.fire (c:\\Users\\Jose\\.vscode\\extensions\\uqbar.wollok-lsp-ide-0.3.4\\server\\node_modules\\vscode-jsonrpc\\lib\\common\\events.js:117:36)\n    at c:\\Users\\Jose\\.vscode\\extensions\\uqbar.wollok-lsp-ide-0.3.4\\server\\node_modules\\vscode-languageserver\\lib\\common\\textDocuments.js:138:42\n    at handleNotification (c:\\Users\\Jose\\.vscode\\extensions\\uqbar.wollok-lsp-ide-0.3.4\\server\\node_modules\\vscode-jsonrpc\\lib\\common\\connection.js:640:25)","timestamp":"2024-09-16T16:42:31.447Z"}
{"level":"error","message":"âœ˜ Failed to rebuild document Failed to parse Clases/testeoClase1.wtest: \n-- PARSING FAILED --------------------------------------------------\n\n  42 | describe \"testeo lucas\"{\n  43 |     test \"l\"\n> 44 | }\n     | ^\n\nExpected one of the following: \n\n'@', '{', comment, whitespace\n","stack":"Error: Failed to parse Clases/testeoClase1.wtest: \n-- PARSING FAILED --------------------------------------------------\n\n  42 | describe \"testeo lucas\"{\n  43 |     test \"l\"\n> 44 | }\n     | ^\n\nExpected one of the following: \n\n'@', '{', comment, whitespace\n\n    at c:\\Users\\Jose\\.vscode\\extensions\\uqbar.wollok-lsp-ide-0.3.4\\node_modules\\wollok-ts\\dist\\index.js:54:19\n    at Array.map (<anonymous>)\n    at buildEnvironment (c:\\Users\\Jose\\.vscode\\extensions\\uqbar.wollok-lsp-ide-0.3.4\\node_modules\\wollok-ts\\dist\\index.js:49:40)\n    at EnvironmentProvider.buildEnvironmentFrom (c:\\Users\\Jose\\.vscode\\extensions\\uqbar.wollok-lsp-ide-0.3.4\\server\\out\\utils\\vm\\environment.js:29:66)\n    at EnvironmentProvider.updateEnvironmentWith (c:\\Users\\Jose\\.vscode\\extensions\\uqbar.wollok-lsp-ide-0.3.4\\server\\out\\utils\\vm\\environment.js:19:37)\n    at rebuildTextDocument (c:\\Users\\Jose\\.vscode\\extensions\\uqbar.wollok-lsp-ide-0.3.4\\server\\out\\server.js:102:29)\n    at CallbackList.invoke (c:\\Users\\Jose\\.vscode\\extensions\\uqbar.wollok-lsp-ide-0.3.4\\server\\node_modules\\vscode-jsonrpc\\lib\\common\\events.js:55:39)\n    at Emitter.fire (c:\\Users\\Jose\\.vscode\\extensions\\uqbar.wollok-lsp-ide-0.3.4\\server\\node_modules\\vscode-jsonrpc\\lib\\common\\events.js:117:36)\n    at c:\\Users\\Jose\\.vscode\\extensions\\uqbar.wollok-lsp-ide-0.3.4\\server\\node_modules\\vscode-languageserver\\lib\\common\\textDocuments.js:138:42\n    at handleNotification (c:\\Users\\Jose\\.vscode\\extensions\\uqbar.wollok-lsp-ide-0.3.4\\server\\node_modules\\vscode-jsonrpc\\lib\\common\\connection.js:640:25)","timestamp":"2024-09-16T16:42:31.615Z"}
{"level":"error","message":"âœ˜ Failed to rebuild document Failed to parse Clases/testeoClase1.wtest: \n-- PARSING FAILED --------------------------------------------------\n\n  42 | describe \"testeo lucas\"{\n  43 |     test \"\"\n> 44 | }\n     | ^\n\nExpected one of the following: \n\n'@', '{', comment, whitespace\n","stack":"Error: Failed to parse Clases/testeoClase1.wtest: \n-- PARSING FAILED --------------------------------------------------\n\n  42 | describe \"testeo lucas\"{\n  43 |     test \"\"\n> 44 | }\n     | ^\n\nExpected one of the following: \n\n'@', '{', comment, whitespace\n\n    at c:\\Users\\Jose\\.vscode\\extensions\\uqbar.wollok-lsp-ide-0.3.4\\node_modules\\wollok-ts\\dist\\index.js:54:19\n    at Array.map (<anonymous>)\n    at buildEnvironment (c:\\Users\\Jose\\.vscode\\extensions\\uqbar.wollok-lsp-ide-0.3.4\\node_modules\\wollok-ts\\dist\\index.js:49:40)\n    at EnvironmentProvider.buildEnvironmentFrom (c:\\Users\\Jose\\.vscode\\extensions\\uqbar.wollok-lsp-ide-0.3.4\\server\\out\\utils\\vm\\environment.js:29:66)\n    at EnvironmentProvider.updateEnvironmentWith (c:\\Users\\Jose\\.vscode\\extensions\\uqbar.wollok-lsp-ide-0.3.4\\server\\out\\utils\\vm\\environment.js:19:37)\n    at rebuildTextDocument (c:\\Users\\Jose\\.vscode\\extensions\\uqbar.wollok-lsp-ide-0.3.4\\server\\out\\server.js:102:29)\n    at CallbackList.invoke (c:\\Users\\Jose\\.vscode\\extensions\\uqbar.wollok-lsp-ide-0.3.4\\server\\node_modules\\vscode-jsonrpc\\lib\\common\\events.js:55:39)\n    at Emitter.fire (c:\\Users\\Jose\\.vscode\\extensions\\uqbar.wollok-lsp-ide-0.3.4\\server\\node_modules\\vscode-jsonrpc\\lib\\common\\events.js:117:36)\n    at c:\\Users\\Jose\\.vscode\\extensions\\uqbar.wollok-lsp-ide-0.3.4\\server\\node_modules\\vscode-languageserver\\lib\\common\\textDocuments.js:138:42\n    at handleNotification (c:\\Users\\Jose\\.vscode\\extensions\\uqbar.wollok-lsp-ide-0.3.4\\server\\node_modules\\vscode-jsonrpc\\lib\\common\\connection.js:640:25)","timestamp":"2024-09-16T16:42:31.988Z"}
{"level":"error","message":"âœ˜ Failed to rebuild document Failed to parse Clases/testeoClase1.wtest: \n-- PARSING FAILED --------------------------------------------------\n\n  42 | describe \"testeo lucas\"{\n  43 |     test \"e\"\n> 44 | }\n     | ^\n\nExpected one of the following: \n\n'@', '{', comment, whitespace\n","stack":"Error: Failed to parse Clases/testeoClase1.wtest: \n-- PARSING FAILED --------------------------------------------------\n\n  42 | describe \"testeo lucas\"{\n  43 |     test \"e\"\n> 44 | }\n     | ^\n\nExpected one of the following: \n\n'@', '{', comment, whitespace\n\n    at c:\\Users\\Jose\\.vscode\\extensions\\uqbar.wollok-lsp-ide-0.3.4\\node_modules\\wollok-ts\\dist\\index.js:54:19\n    at Array.map (<anonymous>)\n    at buildEnvironment (c:\\Users\\Jose\\.vscode\\extensions\\uqbar.wollok-lsp-ide-0.3.4\\node_modules\\wollok-ts\\dist\\index.js:49:40)\n    at EnvironmentProvider.buildEnvironmentFrom (c:\\Users\\Jose\\.vscode\\extensions\\uqbar.wollok-lsp-ide-0.3.4\\server\\out\\utils\\vm\\environment.js:29:66)\n    at EnvironmentProvider.updateEnvironmentWith (c:\\Users\\Jose\\.vscode\\extensions\\uqbar.wollok-lsp-ide-0.3.4\\server\\out\\utils\\vm\\environment.js:19:37)\n    at rebuildTextDocument (c:\\Users\\Jose\\.vscode\\extensions\\uqbar.wollok-lsp-ide-0.3.4\\server\\out\\server.js:102:29)\n    at CallbackList.invoke (c:\\Users\\Jose\\.vscode\\extensions\\uqbar.wollok-lsp-ide-0.3.4\\server\\node_modules\\vscode-jsonrpc\\lib\\common\\events.js:55:39)\n    at Emitter.fire (c:\\Users\\Jose\\.vscode\\extensions\\uqbar.wollok-lsp-ide-0.3.4\\server\\node_modules\\vscode-jsonrpc\\lib\\common\\events.js:117:36)\n    at c:\\Users\\Jose\\.vscode\\extensions\\uqbar.wollok-lsp-ide-0.3.4\\server\\node_modules\\vscode-languageserver\\lib\\common\\textDocuments.js:138:42\n    at handleNotification (c:\\Users\\Jose\\.vscode\\extensions\\uqbar.wollok-lsp-ide-0.3.4\\server\\node_modules\\vscode-jsonrpc\\lib\\common\\connection.js:640:25)","timestamp":"2024-09-16T16:42:33.803Z"}
{"level":"error","message":"âœ˜ Failed to rebuild document Failed to parse Clases/testeoClase1.wtest: \n-- PARSING FAILED --------------------------------------------------\n\n  42 | describe \"testeo lucas\"{\n  43 |     test \"es\"\n> 44 | }\n     | ^\n\nExpected one of the following: \n\n'@', '{', comment, whitespace\n","stack":"Error: Failed to parse Clases/testeoClase1.wtest: \n-- PARSING FAILED --------------------------------------------------\n\n  42 | describe \"testeo lucas\"{\n  43 |     test \"es\"\n> 44 | }\n     | ^\n\nExpected one of the following: \n\n'@', '{', comment, whitespace\n\n    at c:\\Users\\Jose\\.vscode\\extensions\\uqbar.wollok-lsp-ide-0.3.4\\node_modules\\wollok-ts\\dist\\index.js:54:19\n    at Array.map (<anonymous>)\n    at buildEnvironment (c:\\Users\\Jose\\.vscode\\extensions\\uqbar.wollok-lsp-ide-0.3.4\\node_modules\\wollok-ts\\dist\\index.js:49:40)\n    at EnvironmentProvider.buildEnvironmentFrom (c:\\Users\\Jose\\.vscode\\extensions\\uqbar.wollok-lsp-ide-0.3.4\\server\\out\\utils\\vm\\environment.js:29:66)\n    at EnvironmentProvider.updateEnvironmentWith (c:\\Users\\Jose\\.vscode\\extensions\\uqbar.wollok-lsp-ide-0.3.4\\server\\out\\utils\\vm\\environment.js:19:37)\n    at rebuildTextDocument (c:\\Users\\Jose\\.vscode\\extensions\\uqbar.wollok-lsp-ide-0.3.4\\server\\out\\server.js:102:29)\n    at CallbackList.invoke (c:\\Users\\Jose\\.vscode\\extensions\\uqbar.wollok-lsp-ide-0.3.4\\server\\node_modules\\vscode-jsonrpc\\lib\\common\\events.js:55:39)\n    at Emitter.fire (c:\\Users\\Jose\\.vscode\\extensions\\uqbar.wollok-lsp-ide-0.3.4\\server\\node_modules\\vscode-jsonrpc\\lib\\common\\events.js:117:36)\n    at c:\\Users\\Jose\\.vscode\\extensions\\uqbar.wollok-lsp-ide-0.3.4\\server\\node_modules\\vscode-languageserver\\lib\\common\\textDocuments.js:138:42\n    at handleNotification (c:\\Users\\Jose\\.vscode\\extensions\\uqbar.wollok-lsp-ide-0.3.4\\server\\node_modules\\vscode-jsonrpc\\lib\\common\\connection.js:640:25)","timestamp":"2024-09-16T16:42:33.961Z"}
{"level":"error","message":"âœ˜ Failed to rebuild document Failed to parse Clases/testeoClase1.wtest: \n-- PARSING FAILED --------------------------------------------------\n\n  42 | describe \"testeo lucas\"{\n  43 |     test \"est\"\n> 44 | }\n     | ^\n\nExpected one of the following: \n\n'@', '{', comment, whitespace\n","stack":"Error: Failed to parse Clases/testeoClase1.wtest: \n-- PARSING FAILED --------------------------------------------------\n\n  42 | describe \"testeo lucas\"{\n  43 |     test \"est\"\n> 44 | }\n     | ^\n\nExpected one of the following: \n\n'@', '{', comment, whitespace\n\n    at c:\\Users\\Jose\\.vscode\\extensions\\uqbar.wollok-lsp-ide-0.3.4\\node_modules\\wollok-ts\\dist\\index.js:54:19\n    at Array.map (<anonymous>)\n    at buildEnvironment (c:\\Users\\Jose\\.vscode\\extensions\\uqbar.wollok-lsp-ide-0.3.4\\node_modules\\wollok-ts\\dist\\index.js:49:40)\n    at EnvironmentProvider.buildEnvironmentFrom (c:\\Users\\Jose\\.vscode\\extensions\\uqbar.wollok-lsp-ide-0.3.4\\server\\out\\utils\\vm\\environment.js:29:66)\n    at EnvironmentProvider.updateEnvironmentWith (c:\\Users\\Jose\\.vscode\\extensions\\uqbar.wollok-lsp-ide-0.3.4\\server\\out\\utils\\vm\\environment.js:19:37)\n    at rebuildTextDocument (c:\\Users\\Jose\\.vscode\\extensions\\uqbar.wollok-lsp-ide-0.3.4\\server\\out\\server.js:102:29)\n    at CallbackList.invoke (c:\\Users\\Jose\\.vscode\\extensions\\uqbar.wollok-lsp-ide-0.3.4\\server\\node_modules\\vscode-jsonrpc\\lib\\common\\events.js:55:39)\n    at Emitter.fire (c:\\Users\\Jose\\.vscode\\extensions\\uqbar.wollok-lsp-ide-0.3.4\\server\\node_modules\\vscode-jsonrpc\\lib\\common\\events.js:117:36)\n    at c:\\Users\\Jose\\.vscode\\extensions\\uqbar.wollok-lsp-ide-0.3.4\\server\\node_modules\\vscode-languageserver\\lib\\common\\textDocuments.js:138:42\n    at handleNotification (c:\\Users\\Jose\\.vscode\\extensions\\uqbar.wollok-lsp-ide-0.3.4\\server\\node_modules\\vscode-jsonrpc\\lib\\common\\connection.js:640:25)","timestamp":"2024-09-16T16:42:34.201Z"}
{"level":"error","message":"âœ˜ Failed to rebuild document Failed to parse Clases/testeoClase1.wtest: \n-- PARSING FAILED --------------------------------------------------\n\n  42 | describe \"testeo lucas\"{\n  43 |     test \"esta\"\n> 44 | }\n     | ^\n\nExpected one of the following: \n\n'@', '{', comment, whitespace\n","stack":"Error: Failed to parse Clases/testeoClase1.wtest: \n-- PARSING FAILED --------------------------------------------------\n\n  42 | describe \"testeo lucas\"{\n  43 |     test \"esta\"\n> 44 | }\n     | ^\n\nExpected one of the following: \n\n'@', '{', comment, whitespace\n\n    at c:\\Users\\Jose\\.vscode\\extensions\\uqbar.wollok-lsp-ide-0.3.4\\node_modules\\wollok-ts\\dist\\index.js:54:19\n    at Array.map (<anonymous>)\n    at buildEnvironment (c:\\Users\\Jose\\.vscode\\extensions\\uqbar.wollok-lsp-ide-0.3.4\\node_modules\\wollok-ts\\dist\\index.js:49:40)\n    at EnvironmentProvider.buildEnvironmentFrom (c:\\Users\\Jose\\.vscode\\extensions\\uqbar.wollok-lsp-ide-0.3.4\\server\\out\\utils\\vm\\environment.js:29:66)\n    at EnvironmentProvider.updateEnvironmentWith (c:\\Users\\Jose\\.vscode\\extensions\\uqbar.wollok-lsp-ide-0.3.4\\server\\out\\utils\\vm\\environment.js:19:37)\n    at rebuildTextDocument (c:\\Users\\Jose\\.vscode\\extensions\\uqbar.wollok-lsp-ide-0.3.4\\server\\out\\server.js:102:29)\n    at CallbackList.invoke (c:\\Users\\Jose\\.vscode\\extensions\\uqbar.wollok-lsp-ide-0.3.4\\server\\node_modules\\vscode-jsonrpc\\lib\\common\\events.js:55:39)\n    at Emitter.fire (c:\\Users\\Jose\\.vscode\\extensions\\uqbar.wollok-lsp-ide-0.3.4\\server\\node_modules\\vscode-jsonrpc\\lib\\common\\events.js:117:36)\n    at c:\\Users\\Jose\\.vscode\\extensions\\uqbar.wollok-lsp-ide-0.3.4\\server\\node_modules\\vscode-languageserver\\lib\\common\\textDocuments.js:138:42\n    at handleNotification (c:\\Users\\Jose\\.vscode\\extensions\\uqbar.wollok-lsp-ide-0.3.4\\server\\node_modules\\vscode-jsonrpc\\lib\\common\\connection.js:640:25)","timestamp":"2024-09-16T16:42:34.324Z"}
{"level":"error","message":"âœ˜ Failed to rebuild document Failed to parse Clases/testeoClase1.wtest: \n-- PARSING FAILED --------------------------------------------------\n\n  42 | describe \"testeo lucas\"{\n  43 |     test \"esta \"\n> 44 | }\n     | ^\n\nExpected one of the following: \n\n'@', '{', comment, whitespace\n","stack":"Error: Failed to parse Clases/testeoClase1.wtest: \n-- PARSING FAILED --------------------------------------------------\n\n  42 | describe \"testeo lucas\"{\n  43 |     test \"esta \"\n> 44 | }\n     | ^\n\nExpected one of the following: \n\n'@', '{', comment, whitespace\n\n    at c:\\Users\\Jose\\.vscode\\extensions\\uqbar.wollok-lsp-ide-0.3.4\\node_modules\\wollok-ts\\dist\\index.js:54:19\n    at Array.map (<anonymous>)\n    at buildEnvironment (c:\\Users\\Jose\\.vscode\\extensions\\uqbar.wollok-lsp-ide-0.3.4\\node_modules\\wollok-ts\\dist\\index.js:49:40)\n    at EnvironmentProvider.buildEnvironmentFrom (c:\\Users\\Jose\\.vscode\\extensions\\uqbar.wollok-lsp-ide-0.3.4\\server\\out\\utils\\vm\\environment.js:29:66)\n    at EnvironmentProvider.updateEnvironmentWith (c:\\Users\\Jose\\.vscode\\extensions\\uqbar.wollok-lsp-ide-0.3.4\\server\\out\\utils\\vm\\environment.js:19:37)\n    at rebuildTextDocument (c:\\Users\\Jose\\.vscode\\extensions\\uqbar.wollok-lsp-ide-0.3.4\\server\\out\\server.js:102:29)\n    at CallbackList.invoke (c:\\Users\\Jose\\.vscode\\extensions\\uqbar.wollok-lsp-ide-0.3.4\\server\\node_modules\\vscode-jsonrpc\\lib\\common\\events.js:55:39)\n    at Emitter.fire (c:\\Users\\Jose\\.vscode\\extensions\\uqbar.wollok-lsp-ide-0.3.4\\server\\node_modules\\vscode-jsonrpc\\lib\\common\\events.js:117:36)\n    at c:\\Users\\Jose\\.vscode\\extensions\\uqbar.wollok-lsp-ide-0.3.4\\server\\node_modules\\vscode-languageserver\\lib\\common\\textDocuments.js:138:42\n    at handleNotification (c:\\Users\\Jose\\.vscode\\extensions\\uqbar.wollok-lsp-ide-0.3.4\\server\\node_modules\\vscode-jsonrpc\\lib\\common\\connection.js:640:25)","timestamp":"2024-09-16T16:42:34.513Z"}
{"level":"error","message":"âœ˜ Failed to rebuild document Failed to parse Clases/testeoClase1.wtest: \n-- PARSING FAILED --------------------------------------------------\n\n  42 | describe \"testeo lucas\"{\n  43 |     test \"esta f\"\n> 44 | }\n     | ^\n\nExpected one of the following: \n\n'@', '{', comment, whitespace\n","stack":"Error: Failed to parse Clases/testeoClase1.wtest: \n-- PARSING FAILED --------------------------------------------------\n\n  42 | describe \"testeo lucas\"{\n  43 |     test \"esta f\"\n> 44 | }\n     | ^\n\nExpected one of the following: \n\n'@', '{', comment, whitespace\n\n    at c:\\Users\\Jose\\.vscode\\extensions\\uqbar.wollok-lsp-ide-0.3.4\\node_modules\\wollok-ts\\dist\\index.js:54:19\n    at Array.map (<anonymous>)\n    at buildEnvironment (c:\\Users\\Jose\\.vscode\\extensions\\uqbar.wollok-lsp-ide-0.3.4\\node_modules\\wollok-ts\\dist\\index.js:49:40)\n    at EnvironmentProvider.buildEnvironmentFrom (c:\\Users\\Jose\\.vscode\\extensions\\uqbar.wollok-lsp-ide-0.3.4\\server\\out\\utils\\vm\\environment.js:29:66)\n    at EnvironmentProvider.updateEnvironmentWith (c:\\Users\\Jose\\.vscode\\extensions\\uqbar.wollok-lsp-ide-0.3.4\\server\\out\\utils\\vm\\environment.js:19:37)\n    at rebuildTextDocument (c:\\Users\\Jose\\.vscode\\extensions\\uqbar.wollok-lsp-ide-0.3.4\\server\\out\\server.js:102:29)\n    at CallbackList.invoke (c:\\Users\\Jose\\.vscode\\extensions\\uqbar.wollok-lsp-ide-0.3.4\\server\\node_modules\\vscode-jsonrpc\\lib\\common\\events.js:55:39)\n    at Emitter.fire (c:\\Users\\Jose\\.vscode\\extensions\\uqbar.wollok-lsp-ide-0.3.4\\server\\node_modules\\vscode-jsonrpc\\lib\\common\\events.js:117:36)\n    at c:\\Users\\Jose\\.vscode\\extensions\\uqbar.wollok-lsp-ide-0.3.4\\server\\node_modules\\vscode-languageserver\\lib\\common\\textDocuments.js:138:42\n    at handleNotification (c:\\Users\\Jose\\.vscode\\extensions\\uqbar.wollok-lsp-ide-0.3.4\\server\\node_modules\\vscode-jsonrpc\\lib\\common\\connection.js:640:25)","timestamp":"2024-09-16T16:42:34.691Z"}
{"level":"error","message":"âœ˜ Failed to rebuild document Failed to parse Clases/testeoClase1.wtest: \n-- PARSING FAILED --------------------------------------------------\n\n  42 | describe \"testeo lucas\"{\n  43 |     test \"esta fe\"\n> 44 | }\n     | ^\n\nExpected one of the following: \n\n'@', '{', comment, whitespace\n","stack":"Error: Failed to parse Clases/testeoClase1.wtest: \n-- PARSING FAILED --------------------------------------------------\n\n  42 | describe \"testeo lucas\"{\n  43 |     test \"esta fe\"\n> 44 | }\n     | ^\n\nExpected one of the following: \n\n'@', '{', comment, whitespace\n\n    at c:\\Users\\Jose\\.vscode\\extensions\\uqbar.wollok-lsp-ide-0.3.4\\node_modules\\wollok-ts\\dist\\index.js:54:19\n    at Array.map (<anonymous>)\n    at buildEnvironment (c:\\Users\\Jose\\.vscode\\extensions\\uqbar.wollok-lsp-ide-0.3.4\\node_modules\\wollok-ts\\dist\\index.js:49:40)\n    at EnvironmentProvider.buildEnvironmentFrom (c:\\Users\\Jose\\.vscode\\extensions\\uqbar.wollok-lsp-ide-0.3.4\\server\\out\\utils\\vm\\environment.js:29:66)\n    at EnvironmentProvider.updateEnvironmentWith (c:\\Users\\Jose\\.vscode\\extensions\\uqbar.wollok-lsp-ide-0.3.4\\server\\out\\utils\\vm\\environment.js:19:37)\n    at rebuildTextDocument (c:\\Users\\Jose\\.vscode\\extensions\\uqbar.wollok-lsp-ide-0.3.4\\server\\out\\server.js:102:29)\n    at CallbackList.invoke (c:\\Users\\Jose\\.vscode\\extensions\\uqbar.wollok-lsp-ide-0.3.4\\server\\node_modules\\vscode-jsonrpc\\lib\\common\\events.js:55:39)\n    at Emitter.fire (c:\\Users\\Jose\\.vscode\\extensions\\uqbar.wollok-lsp-ide-0.3.4\\server\\node_modules\\vscode-jsonrpc\\lib\\common\\events.js:117:36)\n    at c:\\Users\\Jose\\.vscode\\extensions\\uqbar.wollok-lsp-ide-0.3.4\\server\\node_modules\\vscode-languageserver\\lib\\common\\textDocuments.js:138:42\n    at handleNotification (c:\\Users\\Jose\\.vscode\\extensions\\uqbar.wollok-lsp-ide-0.3.4\\server\\node_modules\\vscode-jsonrpc\\lib\\common\\connection.js:640:25)","timestamp":"2024-09-16T16:42:34.897Z"}
{"level":"error","message":"âœ˜ Failed to rebuild document Failed to parse Clases/testeoClase1.wtest: \n-- PARSING FAILED --------------------------------------------------\n\n  42 | describe \"testeo lucas\"{\n  43 |     test \"esta fel\"\n> 44 | }\n     | ^\n\nExpected one of the following: \n\n'@', '{', comment, whitespace\n","stack":"Error: Failed to parse Clases/testeoClase1.wtest: \n-- PARSING FAILED --------------------------------------------------\n\n  42 | describe \"testeo lucas\"{\n  43 |     test \"esta fel\"\n> 44 | }\n     | ^\n\nExpected one of the following: \n\n'@', '{', comment, whitespace\n\n    at c:\\Users\\Jose\\.vscode\\extensions\\uqbar.wollok-lsp-ide-0.3.4\\node_modules\\wollok-ts\\dist\\index.js:54:19\n    at Array.map (<anonymous>)\n    at buildEnvironment (c:\\Users\\Jose\\.vscode\\extensions\\uqbar.wollok-lsp-ide-0.3.4\\node_modules\\wollok-ts\\dist\\index.js:49:40)\n    at EnvironmentProvider.buildEnvironmentFrom (c:\\Users\\Jose\\.vscode\\extensions\\uqbar.wollok-lsp-ide-0.3.4\\server\\out\\utils\\vm\\environment.js:29:66)\n    at EnvironmentProvider.updateEnvironmentWith (c:\\Users\\Jose\\.vscode\\extensions\\uqbar.wollok-lsp-ide-0.3.4\\server\\out\\utils\\vm\\environment.js:19:37)\n    at rebuildTextDocument (c:\\Users\\Jose\\.vscode\\extensions\\uqbar.wollok-lsp-ide-0.3.4\\server\\out\\server.js:102:29)\n    at CallbackList.invoke (c:\\Users\\Jose\\.vscode\\extensions\\uqbar.wollok-lsp-ide-0.3.4\\server\\node_modules\\vscode-jsonrpc\\lib\\common\\events.js:55:39)\n    at Emitter.fire (c:\\Users\\Jose\\.vscode\\extensions\\uqbar.wollok-lsp-ide-0.3.4\\server\\node_modules\\vscode-jsonrpc\\lib\\common\\events.js:117:36)\n    at c:\\Users\\Jose\\.vscode\\extensions\\uqbar.wollok-lsp-ide-0.3.4\\server\\node_modules\\vscode-languageserver\\lib\\common\\textDocuments.js:138:42\n    at handleNotification (c:\\Users\\Jose\\.vscode\\extensions\\uqbar.wollok-lsp-ide-0.3.4\\server\\node_modules\\vscode-jsonrpc\\lib\\common\\connection.js:640:25)","timestamp":"2024-09-16T16:42:35.023Z"}
{"level":"error","message":"âœ˜ Failed to rebuild document Failed to parse Clases/testeoClase1.wtest: \n-- PARSING FAILED --------------------------------------------------\n\n  42 | describe \"testeo lucas\"{\n  43 |     test \"esta feli\"\n> 44 | }\n     | ^\n\nExpected one of the following: \n\n'@', '{', comment, whitespace\n","stack":"Error: Failed to parse Clases/testeoClase1.wtest: \n-- PARSING FAILED --------------------------------------------------\n\n  42 | describe \"testeo lucas\"{\n  43 |     test \"esta feli\"\n> 44 | }\n     | ^\n\nExpected one of the following: \n\n'@', '{', comment, whitespace\n\n    at c:\\Users\\Jose\\.vscode\\extensions\\uqbar.wollok-lsp-ide-0.3.4\\node_modules\\wollok-ts\\dist\\index.js:54:19\n    at Array.map (<anonymous>)\n    at buildEnvironment (c:\\Users\\Jose\\.vscode\\extensions\\uqbar.wollok-lsp-ide-0.3.4\\node_modules\\wollok-ts\\dist\\index.js:49:40)\n    at EnvironmentProvider.buildEnvironmentFrom (c:\\Users\\Jose\\.vscode\\extensions\\uqbar.wollok-lsp-ide-0.3.4\\server\\out\\utils\\vm\\environment.js:29:66)\n    at EnvironmentProvider.updateEnvironmentWith (c:\\Users\\Jose\\.vscode\\extensions\\uqbar.wollok-lsp-ide-0.3.4\\server\\out\\utils\\vm\\environment.js:19:37)\n    at rebuildTextDocument (c:\\Users\\Jose\\.vscode\\extensions\\uqbar.wollok-lsp-ide-0.3.4\\server\\out\\server.js:102:29)\n    at CallbackList.invoke (c:\\Users\\Jose\\.vscode\\extensions\\uqbar.wollok-lsp-ide-0.3.4\\server\\node_modules\\vscode-jsonrpc\\lib\\common\\events.js:55:39)\n    at Emitter.fire (c:\\Users\\Jose\\.vscode\\extensions\\uqbar.wollok-lsp-ide-0.3.4\\server\\node_modules\\vscode-jsonrpc\\lib\\common\\events.js:117:36)\n    at c:\\Users\\Jose\\.vscode\\extensions\\uqbar.wollok-lsp-ide-0.3.4\\server\\node_modules\\vscode-languageserver\\lib\\common\\textDocuments.js:138:42\n    at handleNotification (c:\\Users\\Jose\\.vscode\\extensions\\uqbar.wollok-lsp-ide-0.3.4\\server\\node_modules\\vscode-jsonrpc\\lib\\common\\connection.js:640:25)","timestamp":"2024-09-16T16:42:35.275Z"}
{"level":"error","message":"âœ˜ Failed to rebuild document Failed to parse Clases/testeoClase1.wtest: \n-- PARSING FAILED --------------------------------------------------\n\n  42 | describe \"testeo lucas\"{\n  43 |     test \"esta feliz\"\n> 44 | }\n     | ^\n\nExpected one of the following: \n\n'@', '{', comment, whitespace\n","stack":"Error: Failed to parse Clases/testeoClase1.wtest: \n-- PARSING FAILED --------------------------------------------------\n\n  42 | describe \"testeo lucas\"{\n  43 |     test \"esta feliz\"\n> 44 | }\n     | ^\n\nExpected one of the following: \n\n'@', '{', comment, whitespace\n\n    at c:\\Users\\Jose\\.vscode\\extensions\\uqbar.wollok-lsp-ide-0.3.4\\node_modules\\wollok-ts\\dist\\index.js:54:19\n    at Array.map (<anonymous>)\n    at buildEnvironment (c:\\Users\\Jose\\.vscode\\extensions\\uqbar.wollok-lsp-ide-0.3.4\\node_modules\\wollok-ts\\dist\\index.js:49:40)\n    at EnvironmentProvider.buildEnvironmentFrom (c:\\Users\\Jose\\.vscode\\extensions\\uqbar.wollok-lsp-ide-0.3.4\\server\\out\\utils\\vm\\environment.js:29:66)\n    at EnvironmentProvider.updateEnvironmentWith (c:\\Users\\Jose\\.vscode\\extensions\\uqbar.wollok-lsp-ide-0.3.4\\server\\out\\utils\\vm\\environment.js:19:37)\n    at rebuildTextDocument (c:\\Users\\Jose\\.vscode\\extensions\\uqbar.wollok-lsp-ide-0.3.4\\server\\out\\server.js:102:29)\n    at CallbackList.invoke (c:\\Users\\Jose\\.vscode\\extensions\\uqbar.wollok-lsp-ide-0.3.4\\server\\node_modules\\vscode-jsonrpc\\lib\\common\\events.js:55:39)\n    at Emitter.fire (c:\\Users\\Jose\\.vscode\\extensions\\uqbar.wollok-lsp-ide-0.3.4\\server\\node_modules\\vscode-jsonrpc\\lib\\common\\events.js:117:36)\n    at c:\\Users\\Jose\\.vscode\\extensions\\uqbar.wollok-lsp-ide-0.3.4\\server\\node_modules\\vscode-languageserver\\lib\\common\\textDocuments.js:138:42\n    at handleNotification (c:\\Users\\Jose\\.vscode\\extensions\\uqbar.wollok-lsp-ide-0.3.4\\server\\node_modules\\vscode-jsonrpc\\lib\\common\\connection.js:640:25)","timestamp":"2024-09-16T16:42:35.560Z"}
{"level":"error","message":"âœ˜ Failed to rebuild document Failed to parse Clases/testeoClase1.wtest: \n-- PARSING FAILED --------------------------------------------------\n\n  42 | describe \"testeo lucas\"{\n  43 |     test \"esta feliz \"\n> 44 | }\n     | ^\n\nExpected one of the following: \n\n'@', '{', comment, whitespace\n","stack":"Error: Failed to parse Clases/testeoClase1.wtest: \n-- PARSING FAILED --------------------------------------------------\n\n  42 | describe \"testeo lucas\"{\n  43 |     test \"esta feliz \"\n> 44 | }\n     | ^\n\nExpected one of the following: \n\n'@', '{', comment, whitespace\n\n    at c:\\Users\\Jose\\.vscode\\extensions\\uqbar.wollok-lsp-ide-0.3.4\\node_modules\\wollok-ts\\dist\\index.js:54:19\n    at Array.map (<anonymous>)\n    at buildEnvironment (c:\\Users\\Jose\\.vscode\\extensions\\uqbar.wollok-lsp-ide-0.3.4\\node_modules\\wollok-ts\\dist\\index.js:49:40)\n    at EnvironmentProvider.buildEnvironmentFrom (c:\\Users\\Jose\\.vscode\\extensions\\uqbar.wollok-lsp-ide-0.3.4\\server\\out\\utils\\vm\\environment.js:29:66)\n    at EnvironmentProvider.updateEnvironmentWith (c:\\Users\\Jose\\.vscode\\extensions\\uqbar.wollok-lsp-ide-0.3.4\\server\\out\\utils\\vm\\environment.js:19:37)\n    at rebuildTextDocument (c:\\Users\\Jose\\.vscode\\extensions\\uqbar.wollok-lsp-ide-0.3.4\\server\\out\\server.js:102:29)\n    at CallbackList.invoke (c:\\Users\\Jose\\.vscode\\extensions\\uqbar.wollok-lsp-ide-0.3.4\\server\\node_modules\\vscode-jsonrpc\\lib\\common\\events.js:55:39)\n    at Emitter.fire (c:\\Users\\Jose\\.vscode\\extensions\\uqbar.wollok-lsp-ide-0.3.4\\server\\node_modules\\vscode-jsonrpc\\lib\\common\\events.js:117:36)\n    at c:\\Users\\Jose\\.vscode\\extensions\\uqbar.wollok-lsp-ide-0.3.4\\server\\node_modules\\vscode-languageserver\\lib\\common\\textDocuments.js:138:42\n    at handleNotification (c:\\Users\\Jose\\.vscode\\extensions\\uqbar.wollok-lsp-ide-0.3.4\\server\\node_modules\\vscode-jsonrpc\\lib\\common\\connection.js:640:25)","timestamp":"2024-09-16T16:42:35.784Z"}
{"level":"error","message":"âœ˜ Failed to rebuild document Failed to parse Clases/testeoClase1.wtest: \n-- PARSING FAILED --------------------------------------------------\n\n  42 | describe \"testeo lucas\"{\n  43 |     test \"esta feliz s\"\n> 44 | }\n     | ^\n\nExpected one of the following: \n\n'@', '{', comment, whitespace\n","stack":"Error: Failed to parse Clases/testeoClase1.wtest: \n-- PARSING FAILED --------------------------------------------------\n\n  42 | describe \"testeo lucas\"{\n  43 |     test \"esta feliz s\"\n> 44 | }\n     | ^\n\nExpected one of the following: \n\n'@', '{', comment, whitespace\n\n    at c:\\Users\\Jose\\.vscode\\extensions\\uqbar.wollok-lsp-ide-0.3.4\\node_modules\\wollok-ts\\dist\\index.js:54:19\n    at Array.map (<anonymous>)\n    at buildEnvironment (c:\\Users\\Jose\\.vscode\\extensions\\uqbar.wollok-lsp-ide-0.3.4\\node_modules\\wollok-ts\\dist\\index.js:49:40)\n    at EnvironmentProvider.buildEnvironmentFrom (c:\\Users\\Jose\\.vscode\\extensions\\uqbar.wollok-lsp-ide-0.3.4\\server\\out\\utils\\vm\\environment.js:29:66)\n    at EnvironmentProvider.updateEnvironmentWith (c:\\Users\\Jose\\.vscode\\extensions\\uqbar.wollok-lsp-ide-0.3.4\\server\\out\\utils\\vm\\environment.js:19:37)\n    at rebuildTextDocument (c:\\Users\\Jose\\.vscode\\extensions\\uqbar.wollok-lsp-ide-0.3.4\\server\\out\\server.js:102:29)\n    at CallbackList.invoke (c:\\Users\\Jose\\.vscode\\extensions\\uqbar.wollok-lsp-ide-0.3.4\\server\\node_modules\\vscode-jsonrpc\\lib\\common\\events.js:55:39)\n    at Emitter.fire (c:\\Users\\Jose\\.vscode\\extensions\\uqbar.wollok-lsp-ide-0.3.4\\server\\node_modules\\vscode-jsonrpc\\lib\\common\\events.js:117:36)\n    at c:\\Users\\Jose\\.vscode\\extensions\\uqbar.wollok-lsp-ide-0.3.4\\server\\node_modules\\vscode-languageserver\\lib\\common\\textDocuments.js:138:42\n    at handleNotification (c:\\Users\\Jose\\.vscode\\extensions\\uqbar.wollok-lsp-ide-0.3.4\\server\\node_modules\\vscode-jsonrpc\\lib\\common\\connection.js:640:25)","timestamp":"2024-09-16T16:42:35.946Z"}
{"level":"error","message":"âœ˜ Failed to rebuild document Failed to parse Clases/testeoClase1.wtest: \n-- PARSING FAILED --------------------------------------------------\n\n  42 | describe \"testeo lucas\"{\n  43 |     test \"esta feliz si\"\n> 44 | }\n     | ^\n\nExpected one of the following: \n\n'@', '{', comment, whitespace\n","stack":"Error: Failed to parse Clases/testeoClase1.wtest: \n-- PARSING FAILED --------------------------------------------------\n\n  42 | describe \"testeo lucas\"{\n  43 |     test \"esta feliz si\"\n> 44 | }\n     | ^\n\nExpected one of the following: \n\n'@', '{', comment, whitespace\n\n    at c:\\Users\\Jose\\.vscode\\extensions\\uqbar.wollok-lsp-ide-0.3.4\\node_modules\\wollok-ts\\dist\\index.js:54:19\n    at Array.map (<anonymous>)\n    at buildEnvironment (c:\\Users\\Jose\\.vscode\\extensions\\uqbar.wollok-lsp-ide-0.3.4\\node_modules\\wollok-ts\\dist\\index.js:49:40)\n    at EnvironmentProvider.buildEnvironmentFrom (c:\\Users\\Jose\\.vscode\\extensions\\uqbar.wollok-lsp-ide-0.3.4\\server\\out\\utils\\vm\\environment.js:29:66)\n    at EnvironmentProvider.updateEnvironmentWith (c:\\Users\\Jose\\.vscode\\extensions\\uqbar.wollok-lsp-ide-0.3.4\\server\\out\\utils\\vm\\environment.js:19:37)\n    at rebuildTextDocument (c:\\Users\\Jose\\.vscode\\extensions\\uqbar.wollok-lsp-ide-0.3.4\\server\\out\\server.js:102:29)\n    at CallbackList.invoke (c:\\Users\\Jose\\.vscode\\extensions\\uqbar.wollok-lsp-ide-0.3.4\\server\\node_modules\\vscode-jsonrpc\\lib\\common\\events.js:55:39)\n    at Emitter.fire (c:\\Users\\Jose\\.vscode\\extensions\\uqbar.wollok-lsp-ide-0.3.4\\server\\node_modules\\vscode-jsonrpc\\lib\\common\\events.js:117:36)\n    at c:\\Users\\Jose\\.vscode\\extensions\\uqbar.wollok-lsp-ide-0.3.4\\server\\node_modules\\vscode-languageserver\\lib\\common\\textDocuments.js:138:42\n    at handleNotification (c:\\Users\\Jose\\.vscode\\extensions\\uqbar.wollok-lsp-ide-0.3.4\\server\\node_modules\\vscode-jsonrpc\\lib\\common\\connection.js:640:25)","timestamp":"2024-09-16T16:42:36.030Z"}
{"level":"error","message":"âœ˜ Failed to rebuild document Failed to parse Clases/testeoClase1.wtest: \n-- PARSING FAILED --------------------------------------------------\n\n  42 | describe \"testeo lucas\"{\n  43 |     test \"esta feliz si \"\n> 44 | }\n     | ^\n\nExpected one of the following: \n\n'@', '{', comment, whitespace\n","stack":"Error: Failed to parse Clases/testeoClase1.wtest: \n-- PARSING FAILED --------------------------------------------------\n\n  42 | describe \"testeo lucas\"{\n  43 |     test \"esta feliz si \"\n> 44 | }\n     | ^\n\nExpected one of the following: \n\n'@', '{', comment, whitespace\n\n    at c:\\Users\\Jose\\.vscode\\extensions\\uqbar.wollok-lsp-ide-0.3.4\\node_modules\\wollok-ts\\dist\\index.js:54:19\n    at Array.map (<anonymous>)\n    at buildEnvironment (c:\\Users\\Jose\\.vscode\\extensions\\uqbar.wollok-lsp-ide-0.3.4\\node_modules\\wollok-ts\\dist\\index.js:49:40)\n    at EnvironmentProvider.buildEnvironmentFrom (c:\\Users\\Jose\\.vscode\\extensions\\uqbar.wollok-lsp-ide-0.3.4\\server\\out\\utils\\vm\\environment.js:29:66)\n    at EnvironmentProvider.updateEnvironmentWith (c:\\Users\\Jose\\.vscode\\extensions\\uqbar.wollok-lsp-ide-0.3.4\\server\\out\\utils\\vm\\environment.js:19:37)\n    at rebuildTextDocument (c:\\Users\\Jose\\.vscode\\extensions\\uqbar.wollok-lsp-ide-0.3.4\\server\\out\\server.js:102:29)\n    at CallbackList.invoke (c:\\Users\\Jose\\.vscode\\extensions\\uqbar.wollok-lsp-ide-0.3.4\\server\\node_modules\\vscode-jsonrpc\\lib\\common\\events.js:55:39)\n    at Emitter.fire (c:\\Users\\Jose\\.vscode\\extensions\\uqbar.wollok-lsp-ide-0.3.4\\server\\node_modules\\vscode-jsonrpc\\lib\\common\\events.js:117:36)\n    at c:\\Users\\Jose\\.vscode\\extensions\\uqbar.wollok-lsp-ide-0.3.4\\server\\node_modules\\vscode-languageserver\\lib\\common\\textDocuments.js:138:42\n    at handleNotification (c:\\Users\\Jose\\.vscode\\extensions\\uqbar.wollok-lsp-ide-0.3.4\\server\\node_modules\\vscode-jsonrpc\\lib\\common\\connection.js:640:25)","timestamp":"2024-09-16T16:42:36.228Z"}
{"level":"error","message":"âœ˜ Failed to rebuild document Failed to parse Clases/testeoClase1.wtest: \n-- PARSING FAILED --------------------------------------------------\n\n  42 | describe \"testeo lucas\"{\n  43 |     test \"esta feliz si l\"\n> 44 | }\n     | ^\n\nExpected one of the following: \n\n'@', '{', comment, whitespace\n","stack":"Error: Failed to parse Clases/testeoClase1.wtest: \n-- PARSING FAILED --------------------------------------------------\n\n  42 | describe \"testeo lucas\"{\n  43 |     test \"esta feliz si l\"\n> 44 | }\n     | ^\n\nExpected one of the following: \n\n'@', '{', comment, whitespace\n\n    at c:\\Users\\Jose\\.vscode\\extensions\\uqbar.wollok-lsp-ide-0.3.4\\node_modules\\wollok-ts\\dist\\index.js:54:19\n    at Array.map (<anonymous>)\n    at buildEnvironment (c:\\Users\\Jose\\.vscode\\extensions\\uqbar.wollok-lsp-ide-0.3.4\\node_modules\\wollok-ts\\dist\\index.js:49:40)\n    at EnvironmentProvider.buildEnvironmentFrom (c:\\Users\\Jose\\.vscode\\extensions\\uqbar.wollok-lsp-ide-0.3.4\\server\\out\\utils\\vm\\environment.js:29:66)\n    at EnvironmentProvider.updateEnvironmentWith (c:\\Users\\Jose\\.vscode\\extensions\\uqbar.wollok-lsp-ide-0.3.4\\server\\out\\utils\\vm\\environment.js:19:37)\n    at rebuildTextDocument (c:\\Users\\Jose\\.vscode\\extensions\\uqbar.wollok-lsp-ide-0.3.4\\server\\out\\server.js:102:29)\n    at CallbackList.invoke (c:\\Users\\Jose\\.vscode\\extensions\\uqbar.wollok-lsp-ide-0.3.4\\server\\node_modules\\vscode-jsonrpc\\lib\\common\\events.js:55:39)\n    at Emitter.fire (c:\\Users\\Jose\\.vscode\\extensions\\uqbar.wollok-lsp-ide-0.3.4\\server\\node_modules\\vscode-jsonrpc\\lib\\common\\events.js:117:36)\n    at c:\\Users\\Jose\\.vscode\\extensions\\uqbar.wollok-lsp-ide-0.3.4\\server\\node_modules\\vscode-languageserver\\lib\\common\\textDocuments.js:138:42\n    at handleNotification (c:\\Users\\Jose\\.vscode\\extensions\\uqbar.wollok-lsp-ide-0.3.4\\server\\node_modules\\vscode-jsonrpc\\lib\\common\\connection.js:640:25)","timestamp":"2024-09-16T16:42:36.549Z"}
{"level":"error","message":"âœ˜ Failed to rebuild document Failed to parse Clases/testeoClase1.wtest: \n-- PARSING FAILED --------------------------------------------------\n\n  42 | describe \"testeo lucas\"{\n  43 |     test \"esta feliz si le\"\n> 44 | }\n     | ^\n\nExpected one of the following: \n\n'@', '{', comment, whitespace\n","stack":"Error: Failed to parse Clases/testeoClase1.wtest: \n-- PARSING FAILED --------------------------------------------------\n\n  42 | describe \"testeo lucas\"{\n  43 |     test \"esta feliz si le\"\n> 44 | }\n     | ^\n\nExpected one of the following: \n\n'@', '{', comment, whitespace\n\n    at c:\\Users\\Jose\\.vscode\\extensions\\uqbar.wollok-lsp-ide-0.3.4\\node_modules\\wollok-ts\\dist\\index.js:54:19\n    at Array.map (<anonymous>)\n    at buildEnvironment (c:\\Users\\Jose\\.vscode\\extensions\\uqbar.wollok-lsp-ide-0.3.4\\node_modules\\wollok-ts\\dist\\index.js:49:40)\n    at EnvironmentProvider.buildEnvironmentFrom (c:\\Users\\Jose\\.vscode\\extensions\\uqbar.wollok-lsp-ide-0.3.4\\server\\out\\utils\\vm\\environment.js:29:66)\n    at EnvironmentProvider.updateEnvironmentWith (c:\\Users\\Jose\\.vscode\\extensions\\uqbar.wollok-lsp-ide-0.3.4\\server\\out\\utils\\vm\\environment.js:19:37)\n    at rebuildTextDocument (c:\\Users\\Jose\\.vscode\\extensions\\uqbar.wollok-lsp-ide-0.3.4\\server\\out\\server.js:102:29)\n    at CallbackList.invoke (c:\\Users\\Jose\\.vscode\\extensions\\uqbar.wollok-lsp-ide-0.3.4\\server\\node_modules\\vscode-jsonrpc\\lib\\common\\events.js:55:39)\n    at Emitter.fire (c:\\Users\\Jose\\.vscode\\extensions\\uqbar.wollok-lsp-ide-0.3.4\\server\\node_modules\\vscode-jsonrpc\\lib\\common\\events.js:117:36)\n    at c:\\Users\\Jose\\.vscode\\extensions\\uqbar.wollok-lsp-ide-0.3.4\\server\\node_modules\\vscode-languageserver\\lib\\common\\textDocuments.js:138:42\n    at handleNotification (c:\\Users\\Jose\\.vscode\\extensions\\uqbar.wollok-lsp-ide-0.3.4\\server\\node_modules\\vscode-jsonrpc\\lib\\common\\connection.js:640:25)","timestamp":"2024-09-16T16:42:36.702Z"}
{"level":"error","message":"âœ˜ Failed to rebuild document Failed to parse Clases/testeoClase1.wtest: \n-- PARSING FAILED --------------------------------------------------\n\n  42 | describe \"testeo lucas\"{\n  43 |     test \"esta feliz si le \"\n> 44 | }\n     | ^\n\nExpected one of the following: \n\n'@', '{', comment, whitespace\n","stack":"Error: Failed to parse Clases/testeoClase1.wtest: \n-- PARSING FAILED --------------------------------------------------\n\n  42 | describe \"testeo lucas\"{\n  43 |     test \"esta feliz si le \"\n> 44 | }\n     | ^\n\nExpected one of the following: \n\n'@', '{', comment, whitespace\n\n    at c:\\Users\\Jose\\.vscode\\extensions\\uqbar.wollok-lsp-ide-0.3.4\\node_modules\\wollok-ts\\dist\\index.js:54:19\n    at Array.map (<anonymous>)\n    at buildEnvironment (c:\\Users\\Jose\\.vscode\\extensions\\uqbar.wollok-lsp-ide-0.3.4\\node_modules\\wollok-ts\\dist\\index.js:49:40)\n    at EnvironmentProvider.buildEnvironmentFrom (c:\\Users\\Jose\\.vscode\\extensions\\uqbar.wollok-lsp-ide-0.3.4\\server\\out\\utils\\vm\\environment.js:29:66)\n    at EnvironmentProvider.updateEnvironmentWith (c:\\Users\\Jose\\.vscode\\extensions\\uqbar.wollok-lsp-ide-0.3.4\\server\\out\\utils\\vm\\environment.js:19:37)\n    at rebuildTextDocument (c:\\Users\\Jose\\.vscode\\extensions\\uqbar.wollok-lsp-ide-0.3.4\\server\\out\\server.js:102:29)\n    at CallbackList.invoke (c:\\Users\\Jose\\.vscode\\extensions\\uqbar.wollok-lsp-ide-0.3.4\\server\\node_modules\\vscode-jsonrpc\\lib\\common\\events.js:55:39)\n    at Emitter.fire (c:\\Users\\Jose\\.vscode\\extensions\\uqbar.wollok-lsp-ide-0.3.4\\server\\node_modules\\vscode-jsonrpc\\lib\\common\\events.js:117:36)\n    at c:\\Users\\Jose\\.vscode\\extensions\\uqbar.wollok-lsp-ide-0.3.4\\server\\node_modules\\vscode-languageserver\\lib\\common\\textDocuments.js:138:42\n    at handleNotification (c:\\Users\\Jose\\.vscode\\extensions\\uqbar.wollok-lsp-ide-0.3.4\\server\\node_modules\\vscode-jsonrpc\\lib\\common\\connection.js:640:25)","timestamp":"2024-09-16T16:42:36.818Z"}
{"level":"error","message":"âœ˜ Failed to rebuild document Failed to parse Clases/testeoClase1.wtest: \n-- PARSING FAILED --------------------------------------------------\n\n  42 | describe \"testeo lucas\"{\n  43 |     test \"esta feliz si le a\"\n> 44 | }\n     | ^\n\nExpected one of the following: \n\n'@', '{', comment, whitespace\n","stack":"Error: Failed to parse Clases/testeoClase1.wtest: \n-- PARSING FAILED --------------------------------------------------\n\n  42 | describe \"testeo lucas\"{\n  43 |     test \"esta feliz si le a\"\n> 44 | }\n     | ^\n\nExpected one of the following: \n\n'@', '{', comment, whitespace\n\n    at c:\\Users\\Jose\\.vscode\\extensions\\uqbar.wollok-lsp-ide-0.3.4\\node_modules\\wollok-ts\\dist\\index.js:54:19\n    at Array.map (<anonymous>)\n    at buildEnvironment (c:\\Users\\Jose\\.vscode\\extensions\\uqbar.wollok-lsp-ide-0.3.4\\node_modules\\wollok-ts\\dist\\index.js:49:40)\n    at EnvironmentProvider.buildEnvironmentFrom (c:\\Users\\Jose\\.vscode\\extensions\\uqbar.wollok-lsp-ide-0.3.4\\server\\out\\utils\\vm\\environment.js:29:66)\n    at EnvironmentProvider.updateEnvironmentWith (c:\\Users\\Jose\\.vscode\\extensions\\uqbar.wollok-lsp-ide-0.3.4\\server\\out\\utils\\vm\\environment.js:19:37)\n    at rebuildTextDocument (c:\\Users\\Jose\\.vscode\\extensions\\uqbar.wollok-lsp-ide-0.3.4\\server\\out\\server.js:102:29)\n    at CallbackList.invoke (c:\\Users\\Jose\\.vscode\\extensions\\uqbar.wollok-lsp-ide-0.3.4\\server\\node_modules\\vscode-jsonrpc\\lib\\common\\events.js:55:39)\n    at Emitter.fire (c:\\Users\\Jose\\.vscode\\extensions\\uqbar.wollok-lsp-ide-0.3.4\\server\\node_modules\\vscode-jsonrpc\\lib\\common\\events.js:117:36)\n    at c:\\Users\\Jose\\.vscode\\extensions\\uqbar.wollok-lsp-ide-0.3.4\\server\\node_modules\\vscode-languageserver\\lib\\common\\textDocuments.js:138:42\n    at handleNotification (c:\\Users\\Jose\\.vscode\\extensions\\uqbar.wollok-lsp-ide-0.3.4\\server\\node_modules\\vscode-jsonrpc\\lib\\common\\connection.js:640:25)","timestamp":"2024-09-16T16:42:36.941Z"}
{"level":"error","message":"âœ˜ Failed to rebuild document Failed to parse Clases/testeoClase1.wtest: \n-- PARSING FAILED --------------------------------------------------\n\n  42 | describe \"testeo lucas\"{\n  43 |     test \"esta feliz si le al\"\n> 44 | }\n     | ^\n\nExpected one of the following: \n\n'@', '{', comment, whitespace\n","stack":"Error: Failed to parse Clases/testeoClase1.wtest: \n-- PARSING FAILED --------------------------------------------------\n\n  42 | describe \"testeo lucas\"{\n  43 |     test \"esta feliz si le al\"\n> 44 | }\n     | ^\n\nExpected one of the following: \n\n'@', '{', comment, whitespace\n\n    at c:\\Users\\Jose\\.vscode\\extensions\\uqbar.wollok-lsp-ide-0.3.4\\node_modules\\wollok-ts\\dist\\index.js:54:19\n    at Array.map (<anonymous>)\n    at buildEnvironment (c:\\Users\\Jose\\.vscode\\extensions\\uqbar.wollok-lsp-ide-0.3.4\\node_modules\\wollok-ts\\dist\\index.js:49:40)\n    at EnvironmentProvider.buildEnvironmentFrom (c:\\Users\\Jose\\.vscode\\extensions\\uqbar.wollok-lsp-ide-0.3.4\\server\\out\\utils\\vm\\environment.js:29:66)\n    at EnvironmentProvider.updateEnvironmentWith (c:\\Users\\Jose\\.vscode\\extensions\\uqbar.wollok-lsp-ide-0.3.4\\server\\out\\utils\\vm\\environment.js:19:37)\n    at rebuildTextDocument (c:\\Users\\Jose\\.vscode\\extensions\\uqbar.wollok-lsp-ide-0.3.4\\server\\out\\server.js:102:29)\n    at CallbackList.invoke (c:\\Users\\Jose\\.vscode\\extensions\\uqbar.wollok-lsp-ide-0.3.4\\server\\node_modules\\vscode-jsonrpc\\lib\\common\\events.js:55:39)\n    at Emitter.fire (c:\\Users\\Jose\\.vscode\\extensions\\uqbar.wollok-lsp-ide-0.3.4\\server\\node_modules\\vscode-jsonrpc\\lib\\common\\events.js:117:36)\n    at c:\\Users\\Jose\\.vscode\\extensions\\uqbar.wollok-lsp-ide-0.3.4\\server\\node_modules\\vscode-languageserver\\lib\\common\\textDocuments.js:138:42\n    at handleNotification (c:\\Users\\Jose\\.vscode\\extensions\\uqbar.wollok-lsp-ide-0.3.4\\server\\node_modules\\vscode-jsonrpc\\lib\\common\\connection.js:640:25)","timestamp":"2024-09-16T16:42:37.085Z"}
{"level":"error","message":"âœ˜ Failed to rebuild document Failed to parse Clases/testeoClase1.wtest: \n-- PARSING FAILED --------------------------------------------------\n\n  42 | describe \"testeo lucas\"{\n  43 |     test \"esta feliz si le alc\"\n> 44 | }\n     | ^\n\nExpected one of the following: \n\n'@', '{', comment, whitespace\n","stack":"Error: Failed to parse Clases/testeoClase1.wtest: \n-- PARSING FAILED --------------------------------------------------\n\n  42 | describe \"testeo lucas\"{\n  43 |     test \"esta feliz si le alc\"\n> 44 | }\n     | ^\n\nExpected one of the following: \n\n'@', '{', comment, whitespace\n\n    at c:\\Users\\Jose\\.vscode\\extensions\\uqbar.wollok-lsp-ide-0.3.4\\node_modules\\wollok-ts\\dist\\index.js:54:19\n    at Array.map (<anonymous>)\n    at buildEnvironment (c:\\Users\\Jose\\.vscode\\extensions\\uqbar.wollok-lsp-ide-0.3.4\\node_modules\\wollok-ts\\dist\\index.js:49:40)\n    at EnvironmentProvider.buildEnvironmentFrom (c:\\Users\\Jose\\.vscode\\extensions\\uqbar.wollok-lsp-ide-0.3.4\\server\\out\\utils\\vm\\environment.js:29:66)\n    at EnvironmentProvider.updateEnvironmentWith (c:\\Users\\Jose\\.vscode\\extensions\\uqbar.wollok-lsp-ide-0.3.4\\server\\out\\utils\\vm\\environment.js:19:37)\n    at rebuildTextDocument (c:\\Users\\Jose\\.vscode\\extensions\\uqbar.wollok-lsp-ide-0.3.4\\server\\out\\server.js:102:29)\n    at CallbackList.invoke (c:\\Users\\Jose\\.vscode\\extensions\\uqbar.wollok-lsp-ide-0.3.4\\server\\node_modules\\vscode-jsonrpc\\lib\\common\\events.js:55:39)\n    at Emitter.fire (c:\\Users\\Jose\\.vscode\\extensions\\uqbar.wollok-lsp-ide-0.3.4\\server\\node_modules\\vscode-jsonrpc\\lib\\common\\events.js:117:36)\n    at c:\\Users\\Jose\\.vscode\\extensions\\uqbar.wollok-lsp-ide-0.3.4\\server\\node_modules\\vscode-languageserver\\lib\\common\\textDocuments.js:138:42\n    at handleNotification (c:\\Users\\Jose\\.vscode\\extensions\\uqbar.wollok-lsp-ide-0.3.4\\server\\node_modules\\vscode-jsonrpc\\lib\\common\\connection.js:640:25)","timestamp":"2024-09-16T16:42:37.540Z"}
{"level":"error","message":"âœ˜ Failed to rebuild document Failed to parse Clases/testeoClase1.wtest: \n-- PARSING FAILED --------------------------------------------------\n\n  42 | describe \"testeo lucas\"{\n  43 |     test \"esta feliz si le alca\"\n> 44 | }\n     | ^\n\nExpected one of the following: \n\n'@', '{', comment, whitespace\n","stack":"Error: Failed to parse Clases/testeoClase1.wtest: \n-- PARSING FAILED --------------------------------------------------\n\n  42 | describe \"testeo lucas\"{\n  43 |     test \"esta feliz si le alca\"\n> 44 | }\n     | ^\n\nExpected one of the following: \n\n'@', '{', comment, whitespace\n\n    at c:\\Users\\Jose\\.vscode\\extensions\\uqbar.wollok-lsp-ide-0.3.4\\node_modules\\wollok-ts\\dist\\index.js:54:19\n    at Array.map (<anonymous>)\n    at buildEnvironment (c:\\Users\\Jose\\.vscode\\extensions\\uqbar.wollok-lsp-ide-0.3.4\\node_modules\\wollok-ts\\dist\\index.js:49:40)\n    at EnvironmentProvider.buildEnvironmentFrom (c:\\Users\\Jose\\.vscode\\extensions\\uqbar.wollok-lsp-ide-0.3.4\\server\\out\\utils\\vm\\environment.js:29:66)\n    at EnvironmentProvider.updateEnvironmentWith (c:\\Users\\Jose\\.vscode\\extensions\\uqbar.wollok-lsp-ide-0.3.4\\server\\out\\utils\\vm\\environment.js:19:37)\n    at rebuildTextDocument (c:\\Users\\Jose\\.vscode\\extensions\\uqbar.wollok-lsp-ide-0.3.4\\server\\out\\server.js:102:29)\n    at CallbackList.invoke (c:\\Users\\Jose\\.vscode\\extensions\\uqbar.wollok-lsp-ide-0.3.4\\server\\node_modules\\vscode-jsonrpc\\lib\\common\\events.js:55:39)\n    at Emitter.fire (c:\\Users\\Jose\\.vscode\\extensions\\uqbar.wollok-lsp-ide-0.3.4\\server\\node_modules\\vscode-jsonrpc\\lib\\common\\events.js:117:36)\n    at c:\\Users\\Jose\\.vscode\\extensions\\uqbar.wollok-lsp-ide-0.3.4\\server\\node_modules\\vscode-languageserver\\lib\\common\\textDocuments.js:138:42\n    at handleNotification (c:\\Users\\Jose\\.vscode\\extensions\\uqbar.wollok-lsp-ide-0.3.4\\server\\node_modules\\vscode-jsonrpc\\lib\\common\\connection.js:640:25)","timestamp":"2024-09-16T16:42:37.683Z"}
{"level":"error","message":"âœ˜ Failed to rebuild document Failed to parse Clases/testeoClase1.wtest: \n-- PARSING FAILED --------------------------------------------------\n\n  42 | describe \"testeo lucas\"{\n  43 |     test \"esta feliz si le alcan\"\n> 44 | }\n     | ^\n\nExpected one of the following: \n\n'@', '{', comment, whitespace\n","stack":"Error: Failed to parse Clases/testeoClase1.wtest: \n-- PARSING FAILED --------------------------------------------------\n\n  42 | describe \"testeo lucas\"{\n  43 |     test \"esta feliz si le alcan\"\n> 44 | }\n     | ^\n\nExpected one of the following: \n\n'@', '{', comment, whitespace\n\n    at c:\\Users\\Jose\\.vscode\\extensions\\uqbar.wollok-lsp-ide-0.3.4\\node_modules\\wollok-ts\\dist\\index.js:54:19\n    at Array.map (<anonymous>)\n    at buildEnvironment (c:\\Users\\Jose\\.vscode\\extensions\\uqbar.wollok-lsp-ide-0.3.4\\node_modules\\wollok-ts\\dist\\index.js:49:40)\n    at EnvironmentProvider.buildEnvironmentFrom (c:\\Users\\Jose\\.vscode\\extensions\\uqbar.wollok-lsp-ide-0.3.4\\server\\out\\utils\\vm\\environment.js:29:66)\n    at EnvironmentProvider.updateEnvironmentWith (c:\\Users\\Jose\\.vscode\\extensions\\uqbar.wollok-lsp-ide-0.3.4\\server\\out\\utils\\vm\\environment.js:19:37)\n    at rebuildTextDocument (c:\\Users\\Jose\\.vscode\\extensions\\uqbar.wollok-lsp-ide-0.3.4\\server\\out\\server.js:102:29)\n    at CallbackList.invoke (c:\\Users\\Jose\\.vscode\\extensions\\uqbar.wollok-lsp-ide-0.3.4\\server\\node_modules\\vscode-jsonrpc\\lib\\common\\events.js:55:39)\n    at Emitter.fire (c:\\Users\\Jose\\.vscode\\extensions\\uqbar.wollok-lsp-ide-0.3.4\\server\\node_modules\\vscode-jsonrpc\\lib\\common\\events.js:117:36)\n    at c:\\Users\\Jose\\.vscode\\extensions\\uqbar.wollok-lsp-ide-0.3.4\\server\\node_modules\\vscode-languageserver\\lib\\common\\textDocuments.js:138:42\n    at handleNotification (c:\\Users\\Jose\\.vscode\\extensions\\uqbar.wollok-lsp-ide-0.3.4\\server\\node_modules\\vscode-jsonrpc\\lib\\common\\connection.js:640:25)","timestamp":"2024-09-16T16:42:37.881Z"}
{"level":"error","message":"âœ˜ Failed to rebuild document Failed to parse Clases/testeoClase1.wtest: \n-- PARSING FAILED --------------------------------------------------\n\n  42 | describe \"testeo lucas\"{\n  43 |     test \"esta feliz si le alcanz\"\n> 44 | }\n     | ^\n\nExpected one of the following: \n\n'@', '{', comment, whitespace\n","stack":"Error: Failed to parse Clases/testeoClase1.wtest: \n-- PARSING FAILED --------------------------------------------------\n\n  42 | describe \"testeo lucas\"{\n  43 |     test \"esta feliz si le alcanz\"\n> 44 | }\n     | ^\n\nExpected one of the following: \n\n'@', '{', comment, whitespace\n\n    at c:\\Users\\Jose\\.vscode\\extensions\\uqbar.wollok-lsp-ide-0.3.4\\node_modules\\wollok-ts\\dist\\index.js:54:19\n    at Array.map (<anonymous>)\n    at buildEnvironment (c:\\Users\\Jose\\.vscode\\extensions\\uqbar.wollok-lsp-ide-0.3.4\\node_modules\\wollok-ts\\dist\\index.js:49:40)\n    at EnvironmentProvider.buildEnvironmentFrom (c:\\Users\\Jose\\.vscode\\extensions\\uqbar.wollok-lsp-ide-0.3.4\\server\\out\\utils\\vm\\environment.js:29:66)\n    at EnvironmentProvider.updateEnvironmentWith (c:\\Users\\Jose\\.vscode\\extensions\\uqbar.wollok-lsp-ide-0.3.4\\server\\out\\utils\\vm\\environment.js:19:37)\n    at rebuildTextDocument (c:\\Users\\Jose\\.vscode\\extensions\\uqbar.wollok-lsp-ide-0.3.4\\server\\out\\server.js:102:29)\n    at CallbackList.invoke (c:\\Users\\Jose\\.vscode\\extensions\\uqbar.wollok-lsp-ide-0.3.4\\server\\node_modules\\vscode-jsonrpc\\lib\\common\\events.js:55:39)\n    at Emitter.fire (c:\\Users\\Jose\\.vscode\\extensions\\uqbar.wollok-lsp-ide-0.3.4\\server\\node_modules\\vscode-jsonrpc\\lib\\common\\events.js:117:36)\n    at c:\\Users\\Jose\\.vscode\\extensions\\uqbar.wollok-lsp-ide-0.3.4\\server\\node_modules\\vscode-languageserver\\lib\\common\\textDocuments.js:138:42\n    at handleNotification (c:\\Users\\Jose\\.vscode\\extensions\\uqbar.wollok-lsp-ide-0.3.4\\server\\node_modules\\vscode-jsonrpc\\lib\\common\\connection.js:640:25)","timestamp":"2024-09-16T16:42:38.119Z"}
{"level":"error","message":"âœ˜ Failed to rebuild document Failed to parse Clases/testeoClase1.wtest: \n-- PARSING FAILED --------------------------------------------------\n\n  42 | describe \"testeo lucas\"{\n  43 |     test \"esta feliz si le alcanza\"\n> 44 | }\n     | ^\n\nExpected one of the following: \n\n'@', '{', comment, whitespace\n","stack":"Error: Failed to parse Clases/testeoClase1.wtest: \n-- PARSING FAILED --------------------------------------------------\n\n  42 | describe \"testeo lucas\"{\n  43 |     test \"esta feliz si le alcanza\"\n> 44 | }\n     | ^\n\nExpected one of the following: \n\n'@', '{', comment, whitespace\n\n    at c:\\Users\\Jose\\.vscode\\extensions\\uqbar.wollok-lsp-ide-0.3.4\\node_modules\\wollok-ts\\dist\\index.js:54:19\n    at Array.map (<anonymous>)\n    at buildEnvironment (c:\\Users\\Jose\\.vscode\\extensions\\uqbar.wollok-lsp-ide-0.3.4\\node_modules\\wollok-ts\\dist\\index.js:49:40)\n    at EnvironmentProvider.buildEnvironmentFrom (c:\\Users\\Jose\\.vscode\\extensions\\uqbar.wollok-lsp-ide-0.3.4\\server\\out\\utils\\vm\\environment.js:29:66)\n    at EnvironmentProvider.updateEnvironmentWith (c:\\Users\\Jose\\.vscode\\extensions\\uqbar.wollok-lsp-ide-0.3.4\\server\\out\\utils\\vm\\environment.js:19:37)\n    at rebuildTextDocument (c:\\Users\\Jose\\.vscode\\extensions\\uqbar.wollok-lsp-ide-0.3.4\\server\\out\\server.js:102:29)\n    at CallbackList.invoke (c:\\Users\\Jose\\.vscode\\extensions\\uqbar.wollok-lsp-ide-0.3.4\\server\\node_modules\\vscode-jsonrpc\\lib\\common\\events.js:55:39)\n    at Emitter.fire (c:\\Users\\Jose\\.vscode\\extensions\\uqbar.wollok-lsp-ide-0.3.4\\server\\node_modules\\vscode-jsonrpc\\lib\\common\\events.js:117:36)\n    at c:\\Users\\Jose\\.vscode\\extensions\\uqbar.wollok-lsp-ide-0.3.4\\server\\node_modules\\vscode-languageserver\\lib\\common\\textDocuments.js:138:42\n    at handleNotification (c:\\Users\\Jose\\.vscode\\extensions\\uqbar.wollok-lsp-ide-0.3.4\\server\\node_modules\\vscode-jsonrpc\\lib\\common\\connection.js:640:25)","timestamp":"2024-09-16T16:42:38.395Z"}
{"level":"error","message":"âœ˜ Failed to rebuild document Failed to parse Clases/testeoClase1.wtest: \n-- PARSING FAILED --------------------------------------------------\n\n  42 | describe \"testeo lucas\"{\n  43 |     test \"esta feliz si le alcanza \"\n> 44 | }\n     | ^\n\nExpected one of the following: \n\n'@', '{', comment, whitespace\n","stack":"Error: Failed to parse Clases/testeoClase1.wtest: \n-- PARSING FAILED --------------------------------------------------\n\n  42 | describe \"testeo lucas\"{\n  43 |     test \"esta feliz si le alcanza \"\n> 44 | }\n     | ^\n\nExpected one of the following: \n\n'@', '{', comment, whitespace\n\n    at c:\\Users\\Jose\\.vscode\\extensions\\uqbar.wollok-lsp-ide-0.3.4\\node_modules\\wollok-ts\\dist\\index.js:54:19\n    at Array.map (<anonymous>)\n    at buildEnvironment (c:\\Users\\Jose\\.vscode\\extensions\\uqbar.wollok-lsp-ide-0.3.4\\node_modules\\wollok-ts\\dist\\index.js:49:40)\n    at EnvironmentProvider.buildEnvironmentFrom (c:\\Users\\Jose\\.vscode\\extensions\\uqbar.wollok-lsp-ide-0.3.4\\server\\out\\utils\\vm\\environment.js:29:66)\n    at EnvironmentProvider.updateEnvironmentWith (c:\\Users\\Jose\\.vscode\\extensions\\uqbar.wollok-lsp-ide-0.3.4\\server\\out\\utils\\vm\\environment.js:19:37)\n    at rebuildTextDocument (c:\\Users\\Jose\\.vscode\\extensions\\uqbar.wollok-lsp-ide-0.3.4\\server\\out\\server.js:102:29)\n    at CallbackList.invoke (c:\\Users\\Jose\\.vscode\\extensions\\uqbar.wollok-lsp-ide-0.3.4\\server\\node_modules\\vscode-jsonrpc\\lib\\common\\events.js:55:39)\n    at Emitter.fire (c:\\Users\\Jose\\.vscode\\extensions\\uqbar.wollok-lsp-ide-0.3.4\\server\\node_modules\\vscode-jsonrpc\\lib\\common\\events.js:117:36)\n    at c:\\Users\\Jose\\.vscode\\extensions\\uqbar.wollok-lsp-ide-0.3.4\\server\\node_modules\\vscode-languageserver\\lib\\common\\textDocuments.js:138:42\n    at handleNotification (c:\\Users\\Jose\\.vscode\\extensions\\uqbar.wollok-lsp-ide-0.3.4\\server\\node_modules\\vscode-jsonrpc\\lib\\common\\connection.js:640:25)","timestamp":"2024-09-16T16:42:38.932Z"}
{"level":"error","message":"âœ˜ Failed to rebuild document Failed to parse Clases/testeoClase1.wtest: \n-- PARSING FAILED --------------------------------------------------\n\n  42 | describe \"testeo lucas\"{\n  43 |     test \"esta feliz si le alcanza l\"\n> 44 | }\n     | ^\n\nExpected one of the following: \n\n'@', '{', comment, whitespace\n","stack":"Error: Failed to parse Clases/testeoClase1.wtest: \n-- PARSING FAILED --------------------------------------------------\n\n  42 | describe \"testeo lucas\"{\n  43 |     test \"esta feliz si le alcanza l\"\n> 44 | }\n     | ^\n\nExpected one of the following: \n\n'@', '{', comment, whitespace\n\n    at c:\\Users\\Jose\\.vscode\\extensions\\uqbar.wollok-lsp-ide-0.3.4\\node_modules\\wollok-ts\\dist\\index.js:54:19\n    at Array.map (<anonymous>)\n    at buildEnvironment (c:\\Users\\Jose\\.vscode\\extensions\\uqbar.wollok-lsp-ide-0.3.4\\node_modules\\wollok-ts\\dist\\index.js:49:40)\n    at EnvironmentProvider.buildEnvironmentFrom (c:\\Users\\Jose\\.vscode\\extensions\\uqbar.wollok-lsp-ide-0.3.4\\server\\out\\utils\\vm\\environment.js:29:66)\n    at EnvironmentProvider.updateEnvironmentWith (c:\\Users\\Jose\\.vscode\\extensions\\uqbar.wollok-lsp-ide-0.3.4\\server\\out\\utils\\vm\\environment.js:19:37)\n    at rebuildTextDocument (c:\\Users\\Jose\\.vscode\\extensions\\uqbar.wollok-lsp-ide-0.3.4\\server\\out\\server.js:102:29)\n    at CallbackList.invoke (c:\\Users\\Jose\\.vscode\\extensions\\uqbar.wollok-lsp-ide-0.3.4\\server\\node_modules\\vscode-jsonrpc\\lib\\common\\events.js:55:39)\n    at Emitter.fire (c:\\Users\\Jose\\.vscode\\extensions\\uqbar.wollok-lsp-ide-0.3.4\\server\\node_modules\\vscode-jsonrpc\\lib\\common\\events.js:117:36)\n    at c:\\Users\\Jose\\.vscode\\extensions\\uqbar.wollok-lsp-ide-0.3.4\\server\\node_modules\\vscode-languageserver\\lib\\common\\textDocuments.js:138:42\n    at handleNotification (c:\\Users\\Jose\\.vscode\\extensions\\uqbar.wollok-lsp-ide-0.3.4\\server\\node_modules\\vscode-jsonrpc\\lib\\common\\connection.js:640:25)","timestamp":"2024-09-16T16:42:39.171Z"}
{"level":"error","message":"âœ˜ Failed to rebuild document Failed to parse Clases/testeoClase1.wtest: \n-- PARSING FAILED --------------------------------------------------\n\n  42 | describe \"testeo lucas\"{\n  43 |     test \"esta feliz si le alcanza la\"\n> 44 | }\n     | ^\n\nExpected one of the following: \n\n'@', '{', comment, whitespace\n","stack":"Error: Failed to parse Clases/testeoClase1.wtest: \n-- PARSING FAILED --------------------------------------------------\n\n  42 | describe \"testeo lucas\"{\n  43 |     test \"esta feliz si le alcanza la\"\n> 44 | }\n     | ^\n\nExpected one of the following: \n\n'@', '{', comment, whitespace\n\n    at c:\\Users\\Jose\\.vscode\\extensions\\uqbar.wollok-lsp-ide-0.3.4\\node_modules\\wollok-ts\\dist\\index.js:54:19\n    at Array.map (<anonymous>)\n    at buildEnvironment (c:\\Users\\Jose\\.vscode\\extensions\\uqbar.wollok-lsp-ide-0.3.4\\node_modules\\wollok-ts\\dist\\index.js:49:40)\n    at EnvironmentProvider.buildEnvironmentFrom (c:\\Users\\Jose\\.vscode\\extensions\\uqbar.wollok-lsp-ide-0.3.4\\server\\out\\utils\\vm\\environment.js:29:66)\n    at EnvironmentProvider.updateEnvironmentWith (c:\\Users\\Jose\\.vscode\\extensions\\uqbar.wollok-lsp-ide-0.3.4\\server\\out\\utils\\vm\\environment.js:19:37)\n    at rebuildTextDocument (c:\\Users\\Jose\\.vscode\\extensions\\uqbar.wollok-lsp-ide-0.3.4\\server\\out\\server.js:102:29)\n    at CallbackList.invoke (c:\\Users\\Jose\\.vscode\\extensions\\uqbar.wollok-lsp-ide-0.3.4\\server\\node_modules\\vscode-jsonrpc\\lib\\common\\events.js:55:39)\n    at Emitter.fire (c:\\Users\\Jose\\.vscode\\extensions\\uqbar.wollok-lsp-ide-0.3.4\\server\\node_modules\\vscode-jsonrpc\\lib\\common\\events.js:117:36)\n    at c:\\Users\\Jose\\.vscode\\extensions\\uqbar.wollok-lsp-ide-0.3.4\\server\\node_modules\\vscode-languageserver\\lib\\common\\textDocuments.js:138:42\n    at handleNotification (c:\\Users\\Jose\\.vscode\\extensions\\uqbar.wollok-lsp-ide-0.3.4\\server\\node_modules\\vscode-jsonrpc\\lib\\common\\connection.js:640:25)","timestamp":"2024-09-16T16:42:39.326Z"}
{"level":"error","message":"âœ˜ Failed to rebuild document Failed to parse Clases/testeoClase1.wtest: \n-- PARSING FAILED --------------------------------------------------\n\n  42 | describe \"testeo lucas\"{\n  43 |     test \"esta feliz si le alcanza la \"\n> 44 | }\n     | ^\n\nExpected one of the following: \n\n'@', '{', comment, whitespace\n","stack":"Error: Failed to parse Clases/testeoClase1.wtest: \n-- PARSING FAILED --------------------------------------------------\n\n  42 | describe \"testeo lucas\"{\n  43 |     test \"esta feliz si le alcanza la \"\n> 44 | }\n     | ^\n\nExpected one of the following: \n\n'@', '{', comment, whitespace\n\n    at c:\\Users\\Jose\\.vscode\\extensions\\uqbar.wollok-lsp-ide-0.3.4\\node_modules\\wollok-ts\\dist\\index.js:54:19\n    at Array.map (<anonymous>)\n    at buildEnvironment (c:\\Users\\Jose\\.vscode\\extensions\\uqbar.wollok-lsp-ide-0.3.4\\node_modules\\wollok-ts\\dist\\index.js:49:40)\n    at EnvironmentProvider.buildEnvironmentFrom (c:\\Users\\Jose\\.vscode\\extensions\\uqbar.wollok-lsp-ide-0.3.4\\server\\out\\utils\\vm\\environment.js:29:66)\n    at EnvironmentProvider.updateEnvironmentWith (c:\\Users\\Jose\\.vscode\\extensions\\uqbar.wollok-lsp-ide-0.3.4\\server\\out\\utils\\vm\\environment.js:19:37)\n    at rebuildTextDocument (c:\\Users\\Jose\\.vscode\\extensions\\uqbar.wollok-lsp-ide-0.3.4\\server\\out\\server.js:102:29)\n    at CallbackList.invoke (c:\\Users\\Jose\\.vscode\\extensions\\uqbar.wollok-lsp-ide-0.3.4\\server\\node_modules\\vscode-jsonrpc\\lib\\common\\events.js:55:39)\n    at Emitter.fire (c:\\Users\\Jose\\.vscode\\extensions\\uqbar.wollok-lsp-ide-0.3.4\\server\\node_modules\\vscode-jsonrpc\\lib\\common\\events.js:117:36)\n    at c:\\Users\\Jose\\.vscode\\extensions\\uqbar.wollok-lsp-ide-0.3.4\\server\\node_modules\\vscode-languageserver\\lib\\common\\textDocuments.js:138:42\n    at handleNotification (c:\\Users\\Jose\\.vscode\\extensions\\uqbar.wollok-lsp-ide-0.3.4\\server\\node_modules\\vscode-jsonrpc\\lib\\common\\connection.js:640:25)","timestamp":"2024-09-16T16:42:39.398Z"}
{"level":"error","message":"âœ˜ Failed to rebuild document Failed to parse Clases/testeoClase1.wtest: \n-- PARSING FAILED --------------------------------------------------\n\n  42 | describe \"testeo lucas\"{\n  43 |     test \"esta feliz si le alcanza la p\"\n> 44 | }\n     | ^\n\nExpected one of the following: \n\n'@', '{', comment, whitespace\n","stack":"Error: Failed to parse Clases/testeoClase1.wtest: \n-- PARSING FAILED --------------------------------------------------\n\n  42 | describe \"testeo lucas\"{\n  43 |     test \"esta feliz si le alcanza la p\"\n> 44 | }\n     | ^\n\nExpected one of the following: \n\n'@', '{', comment, whitespace\n\n    at c:\\Users\\Jose\\.vscode\\extensions\\uqbar.wollok-lsp-ide-0.3.4\\node_modules\\wollok-ts\\dist\\index.js:54:19\n    at Array.map (<anonymous>)\n    at buildEnvironment (c:\\Users\\Jose\\.vscode\\extensions\\uqbar.wollok-lsp-ide-0.3.4\\node_modules\\wollok-ts\\dist\\index.js:49:40)\n    at EnvironmentProvider.buildEnvironmentFrom (c:\\Users\\Jose\\.vscode\\extensions\\uqbar.wollok-lsp-ide-0.3.4\\server\\out\\utils\\vm\\environment.js:29:66)\n    at EnvironmentProvider.updateEnvironmentWith (c:\\Users\\Jose\\.vscode\\extensions\\uqbar.wollok-lsp-ide-0.3.4\\server\\out\\utils\\vm\\environment.js:19:37)\n    at rebuildTextDocument (c:\\Users\\Jose\\.vscode\\extensions\\uqbar.wollok-lsp-ide-0.3.4\\server\\out\\server.js:102:29)\n    at CallbackList.invoke (c:\\Users\\Jose\\.vscode\\extensions\\uqbar.wollok-lsp-ide-0.3.4\\server\\node_modules\\vscode-jsonrpc\\lib\\common\\events.js:55:39)\n    at Emitter.fire (c:\\Users\\Jose\\.vscode\\extensions\\uqbar.wollok-lsp-ide-0.3.4\\server\\node_modules\\vscode-jsonrpc\\lib\\common\\events.js:117:36)\n    at c:\\Users\\Jose\\.vscode\\extensions\\uqbar.wollok-lsp-ide-0.3.4\\server\\node_modules\\vscode-languageserver\\lib\\common\\textDocuments.js:138:42\n    at handleNotification (c:\\Users\\Jose\\.vscode\\extensions\\uqbar.wollok-lsp-ide-0.3.4\\server\\node_modules\\vscode-jsonrpc\\lib\\common\\connection.js:640:25)","timestamp":"2024-09-16T16:42:39.569Z"}
{"level":"error","message":"âœ˜ Failed to rebuild document Failed to parse Clases/testeoClase1.wtest: \n-- PARSING FAILED --------------------------------------------------\n\n  42 | describe \"testeo lucas\"{\n  43 |     test \"esta feliz si le alcanza la pl\"\n> 44 | }\n     | ^\n\nExpected one of the following: \n\n'@', '{', comment, whitespace\n","stack":"Error: Failed to parse Clases/testeoClase1.wtest: \n-- PARSING FAILED --------------------------------------------------\n\n  42 | describe \"testeo lucas\"{\n  43 |     test \"esta feliz si le alcanza la pl\"\n> 44 | }\n     | ^\n\nExpected one of the following: \n\n'@', '{', comment, whitespace\n\n    at c:\\Users\\Jose\\.vscode\\extensions\\uqbar.wollok-lsp-ide-0.3.4\\node_modules\\wollok-ts\\dist\\index.js:54:19\n    at Array.map (<anonymous>)\n    at buildEnvironment (c:\\Users\\Jose\\.vscode\\extensions\\uqbar.wollok-lsp-ide-0.3.4\\node_modules\\wollok-ts\\dist\\index.js:49:40)\n    at EnvironmentProvider.buildEnvironmentFrom (c:\\Users\\Jose\\.vscode\\extensions\\uqbar.wollok-lsp-ide-0.3.4\\server\\out\\utils\\vm\\environment.js:29:66)\n    at EnvironmentProvider.updateEnvironmentWith (c:\\Users\\Jose\\.vscode\\extensions\\uqbar.wollok-lsp-ide-0.3.4\\server\\out\\utils\\vm\\environment.js:19:37)\n    at rebuildTextDocument (c:\\Users\\Jose\\.vscode\\extensions\\uqbar.wollok-lsp-ide-0.3.4\\server\\out\\server.js:102:29)\n    at CallbackList.invoke (c:\\Users\\Jose\\.vscode\\extensions\\uqbar.wollok-lsp-ide-0.3.4\\server\\node_modules\\vscode-jsonrpc\\lib\\common\\events.js:55:39)\n    at Emitter.fire (c:\\Users\\Jose\\.vscode\\extensions\\uqbar.wollok-lsp-ide-0.3.4\\server\\node_modules\\vscode-jsonrpc\\lib\\common\\events.js:117:36)\n    at c:\\Users\\Jose\\.vscode\\extensions\\uqbar.wollok-lsp-ide-0.3.4\\server\\node_modules\\vscode-languageserver\\lib\\common\\textDocuments.js:138:42\n    at handleNotification (c:\\Users\\Jose\\.vscode\\extensions\\uqbar.wollok-lsp-ide-0.3.4\\server\\node_modules\\vscode-jsonrpc\\lib\\common\\connection.js:640:25)","timestamp":"2024-09-16T16:42:39.731Z"}
{"level":"error","message":"âœ˜ Failed to rebuild document Failed to parse Clases/testeoClase1.wtest: \n-- PARSING FAILED --------------------------------------------------\n\n  42 | describe \"testeo lucas\"{\n  43 |     test \"esta feliz si le alcanza la pla\"\n> 44 | }\n     | ^\n\nExpected one of the following: \n\n'@', '{', comment, whitespace\n","stack":"Error: Failed to parse Clases/testeoClase1.wtest: \n-- PARSING FAILED --------------------------------------------------\n\n  42 | describe \"testeo lucas\"{\n  43 |     test \"esta feliz si le alcanza la pla\"\n> 44 | }\n     | ^\n\nExpected one of the following: \n\n'@', '{', comment, whitespace\n\n    at c:\\Users\\Jose\\.vscode\\extensions\\uqbar.wollok-lsp-ide-0.3.4\\node_modules\\wollok-ts\\dist\\index.js:54:19\n    at Array.map (<anonymous>)\n    at buildEnvironment (c:\\Users\\Jose\\.vscode\\extensions\\uqbar.wollok-lsp-ide-0.3.4\\node_modules\\wollok-ts\\dist\\index.js:49:40)\n    at EnvironmentProvider.buildEnvironmentFrom (c:\\Users\\Jose\\.vscode\\extensions\\uqbar.wollok-lsp-ide-0.3.4\\server\\out\\utils\\vm\\environment.js:29:66)\n    at EnvironmentProvider.updateEnvironmentWith (c:\\Users\\Jose\\.vscode\\extensions\\uqbar.wollok-lsp-ide-0.3.4\\server\\out\\utils\\vm\\environment.js:19:37)\n    at rebuildTextDocument (c:\\Users\\Jose\\.vscode\\extensions\\uqbar.wollok-lsp-ide-0.3.4\\server\\out\\server.js:102:29)\n    at CallbackList.invoke (c:\\Users\\Jose\\.vscode\\extensions\\uqbar.wollok-lsp-ide-0.3.4\\server\\node_modules\\vscode-jsonrpc\\lib\\common\\events.js:55:39)\n    at Emitter.fire (c:\\Users\\Jose\\.vscode\\extensions\\uqbar.wollok-lsp-ide-0.3.4\\server\\node_modules\\vscode-jsonrpc\\lib\\common\\events.js:117:36)\n    at c:\\Users\\Jose\\.vscode\\extensions\\uqbar.wollok-lsp-ide-0.3.4\\server\\node_modules\\vscode-languageserver\\lib\\common\\textDocuments.js:138:42\n    at handleNotification (c:\\Users\\Jose\\.vscode\\extensions\\uqbar.wollok-lsp-ide-0.3.4\\server\\node_modules\\vscode-jsonrpc\\lib\\common\\connection.js:640:25)","timestamp":"2024-09-16T16:42:39.819Z"}
{"level":"error","message":"âœ˜ Failed to rebuild document Failed to parse Clases/testeoClase1.wtest: \n-- PARSING FAILED --------------------------------------------------\n\n  42 | describe \"testeo lucas\"{\n  43 |     test \"esta feliz si le alcanza la plat\"\n> 44 | }\n     | ^\n\nExpected one of the following: \n\n'@', '{', comment, whitespace\n","stack":"Error: Failed to parse Clases/testeoClase1.wtest: \n-- PARSING FAILED --------------------------------------------------\n\n  42 | describe \"testeo lucas\"{\n  43 |     test \"esta feliz si le alcanza la plat\"\n> 44 | }\n     | ^\n\nExpected one of the following: \n\n'@', '{', comment, whitespace\n\n    at c:\\Users\\Jose\\.vscode\\extensions\\uqbar.wollok-lsp-ide-0.3.4\\node_modules\\wollok-ts\\dist\\index.js:54:19\n    at Array.map (<anonymous>)\n    at buildEnvironment (c:\\Users\\Jose\\.vscode\\extensions\\uqbar.wollok-lsp-ide-0.3.4\\node_modules\\wollok-ts\\dist\\index.js:49:40)\n    at EnvironmentProvider.buildEnvironmentFrom (c:\\Users\\Jose\\.vscode\\extensions\\uqbar.wollok-lsp-ide-0.3.4\\server\\out\\utils\\vm\\environment.js:29:66)\n    at EnvironmentProvider.updateEnvironmentWith (c:\\Users\\Jose\\.vscode\\extensions\\uqbar.wollok-lsp-ide-0.3.4\\server\\out\\utils\\vm\\environment.js:19:37)\n    at rebuildTextDocument (c:\\Users\\Jose\\.vscode\\extensions\\uqbar.wollok-lsp-ide-0.3.4\\server\\out\\server.js:102:29)\n    at CallbackList.invoke (c:\\Users\\Jose\\.vscode\\extensions\\uqbar.wollok-lsp-ide-0.3.4\\server\\node_modules\\vscode-jsonrpc\\lib\\common\\events.js:55:39)\n    at Emitter.fire (c:\\Users\\Jose\\.vscode\\extensions\\uqbar.wollok-lsp-ide-0.3.4\\server\\node_modules\\vscode-jsonrpc\\lib\\common\\events.js:117:36)\n    at c:\\Users\\Jose\\.vscode\\extensions\\uqbar.wollok-lsp-ide-0.3.4\\server\\node_modules\\vscode-languageserver\\lib\\common\\textDocuments.js:138:42\n    at handleNotification (c:\\Users\\Jose\\.vscode\\extensions\\uqbar.wollok-lsp-ide-0.3.4\\server\\node_modules\\vscode-jsonrpc\\lib\\common\\connection.js:640:25)","timestamp":"2024-09-16T16:42:39.973Z"}
{"level":"error","message":"âœ˜ Failed to rebuild document Failed to parse Clases/testeoClase1.wtest: \n-- PARSING FAILED --------------------------------------------------\n\n  42 | describe \"testeo lucas\"{\n  43 |     test \"esta feliz si le alcanza la plata\"\n> 44 | }\n     | ^\n\nExpected one of the following: \n\n'@', '{', comment, whitespace\n","stack":"Error: Failed to parse Clases/testeoClase1.wtest: \n-- PARSING FAILED --------------------------------------------------\n\n  42 | describe \"testeo lucas\"{\n  43 |     test \"esta feliz si le alcanza la plata\"\n> 44 | }\n     | ^\n\nExpected one of the following: \n\n'@', '{', comment, whitespace\n\n    at c:\\Users\\Jose\\.vscode\\extensions\\uqbar.wollok-lsp-ide-0.3.4\\node_modules\\wollok-ts\\dist\\index.js:54:19\n    at Array.map (<anonymous>)\n    at buildEnvironment (c:\\Users\\Jose\\.vscode\\extensions\\uqbar.wollok-lsp-ide-0.3.4\\node_modules\\wollok-ts\\dist\\index.js:49:40)\n    at EnvironmentProvider.buildEnvironmentFrom (c:\\Users\\Jose\\.vscode\\extensions\\uqbar.wollok-lsp-ide-0.3.4\\server\\out\\utils\\vm\\environment.js:29:66)\n    at EnvironmentProvider.updateEnvironmentWith (c:\\Users\\Jose\\.vscode\\extensions\\uqbar.wollok-lsp-ide-0.3.4\\server\\out\\utils\\vm\\environment.js:19:37)\n    at rebuildTextDocument (c:\\Users\\Jose\\.vscode\\extensions\\uqbar.wollok-lsp-ide-0.3.4\\server\\out\\server.js:102:29)\n    at CallbackList.invoke (c:\\Users\\Jose\\.vscode\\extensions\\uqbar.wollok-lsp-ide-0.3.4\\server\\node_modules\\vscode-jsonrpc\\lib\\common\\events.js:55:39)\n    at Emitter.fire (c:\\Users\\Jose\\.vscode\\extensions\\uqbar.wollok-lsp-ide-0.3.4\\server\\node_modules\\vscode-jsonrpc\\lib\\common\\events.js:117:36)\n    at c:\\Users\\Jose\\.vscode\\extensions\\uqbar.wollok-lsp-ide-0.3.4\\server\\node_modules\\vscode-languageserver\\lib\\common\\textDocuments.js:138:42\n    at handleNotification (c:\\Users\\Jose\\.vscode\\extensions\\uqbar.wollok-lsp-ide-0.3.4\\server\\node_modules\\vscode-jsonrpc\\lib\\common\\connection.js:640:25)","timestamp":"2024-09-16T16:42:40.106Z"}
{"level":"info","message":"âŒ› Validating Clases/testeoClase1.wtest","timeElapsed":141,"timestamp":"2024-09-16T16:42:41.725Z"}
{"level":"info","message":"âŒ› Validating Clases/testeoClase1.wtest","timeElapsed":105,"timestamp":"2024-09-16T16:42:41.910Z"}
{"level":"info","message":"âŒ› Validating Clases/testeoClase1.wtest","timeElapsed":102,"timestamp":"2024-09-16T16:42:44.439Z"}
{"level":"info","message":"onRequest - completionItem/resolve","timestamp":"2024-09-16T16:42:44.439Z"}
{"level":"info","message":"onRequest - completionItem/resolve","timestamp":"2024-09-16T16:42:44.519Z"}
{"level":"info","message":"onRequest - completionItem/resolve","timestamp":"2024-09-16T16:42:44.592Z"}
{"level":"info","message":"onRequest - completionItem/resolve","timestamp":"2024-09-16T16:42:45.671Z"}
{"level":"info","message":"âŒ› Validating Clases/testeoClase1.wtest","timeElapsed":119,"timestamp":"2024-09-16T16:42:45.790Z"}
{"level":"info","message":"âŒ› Validating Clases/testeoClase1.wtest","timeElapsed":103,"timestamp":"2024-09-16T16:42:46.850Z"}
{"level":"info","message":"âŒ› Validating Clases/testeoClase1.wtest","timeElapsed":107,"timestamp":"2024-09-16T16:42:52.905Z"}
{"level":"error","message":"âœ˜ Completions for node failed: Error: pl [Variable]{e5e613} at Clases/testeoClase1.wtest:44 exhausted all cases without a match pl [Variable]{e5e613} at Clases/testeoClase1.wtest:44 exhausted all cases without a match","stack":"Error: pl [Variable]{e5e613} at Clases/testeoClase1.wtest:44 exhausted all cases without a match\n    at c:\\Users\\Jose\\.vscode\\extensions\\uqbar.wollok-lsp-ide-0.3.4\\node_modules\\wollok-ts\\dist\\extensions.js:85:11\n    at completionsForNode (c:\\Users\\Jose\\.vscode\\extensions\\uqbar.wollok-lsp-ide-0.3.4\\server\\out\\functionalities\\autocomplete\\node-completion.js:10:44)\n    at c:\\Users\\Jose\\.vscode\\extensions\\uqbar.wollok-lsp-ide-0.3.4\\server\\out\\functionalities\\autocomplete\\autocomplete.js:26:154\n    at c:\\Users\\Jose\\.vscode\\extensions\\uqbar.wollok-lsp-ide-0.3.4\\server\\out\\server.js:198:20\n    at c:\\Users\\Jose\\.vscode\\extensions\\uqbar.wollok-lsp-ide-0.3.4\\server\\node_modules\\vscode-languageserver\\lib\\common\\server.js:593:20\n    at handleRequest (c:\\Users\\Jose\\.vscode\\extensions\\uqbar.wollok-lsp-ide-0.3.4\\server\\node_modules\\vscode-jsonrpc\\lib\\common\\connection.js:493:41)\n    at handleMessage (c:\\Users\\Jose\\.vscode\\extensions\\uqbar.wollok-lsp-ide-0.3.4\\server\\node_modules\\vscode-jsonrpc\\lib\\common\\connection.js:339:13)\n    at processMessageQueue (c:\\Users\\Jose\\.vscode\\extensions\\uqbar.wollok-lsp-ide-0.3.4\\server\\node_modules\\vscode-jsonrpc\\lib\\common\\connection.js:362:17)\n    at Immediate._onImmediate (c:\\Users\\Jose\\.vscode\\extensions\\uqbar.wollok-lsp-ide-0.3.4\\server\\node_modules\\vscode-jsonrpc\\lib\\common\\connection.js:334:13)\n    at process.processImmediate (node:internal/timers:478:21)","timestamp":"2024-09-16T16:42:52.995Z"}
{"level":"info","message":"onRequest - completionItem/resolve","timestamp":"2024-09-16T16:42:53.088Z"}
{"level":"error","message":"âœ˜ Completions for node failed: Error: pla [Variable]{0a1856} at Clases/testeoClase1.wtest:44 exhausted all cases without a match pla [Variable]{0a1856} at Clases/testeoClase1.wtest:44 exhausted all cases without a match","stack":"Error: pla [Variable]{0a1856} at Clases/testeoClase1.wtest:44 exhausted all cases without a match\n    at c:\\Users\\Jose\\.vscode\\extensions\\uqbar.wollok-lsp-ide-0.3.4\\node_modules\\wollok-ts\\dist\\extensions.js:85:11\n    at completionsForNode (c:\\Users\\Jose\\.vscode\\extensions\\uqbar.wollok-lsp-ide-0.3.4\\server\\out\\functionalities\\autocomplete\\node-completion.js:10:44)\n    at c:\\Users\\Jose\\.vscode\\extensions\\uqbar.wollok-lsp-ide-0.3.4\\server\\out\\functionalities\\autocomplete\\autocomplete.js:26:154\n    at c:\\Users\\Jose\\.vscode\\extensions\\uqbar.wollok-lsp-ide-0.3.4\\server\\out\\server.js:198:20\n    at c:\\Users\\Jose\\.vscode\\extensions\\uqbar.wollok-lsp-ide-0.3.4\\server\\node_modules\\vscode-languageserver\\lib\\common\\server.js:593:20\n    at handleRequest (c:\\Users\\Jose\\.vscode\\extensions\\uqbar.wollok-lsp-ide-0.3.4\\server\\node_modules\\vscode-jsonrpc\\lib\\common\\connection.js:493:41)\n    at handleMessage (c:\\Users\\Jose\\.vscode\\extensions\\uqbar.wollok-lsp-ide-0.3.4\\server\\node_modules\\vscode-jsonrpc\\lib\\common\\connection.js:339:13)\n    at processMessageQueue (c:\\Users\\Jose\\.vscode\\extensions\\uqbar.wollok-lsp-ide-0.3.4\\server\\node_modules\\vscode-jsonrpc\\lib\\common\\connection.js:362:17)\n    at Immediate._onImmediate (c:\\Users\\Jose\\.vscode\\extensions\\uqbar.wollok-lsp-ide-0.3.4\\server\\node_modules\\vscode-jsonrpc\\lib\\common\\connection.js:334:13)\n    at process.processImmediate (node:internal/timers:478:21)","timestamp":"2024-09-16T16:42:53.197Z"}
{"level":"info","message":"âŒ› Validating Clases/testeoClase1.wtest","timeElapsed":103,"timestamp":"2024-09-16T16:42:53.303Z"}
{"level":"info","message":"onRequest - completionItem/resolve","timestamp":"2024-09-16T16:42:53.303Z"}
{"level":"error","message":"âœ˜ Completions for node failed: Error: plat [Variable]{c10c2b} at Clases/testeoClase1.wtest:44 exhausted all cases without a match plat [Variable]{c10c2b} at Clases/testeoClase1.wtest:44 exhausted all cases without a match","stack":"Error: plat [Variable]{c10c2b} at Clases/testeoClase1.wtest:44 exhausted all cases without a match\n    at c:\\Users\\Jose\\.vscode\\extensions\\uqbar.wollok-lsp-ide-0.3.4\\node_modules\\wollok-ts\\dist\\extensions.js:85:11\n    at completionsForNode (c:\\Users\\Jose\\.vscode\\extensions\\uqbar.wollok-lsp-ide-0.3.4\\server\\out\\functionalities\\autocomplete\\node-completion.js:10:44)\n    at c:\\Users\\Jose\\.vscode\\extensions\\uqbar.wollok-lsp-ide-0.3.4\\server\\out\\functionalities\\autocomplete\\autocomplete.js:26:154\n    at c:\\Users\\Jose\\.vscode\\extensions\\uqbar.wollok-lsp-ide-0.3.4\\server\\out\\server.js:198:20\n    at c:\\Users\\Jose\\.vscode\\extensions\\uqbar.wollok-lsp-ide-0.3.4\\server\\node_modules\\vscode-languageserver\\lib\\common\\server.js:593:20\n    at handleRequest (c:\\Users\\Jose\\.vscode\\extensions\\uqbar.wollok-lsp-ide-0.3.4\\server\\node_modules\\vscode-jsonrpc\\lib\\common\\connection.js:493:41)\n    at handleMessage (c:\\Users\\Jose\\.vscode\\extensions\\uqbar.wollok-lsp-ide-0.3.4\\server\\node_modules\\vscode-jsonrpc\\lib\\common\\connection.js:339:13)\n    at processMessageQueue (c:\\Users\\Jose\\.vscode\\extensions\\uqbar.wollok-lsp-ide-0.3.4\\server\\node_modules\\vscode-jsonrpc\\lib\\common\\connection.js:362:17)\n    at Immediate._onImmediate (c:\\Users\\Jose\\.vscode\\extensions\\uqbar.wollok-lsp-ide-0.3.4\\server\\node_modules\\vscode-jsonrpc\\lib\\common\\connection.js:334:13)\n    at process.processImmediate (node:internal/timers:478:21)","timestamp":"2024-09-16T16:42:53.386Z"}
{"level":"info","message":"onRequest - completionItem/resolve","timestamp":"2024-09-16T16:42:53.482Z"}
{"level":"error","message":"âœ˜ Completions for node failed: Error: plata [Variable]{64febf} at Clases/testeoClase1.wtest:44 exhausted all cases without a match plata [Variable]{64febf} at Clases/testeoClase1.wtest:44 exhausted all cases without a match","stack":"Error: plata [Variable]{64febf} at Clases/testeoClase1.wtest:44 exhausted all cases without a match\n    at c:\\Users\\Jose\\.vscode\\extensions\\uqbar.wollok-lsp-ide-0.3.4\\node_modules\\wollok-ts\\dist\\extensions.js:85:11\n    at completionsForNode (c:\\Users\\Jose\\.vscode\\extensions\\uqbar.wollok-lsp-ide-0.3.4\\server\\out\\functionalities\\autocomplete\\node-completion.js:10:44)\n    at c:\\Users\\Jose\\.vscode\\extensions\\uqbar.wollok-lsp-ide-0.3.4\\server\\out\\functionalities\\autocomplete\\autocomplete.js:26:154\n    at c:\\Users\\Jose\\.vscode\\extensions\\uqbar.wollok-lsp-ide-0.3.4\\server\\out\\server.js:198:20\n    at c:\\Users\\Jose\\.vscode\\extensions\\uqbar.wollok-lsp-ide-0.3.4\\server\\node_modules\\vscode-languageserver\\lib\\common\\server.js:593:20\n    at handleRequest (c:\\Users\\Jose\\.vscode\\extensions\\uqbar.wollok-lsp-ide-0.3.4\\server\\node_modules\\vscode-jsonrpc\\lib\\common\\connection.js:493:41)\n    at handleMessage (c:\\Users\\Jose\\.vscode\\extensions\\uqbar.wollok-lsp-ide-0.3.4\\server\\node_modules\\vscode-jsonrpc\\lib\\common\\connection.js:339:13)\n    at processMessageQueue (c:\\Users\\Jose\\.vscode\\extensions\\uqbar.wollok-lsp-ide-0.3.4\\server\\node_modules\\vscode-jsonrpc\\lib\\common\\connection.js:362:17)\n    at Immediate._onImmediate (c:\\Users\\Jose\\.vscode\\extensions\\uqbar.wollok-lsp-ide-0.3.4\\server\\node_modules\\vscode-jsonrpc\\lib\\common\\connection.js:334:13)\n    at process.processImmediate (node:internal/timers:478:21)","timestamp":"2024-09-16T16:42:53.570Z"}
{"level":"info","message":"onRequest - completionItem/resolve","timestamp":"2024-09-16T16:42:53.671Z"}
{"level":"info","message":"âŒ› Validating Clases/testeoClase1.wtest","timeElapsed":108,"timestamp":"2024-09-16T16:42:54.656Z"}
{"level":"info","message":"âŒ› Validating Clases/testeoClase1.wtest","timeElapsed":101,"timestamp":"2024-09-16T16:42:57.220Z"}
{"level":"info","message":"âŒ› Validating Clases/testeoClase1.wtest","timeElapsed":104,"timestamp":"2024-09-16T16:43:00.639Z"}
{"level":"info","message":"âŒ› Validating Clases/testeoClase1.wtest","timeElapsed":102,"timestamp":"2024-09-16T16:43:01.728Z"}
{"level":"info","message":"âŒ› Validating Clases/testeoClase1.wtest","timeElapsed":103,"timestamp":"2024-09-16T16:43:01.970Z"}
{"level":"info","message":"âŒ› Validating Clases/testeoClase1.wtest","timeElapsed":105,"timestamp":"2024-09-16T16:43:03.901Z"}
{"level":"info","message":"âŒ› Validating Clases/testeoClase1.wtest","timeElapsed":115,"timestamp":"2024-09-16T16:43:07.063Z"}
{"level":"info","message":"onRequest - completionItem/resolve","timestamp":"2024-09-16T16:43:07.782Z"}
{"level":"info","message":"onRequest - completionItem/resolve","timestamp":"2024-09-16T16:43:07.845Z"}
{"level":"info","message":"onRequest - completionItem/resolve","timestamp":"2024-09-16T16:43:08.016Z"}
{"level":"info","message":"onRequest - completionItem/resolve","timestamp":"2024-09-16T16:43:08.965Z"}
{"level":"info","message":"âŒ› Validating Clases/testeoClase1.wtest","timeElapsed":103,"timestamp":"2024-09-16T16:43:09.880Z"}
{"level":"error","message":"âœ˜ Completions for node failed: Error: pr [Variable]{4c2d27} at Clases/testeoClase1.wtest:45 exhausted all cases without a match pr [Variable]{4c2d27} at Clases/testeoClase1.wtest:45 exhausted all cases without a match","stack":"Error: pr [Variable]{4c2d27} at Clases/testeoClase1.wtest:45 exhausted all cases without a match\n    at c:\\Users\\Jose\\.vscode\\extensions\\uqbar.wollok-lsp-ide-0.3.4\\node_modules\\wollok-ts\\dist\\extensions.js:85:11\n    at completionsForNode (c:\\Users\\Jose\\.vscode\\extensions\\uqbar.wollok-lsp-ide-0.3.4\\server\\out\\functionalities\\autocomplete\\node-completion.js:10:44)\n    at c:\\Users\\Jose\\.vscode\\extensions\\uqbar.wollok-lsp-ide-0.3.4\\server\\out\\functionalities\\autocomplete\\autocomplete.js:26:154\n    at c:\\Users\\Jose\\.vscode\\extensions\\uqbar.wollok-lsp-ide-0.3.4\\server\\out\\server.js:198:20\n    at c:\\Users\\Jose\\.vscode\\extensions\\uqbar.wollok-lsp-ide-0.3.4\\server\\node_modules\\vscode-languageserver\\lib\\common\\server.js:593:20\n    at handleRequest (c:\\Users\\Jose\\.vscode\\extensions\\uqbar.wollok-lsp-ide-0.3.4\\server\\node_modules\\vscode-jsonrpc\\lib\\common\\connection.js:493:41)\n    at handleMessage (c:\\Users\\Jose\\.vscode\\extensions\\uqbar.wollok-lsp-ide-0.3.4\\server\\node_modules\\vscode-jsonrpc\\lib\\common\\connection.js:339:13)\n    at processMessageQueue (c:\\Users\\Jose\\.vscode\\extensions\\uqbar.wollok-lsp-ide-0.3.4\\server\\node_modules\\vscode-jsonrpc\\lib\\common\\connection.js:362:17)\n    at Immediate._onImmediate (c:\\Users\\Jose\\.vscode\\extensions\\uqbar.wollok-lsp-ide-0.3.4\\server\\node_modules\\vscode-jsonrpc\\lib\\common\\connection.js:334:13)\n    at process.processImmediate (node:internal/timers:478:21)","timestamp":"2024-09-16T16:43:09.982Z"}
{"level":"info","message":"âŒ› Validating Clases/testeoClase1.wtest","timeElapsed":118,"timestamp":"2024-09-16T16:43:10.116Z"}
{"level":"error","message":"âœ˜ Completions for node failed: Error: prof [Variable]{6b423a} at Clases/testeoClase1.wtest:45 exhausted all cases without a match prof [Variable]{6b423a} at Clases/testeoClase1.wtest:45 exhausted all cases without a match","stack":"Error: prof [Variable]{6b423a} at Clases/testeoClase1.wtest:45 exhausted all cases without a match\n    at c:\\Users\\Jose\\.vscode\\extensions\\uqbar.wollok-lsp-ide-0.3.4\\node_modules\\wollok-ts\\dist\\extensions.js:85:11\n    at completionsForNode (c:\\Users\\Jose\\.vscode\\extensions\\uqbar.wollok-lsp-ide-0.3.4\\server\\out\\functionalities\\autocomplete\\node-completion.js:10:44)\n    at c:\\Users\\Jose\\.vscode\\extensions\\uqbar.wollok-lsp-ide-0.3.4\\server\\out\\functionalities\\autocomplete\\autocomplete.js:26:154\n    at c:\\Users\\Jose\\.vscode\\extensions\\uqbar.wollok-lsp-ide-0.3.4\\server\\out\\server.js:198:20\n    at c:\\Users\\Jose\\.vscode\\extensions\\uqbar.wollok-lsp-ide-0.3.4\\server\\node_modules\\vscode-languageserver\\lib\\common\\server.js:593:20\n    at handleRequest (c:\\Users\\Jose\\.vscode\\extensions\\uqbar.wollok-lsp-ide-0.3.4\\server\\node_modules\\vscode-jsonrpc\\lib\\common\\connection.js:493:41)\n    at handleMessage (c:\\Users\\Jose\\.vscode\\extensions\\uqbar.wollok-lsp-ide-0.3.4\\server\\node_modules\\vscode-jsonrpc\\lib\\common\\connection.js:339:13)\n    at processMessageQueue (c:\\Users\\Jose\\.vscode\\extensions\\uqbar.wollok-lsp-ide-0.3.4\\server\\node_modules\\vscode-jsonrpc\\lib\\common\\connection.js:362:17)\n    at Immediate._onImmediate (c:\\Users\\Jose\\.vscode\\extensions\\uqbar.wollok-lsp-ide-0.3.4\\server\\node_modules\\vscode-jsonrpc\\lib\\common\\connection.js:334:13)\n    at process.processImmediate (node:internal/timers:478:21)","timestamp":"2024-09-16T16:43:10.302Z"}
{"level":"info","message":"âŒ› Validating Clases/testeoClase1.wtest","timeElapsed":106,"timestamp":"2024-09-16T16:43:10.412Z"}
{"level":"info","message":"onRequest - completionItem/resolve","timestamp":"2024-09-16T16:43:10.511Z"}
{"level":"error","message":"âœ˜ Completions for node failed: Error: profe [Variable]{062a1e} at Clases/testeoClase1.wtest:45 exhausted all cases without a match profe [Variable]{062a1e} at Clases/testeoClase1.wtest:45 exhausted all cases without a match","stack":"Error: profe [Variable]{062a1e} at Clases/testeoClase1.wtest:45 exhausted all cases without a match\n    at c:\\Users\\Jose\\.vscode\\extensions\\uqbar.wollok-lsp-ide-0.3.4\\node_modules\\wollok-ts\\dist\\extensions.js:85:11\n    at completionsForNode (c:\\Users\\Jose\\.vscode\\extensions\\uqbar.wollok-lsp-ide-0.3.4\\server\\out\\functionalities\\autocomplete\\node-completion.js:10:44)\n    at c:\\Users\\Jose\\.vscode\\extensions\\uqbar.wollok-lsp-ide-0.3.4\\server\\out\\functionalities\\autocomplete\\autocomplete.js:26:154\n    at c:\\Users\\Jose\\.vscode\\extensions\\uqbar.wollok-lsp-ide-0.3.4\\server\\out\\server.js:198:20\n    at c:\\Users\\Jose\\.vscode\\extensions\\uqbar.wollok-lsp-ide-0.3.4\\server\\node_modules\\vscode-languageserver\\lib\\common\\server.js:593:20\n    at handleRequest (c:\\Users\\Jose\\.vscode\\extensions\\uqbar.wollok-lsp-ide-0.3.4\\server\\node_modules\\vscode-jsonrpc\\lib\\common\\connection.js:493:41)\n    at handleMessage (c:\\Users\\Jose\\.vscode\\extensions\\uqbar.wollok-lsp-ide-0.3.4\\server\\node_modules\\vscode-jsonrpc\\lib\\common\\connection.js:339:13)\n    at processMessageQueue (c:\\Users\\Jose\\.vscode\\extensions\\uqbar.wollok-lsp-ide-0.3.4\\server\\node_modules\\vscode-jsonrpc\\lib\\common\\connection.js:362:17)\n    at Immediate._onImmediate (c:\\Users\\Jose\\.vscode\\extensions\\uqbar.wollok-lsp-ide-0.3.4\\server\\node_modules\\vscode-jsonrpc\\lib\\common\\connection.js:334:13)\n    at process.processImmediate (node:internal/timers:478:21)","timestamp":"2024-09-16T16:43:10.597Z"}
{"level":"info","message":"onRequest - completionItem/resolve","timestamp":"2024-09-16T16:43:10.696Z"}
{"level":"error","message":"âœ˜ Completions for node failed: Error: profep [Variable]{03c669} at Clases/testeoClase1.wtest:45 exhausted all cases without a match profep [Variable]{03c669} at Clases/testeoClase1.wtest:45 exhausted all cases without a match","stack":"Error: profep [Variable]{03c669} at Clases/testeoClase1.wtest:45 exhausted all cases without a match\n    at c:\\Users\\Jose\\.vscode\\extensions\\uqbar.wollok-lsp-ide-0.3.4\\node_modules\\wollok-ts\\dist\\extensions.js:85:11\n    at completionsForNode (c:\\Users\\Jose\\.vscode\\extensions\\uqbar.wollok-lsp-ide-0.3.4\\server\\out\\functionalities\\autocomplete\\node-completion.js:10:44)\n    at c:\\Users\\Jose\\.vscode\\extensions\\uqbar.wollok-lsp-ide-0.3.4\\server\\out\\functionalities\\autocomplete\\autocomplete.js:26:154\n    at c:\\Users\\Jose\\.vscode\\extensions\\uqbar.wollok-lsp-ide-0.3.4\\server\\out\\server.js:198:20\n    at c:\\Users\\Jose\\.vscode\\extensions\\uqbar.wollok-lsp-ide-0.3.4\\server\\node_modules\\vscode-languageserver\\lib\\common\\server.js:593:20\n    at handleRequest (c:\\Users\\Jose\\.vscode\\extensions\\uqbar.wollok-lsp-ide-0.3.4\\server\\node_modules\\vscode-jsonrpc\\lib\\common\\connection.js:493:41)\n    at handleMessage (c:\\Users\\Jose\\.vscode\\extensions\\uqbar.wollok-lsp-ide-0.3.4\\server\\node_modules\\vscode-jsonrpc\\lib\\common\\connection.js:339:13)\n    at processMessageQueue (c:\\Users\\Jose\\.vscode\\extensions\\uqbar.wollok-lsp-ide-0.3.4\\server\\node_modules\\vscode-jsonrpc\\lib\\common\\connection.js:362:17)\n    at Immediate._onImmediate (c:\\Users\\Jose\\.vscode\\extensions\\uqbar.wollok-lsp-ide-0.3.4\\server\\node_modules\\vscode-jsonrpc\\lib\\common\\connection.js:334:13)\n    at process.processImmediate (node:internal/timers:478:21)","timestamp":"2024-09-16T16:43:10.960Z"}
{"level":"info","message":"onRequest - completionItem/resolve","timestamp":"2024-09-16T16:43:11.058Z"}
{"level":"error","message":"âœ˜ Completions for node failed: Error: profe [Variable]{abde82} at Clases/testeoClase1.wtest:45 exhausted all cases without a match profe [Variable]{abde82} at Clases/testeoClase1.wtest:45 exhausted all cases without a match","stack":"Error: profe [Variable]{abde82} at Clases/testeoClase1.wtest:45 exhausted all cases without a match\n    at c:\\Users\\Jose\\.vscode\\extensions\\uqbar.wollok-lsp-ide-0.3.4\\node_modules\\wollok-ts\\dist\\extensions.js:85:11\n    at completionsForNode (c:\\Users\\Jose\\.vscode\\extensions\\uqbar.wollok-lsp-ide-0.3.4\\server\\out\\functionalities\\autocomplete\\node-completion.js:10:44)\n    at c:\\Users\\Jose\\.vscode\\extensions\\uqbar.wollok-lsp-ide-0.3.4\\server\\out\\functionalities\\autocomplete\\autocomplete.js:26:154\n    at c:\\Users\\Jose\\.vscode\\extensions\\uqbar.wollok-lsp-ide-0.3.4\\server\\out\\server.js:198:20\n    at c:\\Users\\Jose\\.vscode\\extensions\\uqbar.wollok-lsp-ide-0.3.4\\server\\node_modules\\vscode-languageserver\\lib\\common\\server.js:593:20\n    at handleRequest (c:\\Users\\Jose\\.vscode\\extensions\\uqbar.wollok-lsp-ide-0.3.4\\server\\node_modules\\vscode-jsonrpc\\lib\\common\\connection.js:493:41)\n    at handleMessage (c:\\Users\\Jose\\.vscode\\extensions\\uqbar.wollok-lsp-ide-0.3.4\\server\\node_modules\\vscode-jsonrpc\\lib\\common\\connection.js:339:13)\n    at processMessageQueue (c:\\Users\\Jose\\.vscode\\extensions\\uqbar.wollok-lsp-ide-0.3.4\\server\\node_modules\\vscode-jsonrpc\\lib\\common\\connection.js:362:17)\n    at Immediate._onImmediate (c:\\Users\\Jose\\.vscode\\extensions\\uqbar.wollok-lsp-ide-0.3.4\\server\\node_modules\\vscode-jsonrpc\\lib\\common\\connection.js:334:13)\n    at process.processImmediate (node:internal/timers:478:21)","timestamp":"2024-09-16T16:43:11.416Z"}
{"level":"info","message":"âŒ› Validating Clases/testeoClase1.wtest","timeElapsed":102,"timestamp":"2024-09-16T16:43:11.521Z"}
{"level":"info","message":"onRequest - completionItem/resolve","timestamp":"2024-09-16T16:43:11.522Z"}
{"level":"error","message":"âœ˜ Completions for node failed: Error: profeP [Variable]{261f29} at Clases/testeoClase1.wtest:45 exhausted all cases without a match profeP [Variable]{261f29} at Clases/testeoClase1.wtest:45 exhausted all cases without a match","stack":"Error: profeP [Variable]{261f29} at Clases/testeoClase1.wtest:45 exhausted all cases without a match\n    at c:\\Users\\Jose\\.vscode\\extensions\\uqbar.wollok-lsp-ide-0.3.4\\node_modules\\wollok-ts\\dist\\extensions.js:85:11\n    at completionsForNode (c:\\Users\\Jose\\.vscode\\extensions\\uqbar.wollok-lsp-ide-0.3.4\\server\\out\\functionalities\\autocomplete\\node-completion.js:10:44)\n    at c:\\Users\\Jose\\.vscode\\extensions\\uqbar.wollok-lsp-ide-0.3.4\\server\\out\\functionalities\\autocomplete\\autocomplete.js:26:154\n    at c:\\Users\\Jose\\.vscode\\extensions\\uqbar.wollok-lsp-ide-0.3.4\\server\\out\\server.js:198:20\n    at c:\\Users\\Jose\\.vscode\\extensions\\uqbar.wollok-lsp-ide-0.3.4\\server\\node_modules\\vscode-languageserver\\lib\\common\\server.js:593:20\n    at handleRequest (c:\\Users\\Jose\\.vscode\\extensions\\uqbar.wollok-lsp-ide-0.3.4\\server\\node_modules\\vscode-jsonrpc\\lib\\common\\connection.js:493:41)\n    at handleMessage (c:\\Users\\Jose\\.vscode\\extensions\\uqbar.wollok-lsp-ide-0.3.4\\server\\node_modules\\vscode-jsonrpc\\lib\\common\\connection.js:339:13)\n    at processMessageQueue (c:\\Users\\Jose\\.vscode\\extensions\\uqbar.wollok-lsp-ide-0.3.4\\server\\node_modules\\vscode-jsonrpc\\lib\\common\\connection.js:362:17)\n    at Immediate._onImmediate (c:\\Users\\Jose\\.vscode\\extensions\\uqbar.wollok-lsp-ide-0.3.4\\server\\node_modules\\vscode-jsonrpc\\lib\\common\\connection.js:334:13)\n    at process.processImmediate (node:internal/timers:478:21)","timestamp":"2024-09-16T16:43:11.648Z"}
{"level":"info","message":"onRequest - completionItem/resolve","timestamp":"2024-09-16T16:43:11.752Z"}
{"level":"error","message":"âœ˜ Completions for node failed: Error: profePr [Variable]{2a2e9e} at Clases/testeoClase1.wtest:45 exhausted all cases without a match profePr [Variable]{2a2e9e} at Clases/testeoClase1.wtest:45 exhausted all cases without a match","stack":"Error: profePr [Variable]{2a2e9e} at Clases/testeoClase1.wtest:45 exhausted all cases without a match\n    at c:\\Users\\Jose\\.vscode\\extensions\\uqbar.wollok-lsp-ide-0.3.4\\node_modules\\wollok-ts\\dist\\extensions.js:85:11\n    at completionsForNode (c:\\Users\\Jose\\.vscode\\extensions\\uqbar.wollok-lsp-ide-0.3.4\\server\\out\\functionalities\\autocomplete\\node-completion.js:10:44)\n    at c:\\Users\\Jose\\.vscode\\extensions\\uqbar.wollok-lsp-ide-0.3.4\\server\\out\\functionalities\\autocomplete\\autocomplete.js:26:154\n    at c:\\Users\\Jose\\.vscode\\extensions\\uqbar.wollok-lsp-ide-0.3.4\\server\\out\\server.js:198:20\n    at c:\\Users\\Jose\\.vscode\\extensions\\uqbar.wollok-lsp-ide-0.3.4\\server\\node_modules\\vscode-languageserver\\lib\\common\\server.js:593:20\n    at handleRequest (c:\\Users\\Jose\\.vscode\\extensions\\uqbar.wollok-lsp-ide-0.3.4\\server\\node_modules\\vscode-jsonrpc\\lib\\common\\connection.js:493:41)\n    at handleMessage (c:\\Users\\Jose\\.vscode\\extensions\\uqbar.wollok-lsp-ide-0.3.4\\server\\node_modules\\vscode-jsonrpc\\lib\\common\\connection.js:339:13)\n    at processMessageQueue (c:\\Users\\Jose\\.vscode\\extensions\\uqbar.wollok-lsp-ide-0.3.4\\server\\node_modules\\vscode-jsonrpc\\lib\\common\\connection.js:362:17)\n    at Immediate._onImmediate (c:\\Users\\Jose\\.vscode\\extensions\\uqbar.wollok-lsp-ide-0.3.4\\server\\node_modules\\vscode-jsonrpc\\lib\\common\\connection.js:334:13)\n    at process.processImmediate (node:internal/timers:478:21)","timestamp":"2024-09-16T16:43:11.974Z"}
{"level":"info","message":"âŒ› Validating Clases/testeoClase1.wtest","timeElapsed":117,"timestamp":"2024-09-16T16:43:12.094Z"}
{"level":"info","message":"onRequest - completionItem/resolve","timestamp":"2024-09-16T16:43:12.094Z"}
{"level":"error","message":"âœ˜ Completions for node failed: Error: profePre [Variable]{87b2d0} at Clases/testeoClase1.wtest:45 exhausted all cases without a match profePre [Variable]{87b2d0} at Clases/testeoClase1.wtest:45 exhausted all cases without a match","stack":"Error: profePre [Variable]{87b2d0} at Clases/testeoClase1.wtest:45 exhausted all cases without a match\n    at c:\\Users\\Jose\\.vscode\\extensions\\uqbar.wollok-lsp-ide-0.3.4\\node_modules\\wollok-ts\\dist\\extensions.js:85:11\n    at completionsForNode (c:\\Users\\Jose\\.vscode\\extensions\\uqbar.wollok-lsp-ide-0.3.4\\server\\out\\functionalities\\autocomplete\\node-completion.js:10:44)\n    at c:\\Users\\Jose\\.vscode\\extensions\\uqbar.wollok-lsp-ide-0.3.4\\server\\out\\functionalities\\autocomplete\\autocomplete.js:26:154\n    at c:\\Users\\Jose\\.vscode\\extensions\\uqbar.wollok-lsp-ide-0.3.4\\server\\out\\server.js:198:20\n    at c:\\Users\\Jose\\.vscode\\extensions\\uqbar.wollok-lsp-ide-0.3.4\\server\\node_modules\\vscode-languageserver\\lib\\common\\server.js:593:20\n    at handleRequest (c:\\Users\\Jose\\.vscode\\extensions\\uqbar.wollok-lsp-ide-0.3.4\\server\\node_modules\\vscode-jsonrpc\\lib\\common\\connection.js:493:41)\n    at handleMessage (c:\\Users\\Jose\\.vscode\\extensions\\uqbar.wollok-lsp-ide-0.3.4\\server\\node_modules\\vscode-jsonrpc\\lib\\common\\connection.js:339:13)\n    at processMessageQueue (c:\\Users\\Jose\\.vscode\\extensions\\uqbar.wollok-lsp-ide-0.3.4\\server\\node_modules\\vscode-jsonrpc\\lib\\common\\connection.js:362:17)\n    at Immediate._onImmediate (c:\\Users\\Jose\\.vscode\\extensions\\uqbar.wollok-lsp-ide-0.3.4\\server\\node_modules\\vscode-jsonrpc\\lib\\common\\connection.js:334:13)\n    at process.processImmediate (node:internal/timers:478:21)","timestamp":"2024-09-16T16:43:12.191Z"}
{"level":"info","message":"âŒ› Validating Clases/testeoClase1.wtest","timeElapsed":105,"timestamp":"2024-09-16T16:43:12.300Z"}
{"level":"info","message":"onRequest - completionItem/resolve","timestamp":"2024-09-16T16:43:12.300Z"}
{"level":"error","message":"âœ˜ Completions for node failed: Error: profePref [Variable]{6fc529} at Clases/testeoClase1.wtest:45 exhausted all cases without a match profePref [Variable]{6fc529} at Clases/testeoClase1.wtest:45 exhausted all cases without a match","stack":"Error: profePref [Variable]{6fc529} at Clases/testeoClase1.wtest:45 exhausted all cases without a match\n    at c:\\Users\\Jose\\.vscode\\extensions\\uqbar.wollok-lsp-ide-0.3.4\\node_modules\\wollok-ts\\dist\\extensions.js:85:11\n    at completionsForNode (c:\\Users\\Jose\\.vscode\\extensions\\uqbar.wollok-lsp-ide-0.3.4\\server\\out\\functionalities\\autocomplete\\node-completion.js:10:44)\n    at c:\\Users\\Jose\\.vscode\\extensions\\uqbar.wollok-lsp-ide-0.3.4\\server\\out\\functionalities\\autocomplete\\autocomplete.js:26:154\n    at c:\\Users\\Jose\\.vscode\\extensions\\uqbar.wollok-lsp-ide-0.3.4\\server\\out\\server.js:198:20\n    at c:\\Users\\Jose\\.vscode\\extensions\\uqbar.wollok-lsp-ide-0.3.4\\server\\node_modules\\vscode-languageserver\\lib\\common\\server.js:593:20\n    at handleRequest (c:\\Users\\Jose\\.vscode\\extensions\\uqbar.wollok-lsp-ide-0.3.4\\server\\node_modules\\vscode-jsonrpc\\lib\\common\\connection.js:493:41)\n    at handleMessage (c:\\Users\\Jose\\.vscode\\extensions\\uqbar.wollok-lsp-ide-0.3.4\\server\\node_modules\\vscode-jsonrpc\\lib\\common\\connection.js:339:13)\n    at processMessageQueue (c:\\Users\\Jose\\.vscode\\extensions\\uqbar.wollok-lsp-ide-0.3.4\\server\\node_modules\\vscode-jsonrpc\\lib\\common\\connection.js:362:17)\n    at Immediate._onImmediate (c:\\Users\\Jose\\.vscode\\extensions\\uqbar.wollok-lsp-ide-0.3.4\\server\\node_modules\\vscode-jsonrpc\\lib\\common\\connection.js:334:13)\n    at process.processImmediate (node:internal/timers:478:21)","timestamp":"2024-09-16T16:43:12.471Z"}
{"level":"info","message":"âŒ› Validating Clases/testeoClase1.wtest","timeElapsed":102,"timestamp":"2024-09-16T16:43:12.577Z"}
{"level":"info","message":"onRequest - completionItem/resolve","timestamp":"2024-09-16T16:43:12.577Z"}
{"level":"error","message":"âœ˜ Completions for node failed: Error: profePrefe [Variable]{8d55d9} at Clases/testeoClase1.wtest:45 exhausted all cases without a match profePrefe [Variable]{8d55d9} at Clases/testeoClase1.wtest:45 exhausted all cases without a match","stack":"Error: profePrefe [Variable]{8d55d9} at Clases/testeoClase1.wtest:45 exhausted all cases without a match\n    at c:\\Users\\Jose\\.vscode\\extensions\\uqbar.wollok-lsp-ide-0.3.4\\node_modules\\wollok-ts\\dist\\extensions.js:85:11\n    at completionsForNode (c:\\Users\\Jose\\.vscode\\extensions\\uqbar.wollok-lsp-ide-0.3.4\\server\\out\\functionalities\\autocomplete\\node-completion.js:10:44)\n    at c:\\Users\\Jose\\.vscode\\extensions\\uqbar.wollok-lsp-ide-0.3.4\\server\\out\\functionalities\\autocomplete\\autocomplete.js:26:154\n    at c:\\Users\\Jose\\.vscode\\extensions\\uqbar.wollok-lsp-ide-0.3.4\\server\\out\\server.js:198:20\n    at c:\\Users\\Jose\\.vscode\\extensions\\uqbar.wollok-lsp-ide-0.3.4\\server\\node_modules\\vscode-languageserver\\lib\\common\\server.js:593:20\n    at handleRequest (c:\\Users\\Jose\\.vscode\\extensions\\uqbar.wollok-lsp-ide-0.3.4\\server\\node_modules\\vscode-jsonrpc\\lib\\common\\connection.js:493:41)\n    at handleMessage (c:\\Users\\Jose\\.vscode\\extensions\\uqbar.wollok-lsp-ide-0.3.4\\server\\node_modules\\vscode-jsonrpc\\lib\\common\\connection.js:339:13)\n    at processMessageQueue (c:\\Users\\Jose\\.vscode\\extensions\\uqbar.wollok-lsp-ide-0.3.4\\server\\node_modules\\vscode-jsonrpc\\lib\\common\\connection.js:362:17)\n    at Immediate._onImmediate (c:\\Users\\Jose\\.vscode\\extensions\\uqbar.wollok-lsp-ide-0.3.4\\server\\node_modules\\vscode-jsonrpc\\lib\\common\\connection.js:334:13)\n    at process.processImmediate (node:internal/timers:478:21)","timestamp":"2024-09-16T16:43:12.946Z"}
{"level":"info","message":"onRequest - completionItem/resolve","timestamp":"2024-09-16T16:43:13.049Z"}
{"level":"error","message":"âœ˜ Completions for node failed: Error: profePrefer [Variable]{10c7be} at Clases/testeoClase1.wtest:45 exhausted all cases without a match profePrefer [Variable]{10c7be} at Clases/testeoClase1.wtest:45 exhausted all cases without a match","stack":"Error: profePrefer [Variable]{10c7be} at Clases/testeoClase1.wtest:45 exhausted all cases without a match\n    at c:\\Users\\Jose\\.vscode\\extensions\\uqbar.wollok-lsp-ide-0.3.4\\node_modules\\wollok-ts\\dist\\extensions.js:85:11\n    at completionsForNode (c:\\Users\\Jose\\.vscode\\extensions\\uqbar.wollok-lsp-ide-0.3.4\\server\\out\\functionalities\\autocomplete\\node-completion.js:10:44)\n    at c:\\Users\\Jose\\.vscode\\extensions\\uqbar.wollok-lsp-ide-0.3.4\\server\\out\\functionalities\\autocomplete\\autocomplete.js:26:154\n    at c:\\Users\\Jose\\.vscode\\extensions\\uqbar.wollok-lsp-ide-0.3.4\\server\\out\\server.js:198:20\n    at c:\\Users\\Jose\\.vscode\\extensions\\uqbar.wollok-lsp-ide-0.3.4\\server\\node_modules\\vscode-languageserver\\lib\\common\\server.js:593:20\n    at handleRequest (c:\\Users\\Jose\\.vscode\\extensions\\uqbar.wollok-lsp-ide-0.3.4\\server\\node_modules\\vscode-jsonrpc\\lib\\common\\connection.js:493:41)\n    at handleMessage (c:\\Users\\Jose\\.vscode\\extensions\\uqbar.wollok-lsp-ide-0.3.4\\server\\node_modules\\vscode-jsonrpc\\lib\\common\\connection.js:339:13)\n    at processMessageQueue (c:\\Users\\Jose\\.vscode\\extensions\\uqbar.wollok-lsp-ide-0.3.4\\server\\node_modules\\vscode-jsonrpc\\lib\\common\\connection.js:362:17)\n    at Immediate._onImmediate (c:\\Users\\Jose\\.vscode\\extensions\\uqbar.wollok-lsp-ide-0.3.4\\server\\node_modules\\vscode-jsonrpc\\lib\\common\\connection.js:334:13)\n    at process.processImmediate (node:internal/timers:478:21)","timestamp":"2024-09-16T16:43:24.571Z"}
{"level":"info","message":"âŒ› Validating Clases/testeoClase1.wtest","timeElapsed":108,"timestamp":"2024-09-16T16:43:24.683Z"}
{"level":"info","message":"onRequest - completionItem/resolve","timestamp":"2024-09-16T16:43:24.684Z"}
{"level":"error","message":"âœ˜ Completions for node failed: Error: profePreferi [Variable]{5676e8} at Clases/testeoClase1.wtest:45 exhausted all cases without a match profePreferi [Variable]{5676e8} at Clases/testeoClase1.wtest:45 exhausted all cases without a match","stack":"Error: profePreferi [Variable]{5676e8} at Clases/testeoClase1.wtest:45 exhausted all cases without a match\n    at c:\\Users\\Jose\\.vscode\\extensions\\uqbar.wollok-lsp-ide-0.3.4\\node_modules\\wollok-ts\\dist\\extensions.js:85:11\n    at completionsForNode (c:\\Users\\Jose\\.vscode\\extensions\\uqbar.wollok-lsp-ide-0.3.4\\server\\out\\functionalities\\autocomplete\\node-completion.js:10:44)\n    at c:\\Users\\Jose\\.vscode\\extensions\\uqbar.wollok-lsp-ide-0.3.4\\server\\out\\functionalities\\autocomplete\\autocomplete.js:26:154\n    at c:\\Users\\Jose\\.vscode\\extensions\\uqbar.wollok-lsp-ide-0.3.4\\server\\out\\server.js:198:20\n    at c:\\Users\\Jose\\.vscode\\extensions\\uqbar.wollok-lsp-ide-0.3.4\\server\\node_modules\\vscode-languageserver\\lib\\common\\server.js:593:20\n    at handleRequest (c:\\Users\\Jose\\.vscode\\extensions\\uqbar.wollok-lsp-ide-0.3.4\\server\\node_modules\\vscode-jsonrpc\\lib\\common\\connection.js:493:41)\n    at handleMessage (c:\\Users\\Jose\\.vscode\\extensions\\uqbar.wollok-lsp-ide-0.3.4\\server\\node_modules\\vscode-jsonrpc\\lib\\common\\connection.js:339:13)\n    at processMessageQueue (c:\\Users\\Jose\\.vscode\\extensions\\uqbar.wollok-lsp-ide-0.3.4\\server\\node_modules\\vscode-jsonrpc\\lib\\common\\connection.js:362:17)\n    at Immediate._onImmediate (c:\\Users\\Jose\\.vscode\\extensions\\uqbar.wollok-lsp-ide-0.3.4\\server\\node_modules\\vscode-jsonrpc\\lib\\common\\connection.js:334:13)\n    at process.processImmediate (node:internal/timers:478:21)","timestamp":"2024-09-16T16:43:24.780Z"}
{"level":"error","message":"âœ˜ Completions for node failed: Error: profePreferido [Variable]{652b89} at Clases/testeoClase1.wtest:45 exhausted all cases without a match profePreferido [Variable]{652b89} at Clases/testeoClase1.wtest:45 exhausted all cases without a match","stack":"Error: profePreferido [Variable]{652b89} at Clases/testeoClase1.wtest:45 exhausted all cases without a match\n    at c:\\Users\\Jose\\.vscode\\extensions\\uqbar.wollok-lsp-ide-0.3.4\\node_modules\\wollok-ts\\dist\\extensions.js:85:11\n    at completionsForNode (c:\\Users\\Jose\\.vscode\\extensions\\uqbar.wollok-lsp-ide-0.3.4\\server\\out\\functionalities\\autocomplete\\node-completion.js:10:44)\n    at c:\\Users\\Jose\\.vscode\\extensions\\uqbar.wollok-lsp-ide-0.3.4\\server\\out\\functionalities\\autocomplete\\autocomplete.js:26:154\n    at c:\\Users\\Jose\\.vscode\\extensions\\uqbar.wollok-lsp-ide-0.3.4\\server\\out\\server.js:198:20\n    at c:\\Users\\Jose\\.vscode\\extensions\\uqbar.wollok-lsp-ide-0.3.4\\server\\node_modules\\vscode-languageserver\\lib\\common\\server.js:593:20\n    at handleRequest (c:\\Users\\Jose\\.vscode\\extensions\\uqbar.wollok-lsp-ide-0.3.4\\server\\node_modules\\vscode-jsonrpc\\lib\\common\\connection.js:493:41)\n    at handleMessage (c:\\Users\\Jose\\.vscode\\extensions\\uqbar.wollok-lsp-ide-0.3.4\\server\\node_modules\\vscode-jsonrpc\\lib\\common\\connection.js:339:13)\n    at processMessageQueue (c:\\Users\\Jose\\.vscode\\extensions\\uqbar.wollok-lsp-ide-0.3.4\\server\\node_modules\\vscode-jsonrpc\\lib\\common\\connection.js:362:17)\n    at Immediate._onImmediate (c:\\Users\\Jose\\.vscode\\extensions\\uqbar.wollok-lsp-ide-0.3.4\\server\\node_modules\\vscode-jsonrpc\\lib\\common\\connection.js:334:13)\n    at process.processImmediate (node:internal/timers:478:21)","timestamp":"2024-09-16T16:43:25.053Z"}
{"level":"info","message":"âŒ› Validating Clases/testeoClase1.wtest","timeElapsed":102,"timestamp":"2024-09-16T16:43:25.160Z"}
{"level":"info","message":"âŒ› Validating Clases/testeoClase1.wtest","timeElapsed":108,"timestamp":"2024-09-16T16:43:25.268Z"}
{"level":"info","message":"onRequest - completionItem/resolve","timestamp":"2024-09-16T16:43:25.268Z"}
{"level":"info","message":"âŒ› Validating Clases/testeoClase1.wtest","timeElapsed":101,"timestamp":"2024-09-16T16:43:27.267Z"}
{"level":"error","message":"âœ˜ Completions for node failed: Error: profePreferido [Variable]{d82156} at Clases/testeoClase1.wtest:45 exhausted all cases without a match profePreferido [Variable]{d82156} at Clases/testeoClase1.wtest:45 exhausted all cases without a match","stack":"Error: profePreferido [Variable]{d82156} at Clases/testeoClase1.wtest:45 exhausted all cases without a match\n    at c:\\Users\\Jose\\.vscode\\extensions\\uqbar.wollok-lsp-ide-0.3.4\\node_modules\\wollok-ts\\dist\\extensions.js:85:11\n    at completionsForNode (c:\\Users\\Jose\\.vscode\\extensions\\uqbar.wollok-lsp-ide-0.3.4\\server\\out\\functionalities\\autocomplete\\node-completion.js:10:44)\n    at completeForParent (c:\\Users\\Jose\\.vscode\\extensions\\uqbar.wollok-lsp-ide-0.3.4\\server\\out\\functionalities\\autocomplete\\node-completion.js:56:43)\n    at completeReference (c:\\Users\\Jose\\.vscode\\extensions\\uqbar.wollok-lsp-ide-0.3.4\\server\\out\\functionalities\\autocomplete\\node-completion.js:64:135)\n    at c:\\Users\\Jose\\.vscode\\extensions\\uqbar.wollok-lsp-ide-0.3.4\\node_modules\\wollok-ts\\dist\\extensions.js:84:20\n    at completionsForNode (c:\\Users\\Jose\\.vscode\\extensions\\uqbar.wollok-lsp-ide-0.3.4\\server\\out\\functionalities\\autocomplete\\node-completion.js:10:44)\n    at c:\\Users\\Jose\\.vscode\\extensions\\uqbar.wollok-lsp-ide-0.3.4\\server\\out\\functionalities\\autocomplete\\autocomplete.js:26:154\n    at c:\\Users\\Jose\\.vscode\\extensions\\uqbar.wollok-lsp-ide-0.3.4\\server\\out\\server.js:198:20\n    at c:\\Users\\Jose\\.vscode\\extensions\\uqbar.wollok-lsp-ide-0.3.4\\server\\node_modules\\vscode-languageserver\\lib\\common\\server.js:593:20\n    at handleRequest (c:\\Users\\Jose\\.vscode\\extensions\\uqbar.wollok-lsp-ide-0.3.4\\server\\node_modules\\vscode-jsonrpc\\lib\\common\\connection.js:493:41)","timestamp":"2024-09-16T16:43:30.097Z"}
{"level":"info","message":"âŒ› Validating Clases/testeoClase1.wtest","timeElapsed":106,"timestamp":"2024-09-16T16:43:30.204Z"}
{"level":"info","message":"onRequest - completionItem/resolve","timestamp":"2024-09-16T16:43:30.205Z"}
{"level":"info","message":"onRequest - completionItem/resolve","timestamp":"2024-09-16T16:43:30.282Z"}
{"level":"info","message":"onRequest - completionItem/resolve","timestamp":"2024-09-16T16:43:30.352Z"}
{"level":"info","message":"âŒ› Validating Clases/testeoClase1.wtest","timeElapsed":102,"timestamp":"2024-09-16T16:43:30.454Z"}
{"level":"info","message":"âŒ› Validating Clases/testeoClase1.wtest","timeElapsed":101,"timestamp":"2024-09-16T16:43:30.556Z"}
{"level":"info","message":"onRequest - completionItem/resolve","timestamp":"2024-09-16T16:43:30.655Z"}
{"level":"info","message":"âŒ› Validating Clases/testeoClase1.wtest","timeElapsed":113,"timestamp":"2024-09-16T16:43:31.196Z"}
{"level":"info","message":"âŒ› Validating Clases/testeoClase1.wtest","timeElapsed":107,"timestamp":"2024-09-16T16:43:31.390Z"}
{"level":"info","message":"âŒ› Validating Clases/testeoClase1.wtest","timeElapsed":105,"timestamp":"2024-09-16T16:43:31.567Z"}
{"level":"error","message":"âœ˜ Completions for node failed: Error: profePreferido [Variable]{630a80} at Clases/testeoClase1.wtest:45 exhausted all cases without a match profePreferido [Variable]{630a80} at Clases/testeoClase1.wtest:45 exhausted all cases without a match","stack":"Error: profePreferido [Variable]{630a80} at Clases/testeoClase1.wtest:45 exhausted all cases without a match\n    at c:\\Users\\Jose\\.vscode\\extensions\\uqbar.wollok-lsp-ide-0.3.4\\node_modules\\wollok-ts\\dist\\extensions.js:85:11\n    at completionsForNode (c:\\Users\\Jose\\.vscode\\extensions\\uqbar.wollok-lsp-ide-0.3.4\\server\\out\\functionalities\\autocomplete\\node-completion.js:10:44)\n    at completeForParent (c:\\Users\\Jose\\.vscode\\extensions\\uqbar.wollok-lsp-ide-0.3.4\\server\\out\\functionalities\\autocomplete\\node-completion.js:56:43)\n    at completeReference (c:\\Users\\Jose\\.vscode\\extensions\\uqbar.wollok-lsp-ide-0.3.4\\server\\out\\functionalities\\autocomplete\\node-completion.js:64:135)\n    at c:\\Users\\Jose\\.vscode\\extensions\\uqbar.wollok-lsp-ide-0.3.4\\node_modules\\wollok-ts\\dist\\extensions.js:84:20\n    at completionsForNode (c:\\Users\\Jose\\.vscode\\extensions\\uqbar.wollok-lsp-ide-0.3.4\\server\\out\\functionalities\\autocomplete\\node-completion.js:10:44)\n    at c:\\Users\\Jose\\.vscode\\extensions\\uqbar.wollok-lsp-ide-0.3.4\\server\\out\\functionalities\\autocomplete\\autocomplete.js:26:154\n    at c:\\Users\\Jose\\.vscode\\extensions\\uqbar.wollok-lsp-ide-0.3.4\\server\\out\\server.js:198:20\n    at c:\\Users\\Jose\\.vscode\\extensions\\uqbar.wollok-lsp-ide-0.3.4\\server\\node_modules\\vscode-languageserver\\lib\\common\\server.js:593:20\n    at handleRequest (c:\\Users\\Jose\\.vscode\\extensions\\uqbar.wollok-lsp-ide-0.3.4\\server\\node_modules\\vscode-jsonrpc\\lib\\common\\connection.js:493:41)","timestamp":"2024-09-16T16:43:32.627Z"}
{"level":"info","message":"onRequest - completionItem/resolve","timestamp":"2024-09-16T16:43:32.729Z"}
{"level":"info","message":"onRequest - completionItem/resolve","timestamp":"2024-09-16T16:43:32.878Z"}
{"level":"info","message":"âŒ› Validating Clases/testeoClase1.wtest","timeElapsed":104,"timestamp":"2024-09-16T16:43:33.439Z"}
{"level":"error","message":"âœ˜ Completions for node failed: Error: profePreferido [Variable]{acdaf1} at Clases/testeoClase1.wtest:45 exhausted all cases without a match profePreferido [Variable]{acdaf1} at Clases/testeoClase1.wtest:45 exhausted all cases without a match","stack":"Error: profePreferido [Variable]{acdaf1} at Clases/testeoClase1.wtest:45 exhausted all cases without a match\n    at c:\\Users\\Jose\\.vscode\\extensions\\uqbar.wollok-lsp-ide-0.3.4\\node_modules\\wollok-ts\\dist\\extensions.js:85:11\n    at completionsForNode (c:\\Users\\Jose\\.vscode\\extensions\\uqbar.wollok-lsp-ide-0.3.4\\server\\out\\functionalities\\autocomplete\\node-completion.js:10:44)\n    at completeForParent (c:\\Users\\Jose\\.vscode\\extensions\\uqbar.wollok-lsp-ide-0.3.4\\server\\out\\functionalities\\autocomplete\\node-completion.js:56:43)\n    at completeReference (c:\\Users\\Jose\\.vscode\\extensions\\uqbar.wollok-lsp-ide-0.3.4\\server\\out\\functionalities\\autocomplete\\node-completion.js:64:135)\n    at c:\\Users\\Jose\\.vscode\\extensions\\uqbar.wollok-lsp-ide-0.3.4\\node_modules\\wollok-ts\\dist\\extensions.js:84:20\n    at completionsForNode (c:\\Users\\Jose\\.vscode\\extensions\\uqbar.wollok-lsp-ide-0.3.4\\server\\out\\functionalities\\autocomplete\\node-completion.js:10:44)\n    at c:\\Users\\Jose\\.vscode\\extensions\\uqbar.wollok-lsp-ide-0.3.4\\server\\out\\functionalities\\autocomplete\\autocomplete.js:26:154\n    at c:\\Users\\Jose\\.vscode\\extensions\\uqbar.wollok-lsp-ide-0.3.4\\server\\out\\server.js:198:20\n    at c:\\Users\\Jose\\.vscode\\extensions\\uqbar.wollok-lsp-ide-0.3.4\\server\\node_modules\\vscode-languageserver\\lib\\common\\server.js:593:20\n    at handleRequest (c:\\Users\\Jose\\.vscode\\extensions\\uqbar.wollok-lsp-ide-0.3.4\\server\\node_modules\\vscode-jsonrpc\\lib\\common\\connection.js:493:41)","timestamp":"2024-09-16T16:43:33.754Z"}
{"level":"info","message":"onRequest - completionItem/resolve","timestamp":"2024-09-16T16:43:33.853Z"}
{"level":"info","message":"onRequest - completionItem/resolve","timestamp":"2024-09-16T16:43:33.921Z"}
{"level":"info","message":"onRequest - completionItem/resolve","timestamp":"2024-09-16T16:43:34.017Z"}
{"level":"info","message":"âŒ› Validating Clases/testeoClase1.wtest","timeElapsed":101,"timestamp":"2024-09-16T16:43:36.028Z"}
{"level":"info","message":"âŒ› Validating Clases/testeoClase1.wtest","timeElapsed":122,"timestamp":"2024-09-16T16:43:37.100Z"}
{"level":"info","message":"onRequest - completionItem/resolve","timestamp":"2024-09-16T16:43:41.191Z"}
{"level":"info","message":"onRequest - completionItem/resolve","timestamp":"2024-09-16T16:43:41.264Z"}
{"level":"info","message":"onRequest - completionItem/resolve","timestamp":"2024-09-16T16:43:41.425Z"}
{"level":"info","message":"onRequest - completionItem/resolve","timestamp":"2024-09-16T16:43:42.207Z"}
{"level":"info","message":"onRequest - completionItem/resolve","timestamp":"2024-09-16T16:43:42.394Z"}
{"level":"error","message":"âœ˜ Completions for node failed: Error: [Send]{fb3520} at Clases/testeoClase1.wtest:46 exhausted all cases without a match [Send]{fb3520} at Clases/testeoClase1.wtest:46 exhausted all cases without a match","stack":"Error: [Send]{fb3520} at Clases/testeoClase1.wtest:46 exhausted all cases without a match\n    at c:\\Users\\Jose\\.vscode\\extensions\\uqbar.wollok-lsp-ide-0.3.4\\node_modules\\wollok-ts\\dist\\extensions.js:85:11\n    at completionsForNode (c:\\Users\\Jose\\.vscode\\extensions\\uqbar.wollok-lsp-ide-0.3.4\\server\\out\\functionalities\\autocomplete\\node-completion.js:10:44)\n    at completeForParent (c:\\Users\\Jose\\.vscode\\extensions\\uqbar.wollok-lsp-ide-0.3.4\\server\\out\\functionalities\\autocomplete\\node-completion.js:56:43)\n    at completeReference (c:\\Users\\Jose\\.vscode\\extensions\\uqbar.wollok-lsp-ide-0.3.4\\server\\out\\functionalities\\autocomplete\\node-completion.js:64:135)\n    at c:\\Users\\Jose\\.vscode\\extensions\\uqbar.wollok-lsp-ide-0.3.4\\node_modules\\wollok-ts\\dist\\extensions.js:84:20\n    at completionsForNode (c:\\Users\\Jose\\.vscode\\extensions\\uqbar.wollok-lsp-ide-0.3.4\\server\\out\\functionalities\\autocomplete\\node-completion.js:10:44)\n    at c:\\Users\\Jose\\.vscode\\extensions\\uqbar.wollok-lsp-ide-0.3.4\\server\\out\\functionalities\\autocomplete\\autocomplete.js:26:154\n    at c:\\Users\\Jose\\.vscode\\extensions\\uqbar.wollok-lsp-ide-0.3.4\\server\\out\\server.js:198:20\n    at c:\\Users\\Jose\\.vscode\\extensions\\uqbar.wollok-lsp-ide-0.3.4\\server\\node_modules\\vscode-languageserver\\lib\\common\\server.js:593:20\n    at handleRequest (c:\\Users\\Jose\\.vscode\\extensions\\uqbar.wollok-lsp-ide-0.3.4\\server\\node_modules\\vscode-jsonrpc\\lib\\common\\connection.js:493:41)","timestamp":"2024-09-16T16:43:45.947Z"}
{"level":"info","message":"âŒ› Validating Clases/testeoClase1.wtest","timeElapsed":109,"timestamp":"2024-09-16T16:43:46.057Z"}
{"level":"info","message":"onRequest - completionItem/resolve","timestamp":"2024-09-16T16:43:46.151Z"}
{"level":"info","message":"onRequest - completionItem/resolve","timestamp":"2024-09-16T16:43:46.230Z"}
{"level":"info","message":"âŒ› Validating Clases/testeoClase1.wtest","timeElapsed":106,"timestamp":"2024-09-16T16:43:46.336Z"}
{"level":"info","message":"âŒ› Validating Clases/testeoClase1.wtest","timeElapsed":102,"timestamp":"2024-09-16T16:43:46.439Z"}
{"level":"info","message":"âŒ› Building environment","timeElapsed":103,"timestamp":"2024-09-16T16:43:46.543Z"}
{"level":"info","message":"onRequest - completionItem/resolve","timestamp":"2024-09-16T16:43:46.543Z"}
{"level":"info","message":"âŒ› Validating Clases/testeoClase1.wtest","timeElapsed":117,"timestamp":"2024-09-16T16:43:46.665Z"}
{"level":"info","message":"âŒ› Validating Clases/testeoClase1.wtest","timeElapsed":102,"timestamp":"2024-09-16T16:43:48.885Z"}
{"level":"info","message":"onRequest - completionItem/resolve","timestamp":"2024-09-16T16:43:48.885Z"}
{"level":"info","message":"onRequest - completionItem/resolve","timestamp":"2024-09-16T16:43:50.328Z"}
{"level":"info","message":"âŒ› Validating Clases/testeoClase1.wtest","timeElapsed":104,"timestamp":"2024-09-16T16:43:50.433Z"}
{"level":"info","message":"âŒ› Validating Clases/testeoClase1.wtest","timeElapsed":103,"timestamp":"2024-09-16T16:43:50.612Z"}
{"level":"info","message":"onRequest - completionItem/resolve","timestamp":"2024-09-16T16:43:50.724Z"}
{"level":"info","message":"âŒ› Validating Clases/testeoClase1.wtest","timeElapsed":104,"timestamp":"2024-09-16T16:43:50.829Z"}
{"level":"info","message":"âŒ› Validating Clases/testeoClase1.wtest","timeElapsed":105,"timestamp":"2024-09-16T16:43:51.007Z"}
{"level":"error","message":"âœ˜ Completions for node failed: Error: [Send]{90a59e} at Clases/testeoClase1.wtest:46 exhausted all cases without a match [Send]{90a59e} at Clases/testeoClase1.wtest:46 exhausted all cases without a match","stack":"Error: [Send]{90a59e} at Clases/testeoClase1.wtest:46 exhausted all cases without a match\n    at c:\\Users\\Jose\\.vscode\\extensions\\uqbar.wollok-lsp-ide-0.3.4\\node_modules\\wollok-ts\\dist\\extensions.js:85:11\n    at completionsForNode (c:\\Users\\Jose\\.vscode\\extensions\\uqbar.wollok-lsp-ide-0.3.4\\server\\out\\functionalities\\autocomplete\\node-completion.js:10:44)\n    at completeForParent (c:\\Users\\Jose\\.vscode\\extensions\\uqbar.wollok-lsp-ide-0.3.4\\server\\out\\functionalities\\autocomplete\\node-completion.js:56:43)\n    at completeReference (c:\\Users\\Jose\\.vscode\\extensions\\uqbar.wollok-lsp-ide-0.3.4\\server\\out\\functionalities\\autocomplete\\node-completion.js:64:135)\n    at c:\\Users\\Jose\\.vscode\\extensions\\uqbar.wollok-lsp-ide-0.3.4\\node_modules\\wollok-ts\\dist\\extensions.js:84:20\n    at completionsForNode (c:\\Users\\Jose\\.vscode\\extensions\\uqbar.wollok-lsp-ide-0.3.4\\server\\out\\functionalities\\autocomplete\\node-completion.js:10:44)\n    at c:\\Users\\Jose\\.vscode\\extensions\\uqbar.wollok-lsp-ide-0.3.4\\server\\out\\functionalities\\autocomplete\\autocomplete.js:26:154\n    at c:\\Users\\Jose\\.vscode\\extensions\\uqbar.wollok-lsp-ide-0.3.4\\server\\out\\server.js:198:20\n    at c:\\Users\\Jose\\.vscode\\extensions\\uqbar.wollok-lsp-ide-0.3.4\\server\\node_modules\\vscode-languageserver\\lib\\common\\server.js:593:20\n    at handleRequest (c:\\Users\\Jose\\.vscode\\extensions\\uqbar.wollok-lsp-ide-0.3.4\\server\\node_modules\\vscode-jsonrpc\\lib\\common\\connection.js:493:41)","timestamp":"2024-09-16T16:43:51.493Z"}
{"level":"error","message":"âœ˜ Completions for node failed: Error: [Send]{5d0594} at Clases/testeoClase1.wtest:46 exhausted all cases without a match [Send]{5d0594} at Clases/testeoClase1.wtest:46 exhausted all cases without a match","stack":"Error: [Send]{5d0594} at Clases/testeoClase1.wtest:46 exhausted all cases without a match\n    at c:\\Users\\Jose\\.vscode\\extensions\\uqbar.wollok-lsp-ide-0.3.4\\node_modules\\wollok-ts\\dist\\extensions.js:85:11\n    at completionsForNode (c:\\Users\\Jose\\.vscode\\extensions\\uqbar.wollok-lsp-ide-0.3.4\\server\\out\\functionalities\\autocomplete\\node-completion.js:10:44)\n    at completeForParent (c:\\Users\\Jose\\.vscode\\extensions\\uqbar.wollok-lsp-ide-0.3.4\\server\\out\\functionalities\\autocomplete\\node-completion.js:56:43)\n    at completeReference (c:\\Users\\Jose\\.vscode\\extensions\\uqbar.wollok-lsp-ide-0.3.4\\server\\out\\functionalities\\autocomplete\\node-completion.js:64:135)\n    at c:\\Users\\Jose\\.vscode\\extensions\\uqbar.wollok-lsp-ide-0.3.4\\node_modules\\wollok-ts\\dist\\extensions.js:84:20\n    at completionsForNode (c:\\Users\\Jose\\.vscode\\extensions\\uqbar.wollok-lsp-ide-0.3.4\\server\\out\\functionalities\\autocomplete\\node-completion.js:10:44)\n    at c:\\Users\\Jose\\.vscode\\extensions\\uqbar.wollok-lsp-ide-0.3.4\\server\\out\\functionalities\\autocomplete\\autocomplete.js:26:154\n    at c:\\Users\\Jose\\.vscode\\extensions\\uqbar.wollok-lsp-ide-0.3.4\\server\\out\\server.js:198:20\n    at c:\\Users\\Jose\\.vscode\\extensions\\uqbar.wollok-lsp-ide-0.3.4\\server\\node_modules\\vscode-languageserver\\lib\\common\\server.js:593:20\n    at handleRequest (c:\\Users\\Jose\\.vscode\\extensions\\uqbar.wollok-lsp-ide-0.3.4\\server\\node_modules\\vscode-jsonrpc\\lib\\common\\connection.js:493:41)","timestamp":"2024-09-16T16:43:51.981Z"}
{"level":"error","message":"âœ˜ Completions for node failed: Error: [Send]{ddb1af} at Clases/testeoClase1.wtest:46 exhausted all cases without a match [Send]{ddb1af} at Clases/testeoClase1.wtest:46 exhausted all cases without a match","stack":"Error: [Send]{ddb1af} at Clases/testeoClase1.wtest:46 exhausted all cases without a match\n    at c:\\Users\\Jose\\.vscode\\extensions\\uqbar.wollok-lsp-ide-0.3.4\\node_modules\\wollok-ts\\dist\\extensions.js:85:11\n    at completionsForNode (c:\\Users\\Jose\\.vscode\\extensions\\uqbar.wollok-lsp-ide-0.3.4\\server\\out\\functionalities\\autocomplete\\node-completion.js:10:44)\n    at completeForParent (c:\\Users\\Jose\\.vscode\\extensions\\uqbar.wollok-lsp-ide-0.3.4\\server\\out\\functionalities\\autocomplete\\node-completion.js:56:43)\n    at completeReference (c:\\Users\\Jose\\.vscode\\extensions\\uqbar.wollok-lsp-ide-0.3.4\\server\\out\\functionalities\\autocomplete\\node-completion.js:64:135)\n    at c:\\Users\\Jose\\.vscode\\extensions\\uqbar.wollok-lsp-ide-0.3.4\\node_modules\\wollok-ts\\dist\\extensions.js:84:20\n    at completionsForNode (c:\\Users\\Jose\\.vscode\\extensions\\uqbar.wollok-lsp-ide-0.3.4\\server\\out\\functionalities\\autocomplete\\node-completion.js:10:44)\n    at c:\\Users\\Jose\\.vscode\\extensions\\uqbar.wollok-lsp-ide-0.3.4\\server\\out\\functionalities\\autocomplete\\autocomplete.js:26:154\n    at c:\\Users\\Jose\\.vscode\\extensions\\uqbar.wollok-lsp-ide-0.3.4\\server\\out\\server.js:198:20\n    at c:\\Users\\Jose\\.vscode\\extensions\\uqbar.wollok-lsp-ide-0.3.4\\server\\node_modules\\vscode-languageserver\\lib\\common\\server.js:593:20\n    at handleRequest (c:\\Users\\Jose\\.vscode\\extensions\\uqbar.wollok-lsp-ide-0.3.4\\server\\node_modules\\vscode-jsonrpc\\lib\\common\\connection.js:493:41)","timestamp":"2024-09-16T16:43:52.202Z"}
{"level":"error","message":"âœ˜ Completions for node failed: Error: [Send]{36e3e2} at Clases/testeoClase1.wtest:46 exhausted all cases without a match [Send]{36e3e2} at Clases/testeoClase1.wtest:46 exhausted all cases without a match","stack":"Error: [Send]{36e3e2} at Clases/testeoClase1.wtest:46 exhausted all cases without a match\n    at c:\\Users\\Jose\\.vscode\\extensions\\uqbar.wollok-lsp-ide-0.3.4\\node_modules\\wollok-ts\\dist\\extensions.js:85:11\n    at completionsForNode (c:\\Users\\Jose\\.vscode\\extensions\\uqbar.wollok-lsp-ide-0.3.4\\server\\out\\functionalities\\autocomplete\\node-completion.js:10:44)\n    at completeForParent (c:\\Users\\Jose\\.vscode\\extensions\\uqbar.wollok-lsp-ide-0.3.4\\server\\out\\functionalities\\autocomplete\\node-completion.js:56:43)\n    at completeReference (c:\\Users\\Jose\\.vscode\\extensions\\uqbar.wollok-lsp-ide-0.3.4\\server\\out\\functionalities\\autocomplete\\node-completion.js:64:135)\n    at c:\\Users\\Jose\\.vscode\\extensions\\uqbar.wollok-lsp-ide-0.3.4\\node_modules\\wollok-ts\\dist\\extensions.js:84:20\n    at completionsForNode (c:\\Users\\Jose\\.vscode\\extensions\\uqbar.wollok-lsp-ide-0.3.4\\server\\out\\functionalities\\autocomplete\\node-completion.js:10:44)\n    at c:\\Users\\Jose\\.vscode\\extensions\\uqbar.wollok-lsp-ide-0.3.4\\server\\out\\functionalities\\autocomplete\\autocomplete.js:26:154\n    at c:\\Users\\Jose\\.vscode\\extensions\\uqbar.wollok-lsp-ide-0.3.4\\server\\out\\server.js:198:20\n    at c:\\Users\\Jose\\.vscode\\extensions\\uqbar.wollok-lsp-ide-0.3.4\\server\\node_modules\\vscode-languageserver\\lib\\common\\server.js:593:20\n    at handleRequest (c:\\Users\\Jose\\.vscode\\extensions\\uqbar.wollok-lsp-ide-0.3.4\\server\\node_modules\\vscode-jsonrpc\\lib\\common\\connection.js:493:41)","timestamp":"2024-09-16T16:43:52.455Z"}
{"level":"info","message":"âŒ› Validating Clases/testeoClase1.wtest","timeElapsed":147,"timestamp":"2024-09-16T16:43:52.604Z"}
{"level":"error","message":"âœ˜ Completions for node failed: Error: [Send]{8f4864} at Clases/testeoClase1.wtest:46 exhausted all cases without a match [Send]{8f4864} at Clases/testeoClase1.wtest:46 exhausted all cases without a match","stack":"Error: [Send]{8f4864} at Clases/testeoClase1.wtest:46 exhausted all cases without a match\n    at c:\\Users\\Jose\\.vscode\\extensions\\uqbar.wollok-lsp-ide-0.3.4\\node_modules\\wollok-ts\\dist\\extensions.js:85:11\n    at completionsForNode (c:\\Users\\Jose\\.vscode\\extensions\\uqbar.wollok-lsp-ide-0.3.4\\server\\out\\functionalities\\autocomplete\\node-completion.js:10:44)\n    at completeForParent (c:\\Users\\Jose\\.vscode\\extensions\\uqbar.wollok-lsp-ide-0.3.4\\server\\out\\functionalities\\autocomplete\\node-completion.js:56:43)\n    at completeReference (c:\\Users\\Jose\\.vscode\\extensions\\uqbar.wollok-lsp-ide-0.3.4\\server\\out\\functionalities\\autocomplete\\node-completion.js:64:135)\n    at c:\\Users\\Jose\\.vscode\\extensions\\uqbar.wollok-lsp-ide-0.3.4\\node_modules\\wollok-ts\\dist\\extensions.js:84:20\n    at completionsForNode (c:\\Users\\Jose\\.vscode\\extensions\\uqbar.wollok-lsp-ide-0.3.4\\server\\out\\functionalities\\autocomplete\\node-completion.js:10:44)\n    at c:\\Users\\Jose\\.vscode\\extensions\\uqbar.wollok-lsp-ide-0.3.4\\server\\out\\functionalities\\autocomplete\\autocomplete.js:26:154\n    at c:\\Users\\Jose\\.vscode\\extensions\\uqbar.wollok-lsp-ide-0.3.4\\server\\out\\server.js:198:20\n    at c:\\Users\\Jose\\.vscode\\extensions\\uqbar.wollok-lsp-ide-0.3.4\\server\\node_modules\\vscode-languageserver\\lib\\common\\server.js:593:20\n    at handleRequest (c:\\Users\\Jose\\.vscode\\extensions\\uqbar.wollok-lsp-ide-0.3.4\\server\\node_modules\\vscode-jsonrpc\\lib\\common\\connection.js:493:41)","timestamp":"2024-09-16T16:43:52.698Z"}
{"level":"info","message":"âŒ› Validating Clases/testeoClase1.wtest","timeElapsed":103,"timestamp":"2024-09-16T16:43:52.803Z"}
{"level":"info","message":"âŒ› Validating Clases/testeoClase1.wtest","timeElapsed":104,"timestamp":"2024-09-16T16:43:53.906Z"}
{"level":"info","message":"âŒ› Validating Clases/testeoClase1.wtest","timeElapsed":103,"timestamp":"2024-09-16T16:44:06.293Z"}
{"level":"info","message":"âŒ› Validating Clases/testeoClase1.wtest","timeElapsed":106,"timestamp":"2024-09-16T16:44:06.739Z"}
{"level":"info","message":"âŒ› Validating Clases/testeoClase1.wtest","timeElapsed":128,"timestamp":"2024-09-16T16:44:06.942Z"}
{"level":"info","message":"âŒ› Validating Clases/testeoClase1.wtest","timeElapsed":102,"timestamp":"2024-09-16T16:44:07.493Z"}
{"level":"error","message":"âœ˜ Completions for node failed: Error: profePreferido [Variable]{a5e1b9} at Clases/testeoClase1.wtest:45 exhausted all cases without a match profePreferido [Variable]{a5e1b9} at Clases/testeoClase1.wtest:45 exhausted all cases without a match","stack":"Error: profePreferido [Variable]{a5e1b9} at Clases/testeoClase1.wtest:45 exhausted all cases without a match\n    at c:\\Users\\Jose\\.vscode\\extensions\\uqbar.wollok-lsp-ide-0.3.4\\node_modules\\wollok-ts\\dist\\extensions.js:85:11\n    at completionsForNode (c:\\Users\\Jose\\.vscode\\extensions\\uqbar.wollok-lsp-ide-0.3.4\\server\\out\\functionalities\\autocomplete\\node-completion.js:10:44)\n    at completeForParent (c:\\Users\\Jose\\.vscode\\extensions\\uqbar.wollok-lsp-ide-0.3.4\\server\\out\\functionalities\\autocomplete\\node-completion.js:56:43)\n    at completeReference (c:\\Users\\Jose\\.vscode\\extensions\\uqbar.wollok-lsp-ide-0.3.4\\server\\out\\functionalities\\autocomplete\\node-completion.js:64:135)\n    at c:\\Users\\Jose\\.vscode\\extensions\\uqbar.wollok-lsp-ide-0.3.4\\node_modules\\wollok-ts\\dist\\extensions.js:84:20\n    at completionsForNode (c:\\Users\\Jose\\.vscode\\extensions\\uqbar.wollok-lsp-ide-0.3.4\\server\\out\\functionalities\\autocomplete\\node-completion.js:10:44)\n    at c:\\Users\\Jose\\.vscode\\extensions\\uqbar.wollok-lsp-ide-0.3.4\\server\\out\\functionalities\\autocomplete\\autocomplete.js:26:154\n    at c:\\Users\\Jose\\.vscode\\extensions\\uqbar.wollok-lsp-ide-0.3.4\\server\\out\\server.js:198:20\n    at c:\\Users\\Jose\\.vscode\\extensions\\uqbar.wollok-lsp-ide-0.3.4\\server\\node_modules\\vscode-languageserver\\lib\\common\\server.js:593:20\n    at handleRequest (c:\\Users\\Jose\\.vscode\\extensions\\uqbar.wollok-lsp-ide-0.3.4\\server\\node_modules\\vscode-jsonrpc\\lib\\common\\connection.js:493:41)","timestamp":"2024-09-16T16:44:07.783Z"}
{"level":"info","message":"onRequest - completionItem/resolve","timestamp":"2024-09-16T16:44:07.879Z"}
{"level":"info","message":"onRequest - completionItem/resolve","timestamp":"2024-09-16T16:44:07.958Z"}
{"level":"info","message":"onRequest - completionItem/resolve","timestamp":"2024-09-16T16:44:08.024Z"}
{"level":"info","message":"onRequest - completionItem/resolve","timestamp":"2024-09-16T16:44:08.270Z"}
{"level":"info","message":"onRequest - completionItem/resolve","timestamp":"2024-09-16T16:44:08.870Z"}
{"level":"info","message":"âŒ› Validating Clases/testeoClase1.wtest","timeElapsed":104,"timestamp":"2024-09-16T16:44:10.185Z"}
{"level":"info","message":"âŒ› Validating Clases/testeoClase1.wtest","timeElapsed":119,"timestamp":"2024-09-16T16:50:09.393Z"}
{"level":"info","message":"âŒ› Building environment","timeElapsed":118,"timestamp":"2024-09-16T16:50:09.513Z"}
{"level":"info","message":"âŒ› Validating Clases/testeoClase1.wtest","timeElapsed":116,"timestamp":"2024-09-16T16:50:09.630Z"}
{"level":"info","message":"âŒ› Validating Clases/testeoClase1.wtest","timeElapsed":107,"timestamp":"2024-09-16T16:50:10.025Z"}
{"level":"info","message":"âŒ› Building environment","timeElapsed":102,"timestamp":"2024-09-16T16:50:10.129Z"}
{"level":"info","message":"âŒ› Validating Clases/testeoClase1.wtest","timeElapsed":109,"timestamp":"2024-09-16T16:50:10.239Z"}
{"level":"info","message":"âŒ› Validating Clases/testeoClase1.wtest","timeElapsed":102,"timestamp":"2024-09-16T16:50:21.161Z"}
{"level":"info","message":"âŒ› Validating Clases/testeoClase1.wtest","timeElapsed":111,"timestamp":"2024-09-16T16:50:21.839Z"}
{"level":"info","message":"âŒ› Validating Clases/testeoClase1.wtest","timeElapsed":101,"timestamp":"2024-09-16T16:50:27.518Z"}
{"level":"error","message":"âœ˜ Completions for node failed: Error: [Send]{6c1239} at Clases/testeoClase1.wtest:51 exhausted all cases without a match [Send]{6c1239} at Clases/testeoClase1.wtest:51 exhausted all cases without a match","stack":"Error: [Send]{6c1239} at Clases/testeoClase1.wtest:51 exhausted all cases without a match\n    at c:\\Users\\Jose\\.vscode\\extensions\\uqbar.wollok-lsp-ide-0.3.4\\node_modules\\wollok-ts\\dist\\extensions.js:85:11\n    at completionsForNode (c:\\Users\\Jose\\.vscode\\extensions\\uqbar.wollok-lsp-ide-0.3.4\\server\\out\\functionalities\\autocomplete\\node-completion.js:10:44)\n    at c:\\Users\\Jose\\.vscode\\extensions\\uqbar.wollok-lsp-ide-0.3.4\\server\\out\\functionalities\\autocomplete\\autocomplete.js:26:154\n    at c:\\Users\\Jose\\.vscode\\extensions\\uqbar.wollok-lsp-ide-0.3.4\\server\\out\\server.js:198:20\n    at c:\\Users\\Jose\\.vscode\\extensions\\uqbar.wollok-lsp-ide-0.3.4\\server\\node_modules\\vscode-languageserver\\lib\\common\\server.js:593:20\n    at handleRequest (c:\\Users\\Jose\\.vscode\\extensions\\uqbar.wollok-lsp-ide-0.3.4\\server\\node_modules\\vscode-jsonrpc\\lib\\common\\connection.js:493:41)\n    at handleMessage (c:\\Users\\Jose\\.vscode\\extensions\\uqbar.wollok-lsp-ide-0.3.4\\server\\node_modules\\vscode-jsonrpc\\lib\\common\\connection.js:339:13)\n    at processMessageQueue (c:\\Users\\Jose\\.vscode\\extensions\\uqbar.wollok-lsp-ide-0.3.4\\server\\node_modules\\vscode-jsonrpc\\lib\\common\\connection.js:362:17)\n    at Immediate._onImmediate (c:\\Users\\Jose\\.vscode\\extensions\\uqbar.wollok-lsp-ide-0.3.4\\server\\node_modules\\vscode-jsonrpc\\lib\\common\\connection.js:334:13)\n    at process.processImmediate (node:internal/timers:478:21)","timestamp":"2024-09-16T16:50:31.627Z"}
{"level":"info","message":"âŒ› Validating Clases/testeoClase1.wtest","timeElapsed":116,"timestamp":"2024-09-16T16:50:31.745Z"}
{"level":"info","message":"onRequest - completionItem/resolve","timestamp":"2024-09-16T16:50:31.745Z"}
{"level":"info","message":"onRequest - completionItem/resolve","timestamp":"2024-09-16T16:50:31.826Z"}
{"level":"info","message":"âŒ› Validating Clases/testeoClase1.wtest","timeElapsed":109,"timestamp":"2024-09-16T16:50:31.934Z"}
{"level":"info","message":"âŒ› Building environment","timeElapsed":110,"timestamp":"2024-09-16T16:50:32.048Z"}
{"level":"info","message":"âŒ› Validating Clases/testeoClase1.wtest","timeElapsed":112,"timestamp":"2024-09-16T16:50:32.160Z"}
{"level":"info","message":"âŒ› Validating Clases/testeoClase1.wtest","timeElapsed":107,"timestamp":"2024-09-16T16:50:36.497Z"}
{"level":"info","message":"âŒ› Validating Clases/testeoClase1.wtest","timeElapsed":109,"timestamp":"2024-09-16T16:50:36.862Z"}
{"level":"info","message":"âŒ› Validating Clases/testeoClase1.wtest","timeElapsed":103,"timestamp":"2024-09-16T16:50:37.564Z"}
{"level":"error","message":"âœ˜ Completions for node failed: Error: profePreferido [Variable]{aa175b} at Clases/testeoClase1.wtest:50 exhausted all cases without a match profePreferido [Variable]{aa175b} at Clases/testeoClase1.wtest:50 exhausted all cases without a match","stack":"Error: profePreferido [Variable]{aa175b} at Clases/testeoClase1.wtest:50 exhausted all cases without a match\n    at c:\\Users\\Jose\\.vscode\\extensions\\uqbar.wollok-lsp-ide-0.3.4\\node_modules\\wollok-ts\\dist\\extensions.js:85:11\n    at completionsForNode (c:\\Users\\Jose\\.vscode\\extensions\\uqbar.wollok-lsp-ide-0.3.4\\server\\out\\functionalities\\autocomplete\\node-completion.js:10:44)\n    at completeForParent (c:\\Users\\Jose\\.vscode\\extensions\\uqbar.wollok-lsp-ide-0.3.4\\server\\out\\functionalities\\autocomplete\\node-completion.js:56:43)\n    at completeReference (c:\\Users\\Jose\\.vscode\\extensions\\uqbar.wollok-lsp-ide-0.3.4\\server\\out\\functionalities\\autocomplete\\node-completion.js:64:135)\n    at c:\\Users\\Jose\\.vscode\\extensions\\uqbar.wollok-lsp-ide-0.3.4\\node_modules\\wollok-ts\\dist\\extensions.js:84:20\n    at completionsForNode (c:\\Users\\Jose\\.vscode\\extensions\\uqbar.wollok-lsp-ide-0.3.4\\server\\out\\functionalities\\autocomplete\\node-completion.js:10:44)\n    at c:\\Users\\Jose\\.vscode\\extensions\\uqbar.wollok-lsp-ide-0.3.4\\server\\out\\functionalities\\autocomplete\\autocomplete.js:26:154\n    at c:\\Users\\Jose\\.vscode\\extensions\\uqbar.wollok-lsp-ide-0.3.4\\server\\out\\server.js:198:20\n    at c:\\Users\\Jose\\.vscode\\extensions\\uqbar.wollok-lsp-ide-0.3.4\\server\\node_modules\\vscode-languageserver\\lib\\common\\server.js:593:20\n    at handleRequest (c:\\Users\\Jose\\.vscode\\extensions\\uqbar.wollok-lsp-ide-0.3.4\\server\\node_modules\\vscode-jsonrpc\\lib\\common\\connection.js:493:41)","timestamp":"2024-09-16T16:50:42.094Z"}
{"level":"info","message":"âŒ› Validating Clases/testeoClase1.wtest","timeElapsed":108,"timestamp":"2024-09-16T16:50:42.205Z"}
{"level":"info","message":"onRequest - completionItem/resolve","timestamp":"2024-09-16T16:50:42.206Z"}
{"level":"info","message":"onRequest - completionItem/resolve","timestamp":"2024-09-16T16:50:42.290Z"}
{"level":"info","message":"âŒ› Validating Clases/testeoClase1.wtest","timeElapsed":106,"timestamp":"2024-09-16T16:50:42.396Z"}
{"level":"info","message":"onRequest - completionItem/resolve","timestamp":"2024-09-16T16:50:42.472Z"}
{"level":"info","message":"âŒ› Validating Clases/testeoClase1.wtest","timeElapsed":106,"timestamp":"2024-09-16T16:50:42.579Z"}
{"level":"info","message":"âŒ› Validating Clases/testeoClase1.wtest","timeElapsed":102,"timestamp":"2024-09-16T16:50:42.773Z"}
{"level":"info","message":"âŒ› Validating Clases/testeoClase1.wtest","timeElapsed":106,"timestamp":"2024-09-16T16:50:47.822Z"}
{"level":"info","message":"âŒ› Validating Clases/testeoClase1.wtest","timeElapsed":109,"timestamp":"2024-09-16T16:50:48.003Z"}
{"level":"info","message":"âŒ› Validating Clases/testeoClase1.wtest","timeElapsed":106,"timestamp":"2024-09-16T16:50:48.185Z"}
{"level":"info","message":"âŒ› Validating Clases/testeoClase1.wtest","timeElapsed":108,"timestamp":"2024-09-16T16:50:48.380Z"}
{"level":"error","message":"âœ˜ Completions for node failed: Error: profePreferido [Variable]{70c95e} at Clases/testeoClase1.wtest:45 exhausted all cases without a match profePreferido [Variable]{70c95e} at Clases/testeoClase1.wtest:45 exhausted all cases without a match","stack":"Error: profePreferido [Variable]{70c95e} at Clases/testeoClase1.wtest:45 exhausted all cases without a match\n    at c:\\Users\\Jose\\.vscode\\extensions\\uqbar.wollok-lsp-ide-0.3.4\\node_modules\\wollok-ts\\dist\\extensions.js:85:11\n    at completionsForNode (c:\\Users\\Jose\\.vscode\\extensions\\uqbar.wollok-lsp-ide-0.3.4\\server\\out\\functionalities\\autocomplete\\node-completion.js:10:44)\n    at completeForParent (c:\\Users\\Jose\\.vscode\\extensions\\uqbar.wollok-lsp-ide-0.3.4\\server\\out\\functionalities\\autocomplete\\node-completion.js:56:43)\n    at completeReference (c:\\Users\\Jose\\.vscode\\extensions\\uqbar.wollok-lsp-ide-0.3.4\\server\\out\\functionalities\\autocomplete\\node-completion.js:64:135)\n    at c:\\Users\\Jose\\.vscode\\extensions\\uqbar.wollok-lsp-ide-0.3.4\\node_modules\\wollok-ts\\dist\\extensions.js:84:20\n    at completionsForNode (c:\\Users\\Jose\\.vscode\\extensions\\uqbar.wollok-lsp-ide-0.3.4\\server\\out\\functionalities\\autocomplete\\node-completion.js:10:44)\n    at c:\\Users\\Jose\\.vscode\\extensions\\uqbar.wollok-lsp-ide-0.3.4\\server\\out\\functionalities\\autocomplete\\autocomplete.js:26:154\n    at c:\\Users\\Jose\\.vscode\\extensions\\uqbar.wollok-lsp-ide-0.3.4\\server\\out\\server.js:198:20\n    at c:\\Users\\Jose\\.vscode\\extensions\\uqbar.wollok-lsp-ide-0.3.4\\server\\node_modules\\vscode-languageserver\\lib\\common\\server.js:593:20\n    at handleRequest (c:\\Users\\Jose\\.vscode\\extensions\\uqbar.wollok-lsp-ide-0.3.4\\server\\node_modules\\vscode-jsonrpc\\lib\\common\\connection.js:493:41)","timestamp":"2024-09-16T16:50:48.476Z"}
{"level":"info","message":"âŒ› Validating Clases/testeoClase1.wtest","timeElapsed":110,"timestamp":"2024-09-16T16:50:48.589Z"}
{"level":"info","message":"onRequest - completionItem/resolve","timestamp":"2024-09-16T16:50:48.589Z"}
{"level":"info","message":"onRequest - completionItem/resolve","timestamp":"2024-09-16T16:50:48.664Z"}
{"level":"info","message":"onRequest - completionItem/resolve","timestamp":"2024-09-16T16:50:48.834Z"}
{"level":"info","message":"onRequest - completionItem/resolve","timestamp":"2024-09-16T16:50:48.926Z"}
{"level":"info","message":"onRequest - completionItem/resolve","timestamp":"2024-09-16T16:50:49.180Z"}
{"level":"info","message":"âŒ› Validating Clases/testeoClase1.wtest","timeElapsed":118,"timestamp":"2024-09-16T16:50:49.298Z"}
{"level":"info","message":"âŒ› Validating Clases/testeoClase1.wtest","timeElapsed":101,"timestamp":"2024-09-16T16:50:52.301Z"}
{"level":"info","message":"âŒ› Validating Clases/testeoClase1.wtest","timeElapsed":104,"timestamp":"2024-09-16T16:50:54.134Z"}
{"level":"info","message":"âŒ› Validating Clases/testeoClase1.wtest","timeElapsed":106,"timestamp":"2024-09-16T16:50:54.319Z"}
{"level":"info","message":"âŒ› Validating Clases/testeoClase1.wtest","timeElapsed":108,"timestamp":"2024-09-16T16:50:54.513Z"}
{"level":"info","message":"âŒ› Validating Clases/testeoClase1.wtest","timeElapsed":105,"timestamp":"2024-09-16T16:50:54.692Z"}
{"level":"info","message":"âŒ› Validating Clases/testeoClase1.wtest","timeElapsed":107,"timestamp":"2024-09-16T16:50:54.948Z"}
{"level":"info","message":"âŒ› Validating Clases/testeoClase1.wtest","timeElapsed":107,"timestamp":"2024-09-16T16:50:55.055Z"}
{"level":"info","message":"âŒ› Validating Clases/testeoClase1.wtest","timeElapsed":102,"timestamp":"2024-09-16T16:50:55.509Z"}
{"level":"info","message":"âŒ› Validating Clases/testeoClase1.wtest","timeElapsed":102,"timestamp":"2024-09-16T16:50:55.611Z"}
{"level":"info","message":"âŒ› Validating Clases/testeoClase1.wtest","timeElapsed":104,"timestamp":"2024-09-16T16:50:57.123Z"}
{"level":"info","message":"âŒ› Validating Clases/testeoClase1.wtest","timeElapsed":104,"timestamp":"2024-09-16T16:50:57.304Z"}
{"level":"info","message":"âŒ› Validating Clases/testeoClase1.wtest","timeElapsed":102,"timestamp":"2024-09-16T16:50:57.482Z"}
{"level":"info","message":"âŒ› Validating Clases/testeoClase1.wtest","timeElapsed":108,"timestamp":"2024-09-16T16:50:57.717Z"}
{"level":"info","message":"âŒ› Validating Clases/testeoClase1.wtest","timeElapsed":106,"timestamp":"2024-09-16T16:50:58.541Z"}
{"level":"info","message":"âŒ› Building environment","timeElapsed":124,"timestamp":"2024-09-16T16:50:58.666Z"}
{"level":"info","message":"âŒ› Validating Clases/testeoClase1.wtest","timeElapsed":104,"timestamp":"2024-09-16T16:50:58.950Z"}
{"level":"info","message":"âŒ› Validating Clases/testeoClase1.wtest","timeElapsed":104,"timestamp":"2024-09-16T16:51:00.077Z"}
{"level":"info","message":"âŒ› Validating Clases/testeoClase1.wtest","timeElapsed":106,"timestamp":"2024-09-16T16:51:06.751Z"}
{"level":"info","message":"âŒ› Validating Clases/testeoClase1.wtest","timeElapsed":104,"timestamp":"2024-09-16T16:51:07.001Z"}
{"level":"info","message":"âŒ› Validating Clases/testeoClase1.wtest","timeElapsed":102,"timestamp":"2024-09-16T16:51:07.104Z"}
{"level":"info","message":"âŒ› Validating Clases/testeoClase1.wtest","timeElapsed":120,"timestamp":"2024-09-16T16:51:07.472Z"}
{"level":"info","message":"âŒ› Validating Clases/testeoClase1.wtest","timeElapsed":103,"timestamp":"2024-09-16T16:51:07.656Z"}
{"level":"info","message":"âŒ› Validating Clases/testeoClase1.wtest","timeElapsed":121,"timestamp":"2024-09-16T16:51:15.269Z"}
{"level":"info","message":"âŒ› Validating Clases/testeoClase1.wtest","timeElapsed":106,"timestamp":"2024-09-16T16:51:18.377Z"}
{"level":"info","message":"âŒ› Validating Clases/testeoClase1.wtest","timeElapsed":105,"timestamp":"2024-09-16T16:51:18.565Z"}
{"level":"info","message":"âŒ› Validating Clases/testeoClase1.wtest","timeElapsed":103,"timestamp":"2024-09-16T16:51:18.744Z"}
{"level":"info","message":"âŒ› Validating Clases/testeoClase1.wtest","timeElapsed":119,"timestamp":"2024-09-16T16:52:07.001Z"}
{"level":"info","message":"onRequest - completionItem/resolve","timestamp":"2024-09-16T16:52:07.006Z"}
{"level":"info","message":"âŒ› Building environment","timeElapsed":107,"timestamp":"2024-09-16T16:52:07.114Z"}
{"level":"info","message":"âŒ› Validating Clases/testeoClase1.wtest","timeElapsed":119,"timestamp":"2024-09-16T16:52:07.234Z"}
{"level":"info","message":"âŒ› Validating Clases/testeoClase1.wtest","timeElapsed":105,"timestamp":"2024-09-16T16:52:07.542Z"}
{"level":"info","message":"onRequest - completionItem/resolve","timestamp":"2024-09-16T16:52:07.545Z"}
{"level":"info","message":"âŒ› Validating Clases/testeoClase1.wtest","timeElapsed":118,"timestamp":"2024-09-16T16:52:09.145Z"}
{"level":"info","message":"onRequest - completionItem/resolve","timestamp":"2024-09-16T16:52:09.145Z"}
{"level":"info","message":"âŒ› Validating Clases/testeoClase1.wtest","timeElapsed":108,"timestamp":"2024-09-16T16:52:09.355Z"}
{"level":"info","message":"âŒ› Building environment","timeElapsed":106,"timestamp":"2024-09-16T16:52:09.569Z"}
{"level":"info","message":"âŒ› Validating Clases/testeoClase1.wtest","timeElapsed":109,"timestamp":"2024-09-16T16:52:09.684Z"}
{"level":"info","message":"âŒ› Validating Clases/testeoClase1.wtest","timeElapsed":108,"timestamp":"2024-09-16T16:52:09.870Z"}
{"level":"info","message":"âŒ› Validating Clases/testeoClase1.wtest","timeElapsed":116,"timestamp":"2024-09-16T16:52:10.004Z"}
{"level":"info","message":"âŒ› Validating Clases/testeoClase1.wtest","timeElapsed":147,"timestamp":"2024-09-16T16:52:10.372Z"}
{"level":"info","message":"onRequest - completionItem/resolve","timestamp":"2024-09-16T16:52:10.372Z"}
{"level":"info","message":"onRequest - completionItem/resolve","timestamp":"2024-09-16T16:52:12.081Z"}
{"level":"info","message":"âŒ› Validating Clases/testeoClase1.wtest","timeElapsed":120,"timestamp":"2024-09-16T16:52:12.203Z"}
{"level":"info","message":"onRequest - completionItem/resolve","timestamp":"2024-09-16T16:52:12.782Z"}
{"level":"info","message":"âŒ› Validating Clases/testeoClase1.wtest","timeElapsed":109,"timestamp":"2024-09-16T16:52:12.892Z"}
{"level":"info","message":"âŒ› Validating Clases/testeoClase1.wtest","timeElapsed":101,"timestamp":"2024-09-16T16:52:13.073Z"}
{"level":"info","message":"âŒ› Validating Clases/testeoClase1.wtest","timeElapsed":102,"timestamp":"2024-09-16T16:52:15.073Z"}
{"level":"info","message":"âŒ› Validating Clases/testeoClase1.wtest","timeElapsed":103,"timestamp":"2024-09-16T16:52:22.095Z"}
{"level":"info","message":"onRequest - completionItem/resolve","timestamp":"2024-09-16T16:52:31.970Z"}
{"level":"info","message":"âŒ› Validating Clases/testeoClase1.wtest","timeElapsed":171,"timestamp":"2024-09-16T16:52:33.499Z"}
{"level":"info","message":"onRequest - completionItem/resolve","timestamp":"2024-09-16T16:52:33.500Z"}
{"level":"info","message":"onRequest - completionItem/resolve","timestamp":"2024-09-16T16:52:33.574Z"}
{"level":"info","message":"âŒ› Validating Clases/testeoClase1.wtest","timeElapsed":104,"timestamp":"2024-09-16T16:52:33.679Z"}
{"level":"info","message":"onRequest - completionItem/resolve","timestamp":"2024-09-16T16:52:33.760Z"}
{"level":"info","message":"âŒ› Building environment","timeElapsed":115,"timestamp":"2024-09-16T16:52:33.875Z"}
{"level":"info","message":"onRequest - completionItem/resolve","timestamp":"2024-09-16T16:52:33.876Z"}
{"level":"info","message":"âŒ› Validating Clases/testeoClase1.wtest","timeElapsed":106,"timestamp":"2024-09-16T16:52:33.982Z"}
{"level":"info","message":"onRequest - completionItem/resolve","timestamp":"2024-09-16T16:52:34.059Z"}
{"level":"info","message":"âŒ› Validating Clases/testeoClase1.wtest","timeElapsed":108,"timestamp":"2024-09-16T16:52:34.167Z"}
{"level":"info","message":"onRequest - completionItem/resolve","timestamp":"2024-09-16T16:52:34.332Z"}
{"level":"info","message":"âŒ› Validating Clases/testeoClase1.wtest","timeElapsed":111,"timestamp":"2024-09-16T16:52:34.758Z"}
{"level":"error","message":"âœ˜ Completions for node failed: Error: [Send]{3d3bbf} at Clases/testeoClase1.wtest:45 exhausted all cases without a match [Send]{3d3bbf} at Clases/testeoClase1.wtest:45 exhausted all cases without a match","stack":"Error: [Send]{3d3bbf} at Clases/testeoClase1.wtest:45 exhausted all cases without a match\n    at c:\\Users\\Jose\\.vscode\\extensions\\uqbar.wollok-lsp-ide-0.3.4\\node_modules\\wollok-ts\\dist\\extensions.js:85:11\n    at completionsForNode (c:\\Users\\Jose\\.vscode\\extensions\\uqbar.wollok-lsp-ide-0.3.4\\server\\out\\functionalities\\autocomplete\\node-completion.js:10:44)\n    at completeForParent (c:\\Users\\Jose\\.vscode\\extensions\\uqbar.wollok-lsp-ide-0.3.4\\server\\out\\functionalities\\autocomplete\\node-completion.js:56:43)\n    at completeReference (c:\\Users\\Jose\\.vscode\\extensions\\uqbar.wollok-lsp-ide-0.3.4\\server\\out\\functionalities\\autocomplete\\node-completion.js:64:135)\n    at c:\\Users\\Jose\\.vscode\\extensions\\uqbar.wollok-lsp-ide-0.3.4\\node_modules\\wollok-ts\\dist\\extensions.js:84:20\n    at completionsForNode (c:\\Users\\Jose\\.vscode\\extensions\\uqbar.wollok-lsp-ide-0.3.4\\server\\out\\functionalities\\autocomplete\\node-completion.js:10:44)\n    at c:\\Users\\Jose\\.vscode\\extensions\\uqbar.wollok-lsp-ide-0.3.4\\server\\out\\functionalities\\autocomplete\\autocomplete.js:26:154\n    at c:\\Users\\Jose\\.vscode\\extensions\\uqbar.wollok-lsp-ide-0.3.4\\server\\out\\server.js:198:20\n    at c:\\Users\\Jose\\.vscode\\extensions\\uqbar.wollok-lsp-ide-0.3.4\\server\\node_modules\\vscode-languageserver\\lib\\common\\server.js:593:20\n    at handleRequest (c:\\Users\\Jose\\.vscode\\extensions\\uqbar.wollok-lsp-ide-0.3.4\\server\\node_modules\\vscode-jsonrpc\\lib\\common\\connection.js:493:41)","timestamp":"2024-09-16T16:52:37.299Z"}
{"level":"info","message":"onRequest - completionItem/resolve","timestamp":"2024-09-16T16:52:37.402Z"}
{"level":"info","message":"onRequest - completionItem/resolve","timestamp":"2024-09-16T16:52:37.473Z"}
{"level":"info","message":"onRequest - completionItem/resolve","timestamp":"2024-09-16T16:52:37.638Z"}
{"level":"info","message":"onRequest - completionItem/resolve","timestamp":"2024-09-16T16:52:37.707Z"}
{"level":"info","message":"onRequest - completionItem/resolve","timestamp":"2024-09-16T16:52:37.965Z"}
{"level":"info","message":"âŒ› Validating Clases/testeoClase1.wtest","timeElapsed":101,"timestamp":"2024-09-16T16:52:45.566Z"}
{"level":"error","message":"âœ˜ Completions for node failed: Error: [Send]{2da22e} at Clases/testeoClase1.wtest:50 exhausted all cases without a match [Send]{2da22e} at Clases/testeoClase1.wtest:50 exhausted all cases without a match","stack":"Error: [Send]{2da22e} at Clases/testeoClase1.wtest:50 exhausted all cases without a match\n    at c:\\Users\\Jose\\.vscode\\extensions\\uqbar.wollok-lsp-ide-0.3.4\\node_modules\\wollok-ts\\dist\\extensions.js:85:11\n    at completionsForNode (c:\\Users\\Jose\\.vscode\\extensions\\uqbar.wollok-lsp-ide-0.3.4\\server\\out\\functionalities\\autocomplete\\node-completion.js:10:44)\n    at completeForParent (c:\\Users\\Jose\\.vscode\\extensions\\uqbar.wollok-lsp-ide-0.3.4\\server\\out\\functionalities\\autocomplete\\node-completion.js:56:43)\n    at completeReference (c:\\Users\\Jose\\.vscode\\extensions\\uqbar.wollok-lsp-ide-0.3.4\\server\\out\\functionalities\\autocomplete\\node-completion.js:64:135)\n    at c:\\Users\\Jose\\.vscode\\extensions\\uqbar.wollok-lsp-ide-0.3.4\\node_modules\\wollok-ts\\dist\\extensions.js:84:20\n    at completionsForNode (c:\\Users\\Jose\\.vscode\\extensions\\uqbar.wollok-lsp-ide-0.3.4\\server\\out\\functionalities\\autocomplete\\node-completion.js:10:44)\n    at c:\\Users\\Jose\\.vscode\\extensions\\uqbar.wollok-lsp-ide-0.3.4\\server\\out\\functionalities\\autocomplete\\autocomplete.js:26:154\n    at c:\\Users\\Jose\\.vscode\\extensions\\uqbar.wollok-lsp-ide-0.3.4\\server\\out\\server.js:198:20\n    at c:\\Users\\Jose\\.vscode\\extensions\\uqbar.wollok-lsp-ide-0.3.4\\server\\node_modules\\vscode-languageserver\\lib\\common\\server.js:593:20\n    at handleRequest (c:\\Users\\Jose\\.vscode\\extensions\\uqbar.wollok-lsp-ide-0.3.4\\server\\node_modules\\vscode-jsonrpc\\lib\\common\\connection.js:493:41)","timestamp":"2024-09-16T16:52:50.096Z"}
{"level":"info","message":"âŒ› Validating Clases/testeoClase1.wtest","timeElapsed":105,"timestamp":"2024-09-16T16:52:50.203Z"}
{"level":"info","message":"onRequest - completionItem/resolve","timestamp":"2024-09-16T16:52:50.281Z"}
{"level":"info","message":"onRequest - completionItem/resolve","timestamp":"2024-09-16T16:52:50.363Z"}
{"level":"info","message":"âŒ› Validating Clases/testeoClase1.wtest","timeElapsed":103,"timestamp":"2024-09-16T16:52:50.466Z"}
{"level":"info","message":"onRequest - completionItem/resolve","timestamp":"2024-09-16T16:52:50.543Z"}
{"level":"info","message":"âŒ› Validating Clases/testeoClase1.wtest","timeElapsed":104,"timestamp":"2024-09-16T16:52:50.747Z"}
{"level":"info","message":"âŒ› Building environment","timeElapsed":114,"timestamp":"2024-09-16T16:52:56.279Z"}
{"level":"error","message":"âœ˜ Completions for node failed: Error: [Send]{cf37b4} at Clases/testeoClase1.wtest:51 exhausted all cases without a match [Send]{cf37b4} at Clases/testeoClase1.wtest:51 exhausted all cases without a match","stack":"Error: [Send]{cf37b4} at Clases/testeoClase1.wtest:51 exhausted all cases without a match\n    at c:\\Users\\Jose\\.vscode\\extensions\\uqbar.wollok-lsp-ide-0.3.4\\node_modules\\wollok-ts\\dist\\extensions.js:85:11\n    at completionsForNode (c:\\Users\\Jose\\.vscode\\extensions\\uqbar.wollok-lsp-ide-0.3.4\\server\\out\\functionalities\\autocomplete\\node-completion.js:10:44)\n    at completeForParent (c:\\Users\\Jose\\.vscode\\extensions\\uqbar.wollok-lsp-ide-0.3.4\\server\\out\\functionalities\\autocomplete\\node-completion.js:56:43)\n    at completeReference (c:\\Users\\Jose\\.vscode\\extensions\\uqbar.wollok-lsp-ide-0.3.4\\server\\out\\functionalities\\autocomplete\\node-completion.js:64:135)\n    at c:\\Users\\Jose\\.vscode\\extensions\\uqbar.wollok-lsp-ide-0.3.4\\node_modules\\wollok-ts\\dist\\extensions.js:84:20\n    at completionsForNode (c:\\Users\\Jose\\.vscode\\extensions\\uqbar.wollok-lsp-ide-0.3.4\\server\\out\\functionalities\\autocomplete\\node-completion.js:10:44)\n    at c:\\Users\\Jose\\.vscode\\extensions\\uqbar.wollok-lsp-ide-0.3.4\\server\\out\\functionalities\\autocomplete\\autocomplete.js:26:154\n    at c:\\Users\\Jose\\.vscode\\extensions\\uqbar.wollok-lsp-ide-0.3.4\\server\\out\\server.js:198:20\n    at c:\\Users\\Jose\\.vscode\\extensions\\uqbar.wollok-lsp-ide-0.3.4\\server\\node_modules\\vscode-languageserver\\lib\\common\\server.js:593:20\n    at handleRequest (c:\\Users\\Jose\\.vscode\\extensions\\uqbar.wollok-lsp-ide-0.3.4\\server\\node_modules\\vscode-jsonrpc\\lib\\common\\connection.js:493:41)","timestamp":"2024-09-16T16:52:56.300Z"}
{"level":"error","message":"âœ˜ Completions for node failed: Error: [Send]{6fd0dd} at Clases/testeoClase1.wtest:51 exhausted all cases without a match [Send]{6fd0dd} at Clases/testeoClase1.wtest:51 exhausted all cases without a match","stack":"Error: [Send]{6fd0dd} at Clases/testeoClase1.wtest:51 exhausted all cases without a match\n    at c:\\Users\\Jose\\.vscode\\extensions\\uqbar.wollok-lsp-ide-0.3.4\\node_modules\\wollok-ts\\dist\\extensions.js:85:11\n    at completionsForNode (c:\\Users\\Jose\\.vscode\\extensions\\uqbar.wollok-lsp-ide-0.3.4\\server\\out\\functionalities\\autocomplete\\node-completion.js:10:44)\n    at completeForParent (c:\\Users\\Jose\\.vscode\\extensions\\uqbar.wollok-lsp-ide-0.3.4\\server\\out\\functionalities\\autocomplete\\node-completion.js:56:43)\n    at completionsForNode (c:\\Users\\Jose\\.vscode\\extensions\\uqbar.wollok-lsp-ide-0.3.4\\server\\out\\functionalities\\autocomplete\\node-completion.js:14:46)\n    at completeForParent (c:\\Users\\Jose\\.vscode\\extensions\\uqbar.wollok-lsp-ide-0.3.4\\server\\out\\functionalities\\autocomplete\\node-completion.js:56:43)\n    at completeReference (c:\\Users\\Jose\\.vscode\\extensions\\uqbar.wollok-lsp-ide-0.3.4\\server\\out\\functionalities\\autocomplete\\node-completion.js:64:135)\n    at c:\\Users\\Jose\\.vscode\\extensions\\uqbar.wollok-lsp-ide-0.3.4\\node_modules\\wollok-ts\\dist\\extensions.js:84:20\n    at completionsForNode (c:\\Users\\Jose\\.vscode\\extensions\\uqbar.wollok-lsp-ide-0.3.4\\server\\out\\functionalities\\autocomplete\\node-completion.js:10:44)\n    at c:\\Users\\Jose\\.vscode\\extensions\\uqbar.wollok-lsp-ide-0.3.4\\server\\out\\functionalities\\autocomplete\\autocomplete.js:26:154\n    at c:\\Users\\Jose\\.vscode\\extensions\\uqbar.wollok-lsp-ide-0.3.4\\server\\out\\server.js:198:20","timestamp":"2024-09-16T16:52:56.300Z"}
{"level":"info","message":"âŒ› Validating Clases/testeoClase1.wtest","timeElapsed":107,"timestamp":"2024-09-16T16:52:56.409Z"}
{"level":"info","message":"onRequest - completionItem/resolve","timestamp":"2024-09-16T16:52:56.409Z"}
{"level":"info","message":"onRequest - completionItem/resolve","timestamp":"2024-09-16T16:52:56.486Z"}
{"level":"info","message":"âŒ› Validating Clases/testeoClase1.wtest","timeElapsed":107,"timestamp":"2024-09-16T16:52:56.593Z"}
{"level":"info","message":"âŒ› Building environment","timeElapsed":121,"timestamp":"2024-09-16T16:52:56.741Z"}
{"level":"info","message":"onRequest - completionItem/resolve","timestamp":"2024-09-16T16:52:56.741Z"}
{"level":"info","message":"onRequest - completionItem/resolve","timestamp":"2024-09-16T16:52:56.823Z"}
{"level":"info","message":"onRequest - completionItem/resolve","timestamp":"2024-09-16T16:52:56.897Z"}
{"level":"info","message":"âŒ› Validating Clases/testeoClase1.wtest","timeElapsed":116,"timestamp":"2024-09-16T16:52:57.013Z"}
{"level":"info","message":"âŒ› Validating Clases/testeoClase1.wtest","timeElapsed":106,"timestamp":"2024-09-16T16:52:57.119Z"}
{"level":"info","message":"âŒ› Validating Clases/testeoClase1.wtest","timeElapsed":105,"timestamp":"2024-09-16T16:52:57.224Z"}
{"level":"error","message":"âœ˜ Completions for node failed: Error: [Send]{41f500} at Clases/testeoClase1.wtest:46 exhausted all cases without a match [Send]{41f500} at Clases/testeoClase1.wtest:46 exhausted all cases without a match","stack":"Error: [Send]{41f500} at Clases/testeoClase1.wtest:46 exhausted all cases without a match\n    at c:\\Users\\Jose\\.vscode\\extensions\\uqbar.wollok-lsp-ide-0.3.4\\node_modules\\wollok-ts\\dist\\extensions.js:85:11\n    at completionsForNode (c:\\Users\\Jose\\.vscode\\extensions\\uqbar.wollok-lsp-ide-0.3.4\\server\\out\\functionalities\\autocomplete\\node-completion.js:10:44)\n    at completeForParent (c:\\Users\\Jose\\.vscode\\extensions\\uqbar.wollok-lsp-ide-0.3.4\\server\\out\\functionalities\\autocomplete\\node-completion.js:56:43)\n    at completeReference (c:\\Users\\Jose\\.vscode\\extensions\\uqbar.wollok-lsp-ide-0.3.4\\server\\out\\functionalities\\autocomplete\\node-completion.js:64:135)\n    at c:\\Users\\Jose\\.vscode\\extensions\\uqbar.wollok-lsp-ide-0.3.4\\node_modules\\wollok-ts\\dist\\extensions.js:84:20\n    at completionsForNode (c:\\Users\\Jose\\.vscode\\extensions\\uqbar.wollok-lsp-ide-0.3.4\\server\\out\\functionalities\\autocomplete\\node-completion.js:10:44)\n    at c:\\Users\\Jose\\.vscode\\extensions\\uqbar.wollok-lsp-ide-0.3.4\\server\\out\\functionalities\\autocomplete\\autocomplete.js:26:154\n    at c:\\Users\\Jose\\.vscode\\extensions\\uqbar.wollok-lsp-ide-0.3.4\\server\\out\\server.js:198:20\n    at c:\\Users\\Jose\\.vscode\\extensions\\uqbar.wollok-lsp-ide-0.3.4\\server\\node_modules\\vscode-languageserver\\lib\\common\\server.js:593:20\n    at handleRequest (c:\\Users\\Jose\\.vscode\\extensions\\uqbar.wollok-lsp-ide-0.3.4\\server\\node_modules\\vscode-jsonrpc\\lib\\common\\connection.js:493:41)","timestamp":"2024-09-16T16:52:58.929Z"}
{"level":"error","message":"âœ˜ Completions for node failed: Error: [Send]{8928c6} at Clases/testeoClase1.wtest:46 exhausted all cases without a match [Send]{8928c6} at Clases/testeoClase1.wtest:46 exhausted all cases without a match","stack":"Error: [Send]{8928c6} at Clases/testeoClase1.wtest:46 exhausted all cases without a match\n    at c:\\Users\\Jose\\.vscode\\extensions\\uqbar.wollok-lsp-ide-0.3.4\\node_modules\\wollok-ts\\dist\\extensions.js:85:11\n    at completionsForNode (c:\\Users\\Jose\\.vscode\\extensions\\uqbar.wollok-lsp-ide-0.3.4\\server\\out\\functionalities\\autocomplete\\node-completion.js:10:44)\n    at completeForParent (c:\\Users\\Jose\\.vscode\\extensions\\uqbar.wollok-lsp-ide-0.3.4\\server\\out\\functionalities\\autocomplete\\node-completion.js:56:43)\n    at completionsForNode (c:\\Users\\Jose\\.vscode\\extensions\\uqbar.wollok-lsp-ide-0.3.4\\server\\out\\functionalities\\autocomplete\\node-completion.js:14:46)\n    at completeForParent (c:\\Users\\Jose\\.vscode\\extensions\\uqbar.wollok-lsp-ide-0.3.4\\server\\out\\functionalities\\autocomplete\\node-completion.js:56:43)\n    at completeReference (c:\\Users\\Jose\\.vscode\\extensions\\uqbar.wollok-lsp-ide-0.3.4\\server\\out\\functionalities\\autocomplete\\node-completion.js:64:135)\n    at c:\\Users\\Jose\\.vscode\\extensions\\uqbar.wollok-lsp-ide-0.3.4\\node_modules\\wollok-ts\\dist\\extensions.js:84:20\n    at completionsForNode (c:\\Users\\Jose\\.vscode\\extensions\\uqbar.wollok-lsp-ide-0.3.4\\server\\out\\functionalities\\autocomplete\\node-completion.js:10:44)\n    at c:\\Users\\Jose\\.vscode\\extensions\\uqbar.wollok-lsp-ide-0.3.4\\server\\out\\functionalities\\autocomplete\\autocomplete.js:26:154\n    at c:\\Users\\Jose\\.vscode\\extensions\\uqbar.wollok-lsp-ide-0.3.4\\server\\out\\server.js:198:20","timestamp":"2024-09-16T16:52:58.930Z"}
{"level":"info","message":"âŒ› Validating Clases/testeoClase1.wtest","timeElapsed":103,"timestamp":"2024-09-16T16:52:59.034Z"}
{"level":"info","message":"onRequest - completionItem/resolve","timestamp":"2024-09-16T16:52:59.034Z"}
{"level":"info","message":"âŒ› Validating Clases/testeoClase1.wtest","timeElapsed":108,"timestamp":"2024-09-16T16:52:59.245Z"}
{"level":"info","message":"âŒ› Validating Clases/testeoClase1.wtest","timeElapsed":103,"timestamp":"2024-09-16T16:53:13.064Z"}
{"failures":[],"level":"info","message":"ðŸ§ª Test runner executed on e:\\UTN17\\Paradigmas\\OBJETOS\\Clases-Paradigmas-Objetos-","result":{"failed":0,"ok":1},"timeElapsed":386,"timestamp":"2024-09-16T16:53:31.909Z"}
{"failures":[],"level":"info","message":"ðŸ§ª Test runner executed on e:\\UTN17\\Paradigmas\\OBJETOS\\Clases-Paradigmas-Objetos-","result":{"failed":0,"ok":1},"timeElapsed":345,"timestamp":"2024-09-16T16:53:35.429Z"}
{"level":"info","message":"âŒ› Building environment","timeElapsed":101,"timestamp":"2024-09-16T16:53:39.433Z"}
{"level":"info","message":"âŒ› Validating Clases/testeoClase1.wtest","timeElapsed":117,"timestamp":"2024-09-16T16:53:39.552Z"}
{"level":"info","message":"âŒ› Building environment","timeElapsed":106,"timestamp":"2024-09-16T16:53:39.661Z"}
{"level":"info","message":"âŒ› Validating Clases/testeoClase1.wtest","timeElapsed":112,"timestamp":"2024-09-16T16:53:39.774Z"}
{"failures":[],"level":"info","message":"ðŸ§ª Test runner executed on e:\\UTN17\\Paradigmas\\OBJETOS\\Clases-Paradigmas-Objetos-","result":{"failed":0,"ok":1},"timeElapsed":347,"timestamp":"2024-09-16T16:53:49.591Z"}
{"level":"info","message":"âŒ› Validating Clases/clase1.wlk","timeElapsed":106,"timestamp":"2024-09-16T16:54:08.150Z"}
{"level":"info","message":"âŒ› Building environment","timeElapsed":101,"timestamp":"2024-09-16T16:54:12.634Z"}
{"level":"info","message":"âŒ› Validating Clases/clase1.wlk","timeElapsed":119,"timestamp":"2024-09-16T16:54:12.754Z"}
{"level":"info","message":"âŒ› Building environment","timeElapsed":175,"timestamp":"2024-09-16T16:55:41.458Z"}
{"level":"info","message":"âŒ› Validating Clases/clase1.wlk","timeElapsed":151,"timestamp":"2024-09-16T16:55:41.611Z"}
{"level":"info","message":"âŒ› Validating Clases/testeoClase1.wtest","timeElapsed":133,"timestamp":"2024-09-16T16:55:41.746Z"}
